2023-03-10 17:05:00,583 DEBUG    root            Loaded Command Group: ['gcloud', 'components']
2023-03-10 17:05:00,596 DEBUG    root            Loaded Command Group: ['gcloud', 'components', 'list']
2023-03-10 17:05:00,617 DEBUG    root            Running [gcloud.components.list] with arguments: [--format: "json", --quiet: "True", --verbosity: "warning"]
2023-03-10 17:05:00,682 DEBUG    urllib3.connectionpool Starting new HTTPS connection (1): dl.google.com:443
2023-03-10 17:05:00,940 DEBUG    urllib3.connectionpool https://dl.google.com:443 "GET /dl/cloudsdk/channels/rapid/components-2.json HTTP/1.1" 200 206156
2023-03-10 17:05:01,084 INFO     ___FILE_ONLY___ 
Your current Google Cloud CLI version is: 421.0.0

2023-03-10 17:05:01,084 INFO     ___FILE_ONLY___ The latest available version is: 421.0.0

2023-03-10 17:05:01,117 INFO     ___FILE_ONLY___ 

2023-03-10 17:05:01,147 DEBUG    root            Chosen display Format:table[box,title="Components"](state.name:label=Status,name:label=Name,id:label=ID,size.size(zero="",min=1048576):label=Size:align=right) json
2023-03-10 17:05:01,185 INFO     root            Display format: "table[box,title="Components"](state.name:label=Status,name:label=Name,id:label=ID,size.size(zero="",min=1048576):label=Size:align=right) json"
2023-03-10 17:05:01,216 INFO     ___FILE_ONLY___ [
  {
2023-03-10 17:05:01,217 INFO     ___FILE_ONLY___ 
    "current_version_string": null,
2023-03-10 17:05:01,218 INFO     ___FILE_ONLY___ 
    "id": "app-engine-go",
2023-03-10 17:05:01,218 INFO     ___FILE_ONLY___ 
    "is_configuration": false,
2023-03-10 17:05:01,218 INFO     ___FILE_ONLY___ 
    "is_hidden": false,
2023-03-10 17:05:01,219 INFO     ___FILE_ONLY___ 
    "latest_version_string": "1.9.72",
2023-03-10 17:05:01,219 INFO     ___FILE_ONLY___ 
    "name": "App Engine Go Extensions",
2023-03-10 17:05:01,219 INFO     ___FILE_ONLY___ 
    "platform": {
2023-03-10 17:05:01,219 INFO     ___FILE_ONLY___ 
      "architecture": {
2023-03-10 17:05:01,219 INFO     ___FILE_ONLY___ 
        "file_name": "x86_64",
2023-03-10 17:05:01,219 INFO     ___FILE_ONLY___ 
        "id": "x86_64",
2023-03-10 17:05:01,229 INFO     ___FILE_ONLY___ 
        "name": "x86_64"
2023-03-10 17:05:01,230 INFO     ___FILE_ONLY___ 
      },
2023-03-10 17:05:01,230 INFO     ___FILE_ONLY___ 
      "operating_system": {
2023-03-10 17:05:01,230 INFO     ___FILE_ONLY___ 
        "file_name": "darwin",
2023-03-10 17:05:01,230 INFO     ___FILE_ONLY___ 
        "id": "MACOSX",
2023-03-10 17:05:01,230 INFO     ___FILE_ONLY___ 
        "name": "Mac OS X"
2023-03-10 17:05:01,230 INFO     ___FILE_ONLY___ 
      }
2023-03-10 17:05:01,230 INFO     ___FILE_ONLY___ 
    },
2023-03-10 17:05:01,231 INFO     ___FILE_ONLY___ 
    "platform_required": false,
2023-03-10 17:05:01,231 INFO     ___FILE_ONLY___ 
    "size": 4320254,
2023-03-10 17:05:01,231 INFO     ___FILE_ONLY___ 
    "state": {
2023-03-10 17:05:01,231 INFO     ___FILE_ONLY___ 
      "name": "Not Installed"
2023-03-10 17:05:01,231 INFO     ___FILE_ONLY___ 
    }
2023-03-10 17:05:01,231 INFO     ___FILE_ONLY___ 
  }
2023-03-10 17:05:01,233 INFO     ___FILE_ONLY___ ,
  {
2023-03-10 17:05:01,233 INFO     ___FILE_ONLY___ 
    "current_version_string": null,
2023-03-10 17:05:01,233 INFO     ___FILE_ONLY___ 
    "id": "appctl",
2023-03-10 17:05:01,233 INFO     ___FILE_ONLY___ 
    "is_configuration": false,
2023-03-10 17:05:01,233 INFO     ___FILE_ONLY___ 
    "is_hidden": false,
2023-03-10 17:05:01,234 INFO     ___FILE_ONLY___ 
    "latest_version_string": "0.1.12",
2023-03-10 17:05:01,234 INFO     ___FILE_ONLY___ 
    "name": "Appctl",
2023-03-10 17:05:01,234 INFO     ___FILE_ONLY___ 
    "platform": {
2023-03-10 17:05:01,235 INFO     ___FILE_ONLY___ 
      "architecture": {
2023-03-10 17:05:01,235 INFO     ___FILE_ONLY___ 
        "file_name": "x86_64",
2023-03-10 17:05:01,235 INFO     ___FILE_ONLY___ 
        "id": "x86_64",
2023-03-10 17:05:01,236 INFO     ___FILE_ONLY___ 
        "name": "x86_64"
2023-03-10 17:05:01,236 INFO     ___FILE_ONLY___ 
      },
2023-03-10 17:05:01,236 INFO     ___FILE_ONLY___ 
      "operating_system": {
2023-03-10 17:05:01,237 INFO     ___FILE_ONLY___ 
        "file_name": "darwin",
2023-03-10 17:05:01,237 INFO     ___FILE_ONLY___ 
        "id": "MACOSX",
2023-03-10 17:05:01,237 INFO     ___FILE_ONLY___ 
        "name": "Mac OS X"
2023-03-10 17:05:01,237 INFO     ___FILE_ONLY___ 
      }
2023-03-10 17:05:01,237 INFO     ___FILE_ONLY___ 
    },
2023-03-10 17:05:01,237 INFO     ___FILE_ONLY___ 
    "platform_required": false,
2023-03-10 17:05:01,237 INFO     ___FILE_ONLY___ 
    "size": 19381598,
2023-03-10 17:05:01,237 INFO     ___FILE_ONLY___ 
    "state": {
2023-03-10 17:05:01,238 INFO     ___FILE_ONLY___ 
      "name": "Not Installed"
2023-03-10 17:05:01,238 INFO     ___FILE_ONLY___ 
    }
2023-03-10 17:05:01,238 INFO     ___FILE_ONLY___ 
  }
2023-03-10 17:05:01,239 INFO     ___FILE_ONLY___ ,
  {
2023-03-10 17:05:01,239 INFO     ___FILE_ONLY___ 
    "current_version_string": null,
2023-03-10 17:05:01,239 INFO     ___FILE_ONLY___ 
    "id": "package-go-module",
2023-03-10 17:05:01,239 INFO     ___FILE_ONLY___ 
    "is_configuration": false,
2023-03-10 17:05:01,239 INFO     ___FILE_ONLY___ 
    "is_hidden": false,
2023-03-10 17:05:01,240 INFO     ___FILE_ONLY___ 
    "latest_version_string": "0.3.0",
2023-03-10 17:05:01,240 INFO     ___FILE_ONLY___ 
    "name": "Artifact Registry Go Module Package Helper",
2023-03-10 17:05:01,240 INFO     ___FILE_ONLY___ 
    "platform": {
2023-03-10 17:05:01,240 INFO     ___FILE_ONLY___ 
      "architecture": {
2023-03-10 17:05:01,240 INFO     ___FILE_ONLY___ 
        "file_name": "x86_64",
2023-03-10 17:05:01,240 INFO     ___FILE_ONLY___ 
        "id": "x86_64",
2023-03-10 17:05:01,240 INFO     ___FILE_ONLY___ 
        "name": "x86_64"
2023-03-10 17:05:01,240 INFO     ___FILE_ONLY___ 
      },
2023-03-10 17:05:01,241 INFO     ___FILE_ONLY___ 
      "operating_system": {
2023-03-10 17:05:01,241 INFO     ___FILE_ONLY___ 
        "file_name": "darwin",
2023-03-10 17:05:01,241 INFO     ___FILE_ONLY___ 
        "id": "MACOSX",
2023-03-10 17:05:01,241 INFO     ___FILE_ONLY___ 
        "name": "Mac OS X"
2023-03-10 17:05:01,241 INFO     ___FILE_ONLY___ 
      }
2023-03-10 17:05:01,242 INFO     ___FILE_ONLY___ 
    },
2023-03-10 17:05:01,242 INFO     ___FILE_ONLY___ 
    "platform_required": false,
2023-03-10 17:05:01,242 INFO     ___FILE_ONLY___ 
    "size": 840902,
2023-03-10 17:05:01,242 INFO     ___FILE_ONLY___ 
    "state": {
2023-03-10 17:05:01,242 INFO     ___FILE_ONLY___ 
      "name": "Not Installed"
2023-03-10 17:05:01,242 INFO     ___FILE_ONLY___ 
    }
2023-03-10 17:05:01,242 INFO     ___FILE_ONLY___ 
  }
2023-03-10 17:05:01,243 INFO     ___FILE_ONLY___ ,
  {
2023-03-10 17:05:01,244 INFO     ___FILE_ONLY___ 
    "current_version_string": null,
2023-03-10 17:05:01,244 INFO     ___FILE_ONLY___ 
    "id": "cbt",
2023-03-10 17:05:01,244 INFO     ___FILE_ONLY___ 
    "is_configuration": false,
2023-03-10 17:05:01,244 INFO     ___FILE_ONLY___ 
    "is_hidden": false,
2023-03-10 17:05:01,244 INFO     ___FILE_ONLY___ 
    "latest_version_string": "0.13.0",
2023-03-10 17:05:01,244 INFO     ___FILE_ONLY___ 
    "name": "Cloud Bigtable Command Line Tool",
2023-03-10 17:05:01,244 INFO     ___FILE_ONLY___ 
    "platform": {
2023-03-10 17:05:01,244 INFO     ___FILE_ONLY___ 
      "architecture": {
2023-03-10 17:05:01,245 INFO     ___FILE_ONLY___ 
        "file_name": "x86_64",
2023-03-10 17:05:01,245 INFO     ___FILE_ONLY___ 
        "id": "x86_64",
2023-03-10 17:05:01,245 INFO     ___FILE_ONLY___ 
        "name": "x86_64"
2023-03-10 17:05:01,245 INFO     ___FILE_ONLY___ 
      },
2023-03-10 17:05:01,246 INFO     ___FILE_ONLY___ 
      "operating_system": {
2023-03-10 17:05:01,246 INFO     ___FILE_ONLY___ 
        "file_name": "darwin",
2023-03-10 17:05:01,246 INFO     ___FILE_ONLY___ 
        "id": "MACOSX",
2023-03-10 17:05:01,246 INFO     ___FILE_ONLY___ 
        "name": "Mac OS X"
2023-03-10 17:05:01,246 INFO     ___FILE_ONLY___ 
      }
2023-03-10 17:05:01,246 INFO     ___FILE_ONLY___ 
    },
2023-03-10 17:05:01,246 INFO     ___FILE_ONLY___ 
    "platform_required": false,
2023-03-10 17:05:01,246 INFO     ___FILE_ONLY___ 
    "size": 10655029,
2023-03-10 17:05:01,246 INFO     ___FILE_ONLY___ 
    "state": {
2023-03-10 17:05:01,247 INFO     ___FILE_ONLY___ 
      "name": "Not Installed"
2023-03-10 17:05:01,247 INFO     ___FILE_ONLY___ 
    }
2023-03-10 17:05:01,247 INFO     ___FILE_ONLY___ 
  }
2023-03-10 17:05:01,247 INFO     ___FILE_ONLY___ ,
  {
2023-03-10 17:05:01,248 INFO     ___FILE_ONLY___ 
    "current_version_string": null,
2023-03-10 17:05:01,248 INFO     ___FILE_ONLY___ 
    "id": "bigtable",
2023-03-10 17:05:01,248 INFO     ___FILE_ONLY___ 
    "is_configuration": false,
2023-03-10 17:05:01,248 INFO     ___FILE_ONLY___ 
    "is_hidden": false,
2023-03-10 17:05:01,248 INFO     ___FILE_ONLY___ 
    "latest_version_string": "",
2023-03-10 17:05:01,248 INFO     ___FILE_ONLY___ 
    "name": "Cloud Bigtable Emulator",
2023-03-10 17:05:01,248 INFO     ___FILE_ONLY___ 
    "platform": {
2023-03-10 17:05:01,248 INFO     ___FILE_ONLY___ 
      "architecture": {
2023-03-10 17:05:01,248 INFO     ___FILE_ONLY___ 
        "file_name": "x86_64",
2023-03-10 17:05:01,248 INFO     ___FILE_ONLY___ 
        "id": "x86_64",
2023-03-10 17:05:01,248 INFO     ___FILE_ONLY___ 
        "name": "x86_64"
2023-03-10 17:05:01,248 INFO     ___FILE_ONLY___ 
      },
2023-03-10 17:05:01,249 INFO     ___FILE_ONLY___ 
      "operating_system": {
2023-03-10 17:05:01,249 INFO     ___FILE_ONLY___ 
        "file_name": "darwin",
2023-03-10 17:05:01,249 INFO     ___FILE_ONLY___ 
        "id": "MACOSX",
2023-03-10 17:05:01,249 INFO     ___FILE_ONLY___ 
        "name": "Mac OS X"
2023-03-10 17:05:01,249 INFO     ___FILE_ONLY___ 
      }
2023-03-10 17:05:01,249 INFO     ___FILE_ONLY___ 
    },
2023-03-10 17:05:01,249 INFO     ___FILE_ONLY___ 
    "platform_required": false,
2023-03-10 17:05:01,250 INFO     ___FILE_ONLY___ 
    "size": 6842480,
2023-03-10 17:05:01,250 INFO     ___FILE_ONLY___ 
    "state": {
2023-03-10 17:05:01,250 INFO     ___FILE_ONLY___ 
      "name": "Not Installed"
2023-03-10 17:05:01,250 INFO     ___FILE_ONLY___ 
    }
2023-03-10 17:05:01,250 INFO     ___FILE_ONLY___ 
  }
2023-03-10 17:05:01,251 INFO     ___FILE_ONLY___ ,
  {
2023-03-10 17:05:01,251 INFO     ___FILE_ONLY___ 
    "current_version_string": null,
2023-03-10 17:05:01,251 INFO     ___FILE_ONLY___ 
    "id": "cloud-datastore-emulator",
2023-03-10 17:05:01,251 INFO     ___FILE_ONLY___ 
    "is_configuration": false,
2023-03-10 17:05:01,251 INFO     ___FILE_ONLY___ 
    "is_hidden": false,
2023-03-10 17:05:01,251 INFO     ___FILE_ONLY___ 
    "latest_version_string": "2.3.0",
2023-03-10 17:05:01,251 INFO     ___FILE_ONLY___ 
    "name": "Cloud Datastore Emulator",
2023-03-10 17:05:01,251 INFO     ___FILE_ONLY___ 
    "platform": {
2023-03-10 17:05:01,252 INFO     ___FILE_ONLY___ 
      "architecture": {
2023-03-10 17:05:01,252 INFO     ___FILE_ONLY___ 
        "file_name": "x86_64",
2023-03-10 17:05:01,252 INFO     ___FILE_ONLY___ 
        "id": "x86_64",
2023-03-10 17:05:01,252 INFO     ___FILE_ONLY___ 
        "name": "x86_64"
2023-03-10 17:05:01,252 INFO     ___FILE_ONLY___ 
      },
2023-03-10 17:05:01,252 INFO     ___FILE_ONLY___ 
      "operating_system": {
2023-03-10 17:05:01,252 INFO     ___FILE_ONLY___ 
        "file_name": "darwin",
2023-03-10 17:05:01,252 INFO     ___FILE_ONLY___ 
        "id": "MACOSX",
2023-03-10 17:05:01,252 INFO     ___FILE_ONLY___ 
        "name": "Mac OS X"
2023-03-10 17:05:01,252 INFO     ___FILE_ONLY___ 
      }
2023-03-10 17:05:01,252 INFO     ___FILE_ONLY___ 
    },
2023-03-10 17:05:01,252 INFO     ___FILE_ONLY___ 
    "platform_required": false,
2023-03-10 17:05:01,253 INFO     ___FILE_ONLY___ 
    "size": 36755687,
2023-03-10 17:05:01,253 INFO     ___FILE_ONLY___ 
    "state": {
2023-03-10 17:05:01,253 INFO     ___FILE_ONLY___ 
      "name": "Not Installed"
2023-03-10 17:05:01,253 INFO     ___FILE_ONLY___ 
    }
2023-03-10 17:05:01,253 INFO     ___FILE_ONLY___ 
  }
2023-03-10 17:05:01,254 INFO     ___FILE_ONLY___ ,
  {
2023-03-10 17:05:01,254 INFO     ___FILE_ONLY___ 
    "current_version_string": null,
2023-03-10 17:05:01,254 INFO     ___FILE_ONLY___ 
    "id": "cloud-firestore-emulator",
2023-03-10 17:05:01,254 INFO     ___FILE_ONLY___ 
    "is_configuration": false,
2023-03-10 17:05:01,254 INFO     ___FILE_ONLY___ 
    "is_hidden": false,
2023-03-10 17:05:01,255 INFO     ___FILE_ONLY___ 
    "latest_version_string": "1.15.1",
2023-03-10 17:05:01,255 INFO     ___FILE_ONLY___ 
    "name": "Cloud Firestore Emulator",
2023-03-10 17:05:01,255 INFO     ___FILE_ONLY___ 
    "platform": {
2023-03-10 17:05:01,255 INFO     ___FILE_ONLY___ 
      "architecture": {
2023-03-10 17:05:01,255 INFO     ___FILE_ONLY___ 
        "file_name": "x86_64",
2023-03-10 17:05:01,255 INFO     ___FILE_ONLY___ 
        "id": "x86_64",
2023-03-10 17:05:01,255 INFO     ___FILE_ONLY___ 
        "name": "x86_64"
2023-03-10 17:05:01,255 INFO     ___FILE_ONLY___ 
      },
2023-03-10 17:05:01,256 INFO     ___FILE_ONLY___ 
      "operating_system": {
2023-03-10 17:05:01,256 INFO     ___FILE_ONLY___ 
        "file_name": "darwin",
2023-03-10 17:05:01,256 INFO     ___FILE_ONLY___ 
        "id": "MACOSX",
2023-03-10 17:05:01,256 INFO     ___FILE_ONLY___ 
        "name": "Mac OS X"
2023-03-10 17:05:01,256 INFO     ___FILE_ONLY___ 
      }
2023-03-10 17:05:01,256 INFO     ___FILE_ONLY___ 
    },
2023-03-10 17:05:01,256 INFO     ___FILE_ONLY___ 
    "platform_required": false,
2023-03-10 17:05:01,256 INFO     ___FILE_ONLY___ 
    "size": 42101953,
2023-03-10 17:05:01,257 INFO     ___FILE_ONLY___ 
    "state": {
2023-03-10 17:05:01,257 INFO     ___FILE_ONLY___ 
      "name": "Not Installed"
2023-03-10 17:05:01,257 INFO     ___FILE_ONLY___ 
    }
2023-03-10 17:05:01,257 INFO     ___FILE_ONLY___ 
  }
2023-03-10 17:05:01,258 INFO     ___FILE_ONLY___ ,
  {
2023-03-10 17:05:01,258 INFO     ___FILE_ONLY___ 
    "current_version_string": null,
2023-03-10 17:05:01,258 INFO     ___FILE_ONLY___ 
    "id": "pubsub-emulator",
2023-03-10 17:05:01,258 INFO     ___FILE_ONLY___ 
    "is_configuration": false,
2023-03-10 17:05:01,259 INFO     ___FILE_ONLY___ 
    "is_hidden": false,
2023-03-10 17:05:01,259 INFO     ___FILE_ONLY___ 
    "latest_version_string": "0.8.0",
2023-03-10 17:05:01,259 INFO     ___FILE_ONLY___ 
    "name": "Cloud Pub/Sub Emulator",
2023-03-10 17:05:01,259 INFO     ___FILE_ONLY___ 
    "platform": {
2023-03-10 17:05:01,259 INFO     ___FILE_ONLY___ 
      "architecture": {
2023-03-10 17:05:01,259 INFO     ___FILE_ONLY___ 
        "file_name": "x86_64",
2023-03-10 17:05:01,259 INFO     ___FILE_ONLY___ 
        "id": "x86_64",
2023-03-10 17:05:01,260 INFO     ___FILE_ONLY___ 
        "name": "x86_64"
2023-03-10 17:05:01,260 INFO     ___FILE_ONLY___ 
      },
2023-03-10 17:05:01,260 INFO     ___FILE_ONLY___ 
      "operating_system": {
2023-03-10 17:05:01,260 INFO     ___FILE_ONLY___ 
        "file_name": "darwin",
2023-03-10 17:05:01,260 INFO     ___FILE_ONLY___ 
        "id": "MACOSX",
2023-03-10 17:05:01,260 INFO     ___FILE_ONLY___ 
        "name": "Mac OS X"
2023-03-10 17:05:01,261 INFO     ___FILE_ONLY___ 
      }
2023-03-10 17:05:01,261 INFO     ___FILE_ONLY___ 
    },
2023-03-10 17:05:01,261 INFO     ___FILE_ONLY___ 
    "platform_required": false,
2023-03-10 17:05:01,261 INFO     ___FILE_ONLY___ 
    "size": 68738630,
2023-03-10 17:05:01,261 INFO     ___FILE_ONLY___ 
    "state": {
2023-03-10 17:05:01,262 INFO     ___FILE_ONLY___ 
      "name": "Not Installed"
2023-03-10 17:05:01,262 INFO     ___FILE_ONLY___ 
    }
2023-03-10 17:05:01,262 INFO     ___FILE_ONLY___ 
  }
2023-03-10 17:05:01,263 INFO     ___FILE_ONLY___ ,
  {
2023-03-10 17:05:01,263 INFO     ___FILE_ONLY___ 
    "current_version_string": null,
2023-03-10 17:05:01,263 INFO     ___FILE_ONLY___ 
    "id": "cloud-run-proxy",
2023-03-10 17:05:01,263 INFO     ___FILE_ONLY___ 
    "is_configuration": false,
2023-03-10 17:05:01,263 INFO     ___FILE_ONLY___ 
    "is_hidden": false,
2023-03-10 17:05:01,263 INFO     ___FILE_ONLY___ 
    "latest_version_string": "0.3.0",
2023-03-10 17:05:01,264 INFO     ___FILE_ONLY___ 
    "name": "Cloud Run Proxy",
2023-03-10 17:05:01,264 INFO     ___FILE_ONLY___ 
    "platform": {
2023-03-10 17:05:01,264 INFO     ___FILE_ONLY___ 
      "architecture": {
2023-03-10 17:05:01,264 INFO     ___FILE_ONLY___ 
        "file_name": "x86_64",
2023-03-10 17:05:01,264 INFO     ___FILE_ONLY___ 
        "id": "x86_64",
2023-03-10 17:05:01,264 INFO     ___FILE_ONLY___ 
        "name": "x86_64"
2023-03-10 17:05:01,264 INFO     ___FILE_ONLY___ 
      },
2023-03-10 17:05:01,264 INFO     ___FILE_ONLY___ 
      "operating_system": {
2023-03-10 17:05:01,264 INFO     ___FILE_ONLY___ 
        "file_name": "darwin",
2023-03-10 17:05:01,264 INFO     ___FILE_ONLY___ 
        "id": "MACOSX",
2023-03-10 17:05:01,265 INFO     ___FILE_ONLY___ 
        "name": "Mac OS X"
2023-03-10 17:05:01,265 INFO     ___FILE_ONLY___ 
      }
2023-03-10 17:05:01,265 INFO     ___FILE_ONLY___ 
    },
2023-03-10 17:05:01,265 INFO     ___FILE_ONLY___ 
    "platform_required": false,
2023-03-10 17:05:01,265 INFO     ___FILE_ONLY___ 
    "size": 8024792,
2023-03-10 17:05:01,265 INFO     ___FILE_ONLY___ 
    "state": {
2023-03-10 17:05:01,265 INFO     ___FILE_ONLY___ 
      "name": "Not Installed"
2023-03-10 17:05:01,265 INFO     ___FILE_ONLY___ 
    }
2023-03-10 17:05:01,265 INFO     ___FILE_ONLY___ 
  }
2023-03-10 17:05:01,266 INFO     ___FILE_ONLY___ ,
  {
2023-03-10 17:05:01,266 INFO     ___FILE_ONLY___ 
    "current_version_string": null,
2023-03-10 17:05:01,267 INFO     ___FILE_ONLY___ 
    "id": "cloud_sql_proxy",
2023-03-10 17:05:01,267 INFO     ___FILE_ONLY___ 
    "is_configuration": false,
2023-03-10 17:05:01,267 INFO     ___FILE_ONLY___ 
    "is_hidden": false,
2023-03-10 17:05:01,267 INFO     ___FILE_ONLY___ 
    "latest_version_string": "1.27.0",
2023-03-10 17:05:01,267 INFO     ___FILE_ONLY___ 
    "name": "Cloud SQL Proxy",
2023-03-10 17:05:01,267 INFO     ___FILE_ONLY___ 
    "platform": {
2023-03-10 17:05:01,268 INFO     ___FILE_ONLY___ 
      "architecture": {
2023-03-10 17:05:01,268 INFO     ___FILE_ONLY___ 
        "file_name": "x86_64",
2023-03-10 17:05:01,268 INFO     ___FILE_ONLY___ 
        "id": "x86_64",
2023-03-10 17:05:01,268 INFO     ___FILE_ONLY___ 
        "name": "x86_64"
2023-03-10 17:05:01,269 INFO     ___FILE_ONLY___ 
      },
2023-03-10 17:05:01,269 INFO     ___FILE_ONLY___ 
      "operating_system": {
2023-03-10 17:05:01,269 INFO     ___FILE_ONLY___ 
        "file_name": "darwin",
2023-03-10 17:05:01,269 INFO     ___FILE_ONLY___ 
        "id": "MACOSX",
2023-03-10 17:05:01,269 INFO     ___FILE_ONLY___ 
        "name": "Mac OS X"
2023-03-10 17:05:01,270 INFO     ___FILE_ONLY___ 
      }
2023-03-10 17:05:01,270 INFO     ___FILE_ONLY___ 
    },
2023-03-10 17:05:01,270 INFO     ___FILE_ONLY___ 
    "platform_required": false,
2023-03-10 17:05:01,271 INFO     ___FILE_ONLY___ 
    "size": 7986647,
2023-03-10 17:05:01,271 INFO     ___FILE_ONLY___ 
    "state": {
2023-03-10 17:05:01,271 INFO     ___FILE_ONLY___ 
      "name": "Not Installed"
2023-03-10 17:05:01,271 INFO     ___FILE_ONLY___ 
    }
2023-03-10 17:05:01,274 INFO     ___FILE_ONLY___ 
  }
2023-03-10 17:05:01,279 INFO     ___FILE_ONLY___ ,
  {
2023-03-10 17:05:01,280 INFO     ___FILE_ONLY___ 
    "current_version_string": null,
2023-03-10 17:05:01,280 INFO     ___FILE_ONLY___ 
    "id": "docker-credential-gcr",
2023-03-10 17:05:01,281 INFO     ___FILE_ONLY___ 
    "is_configuration": false,
2023-03-10 17:05:01,281 INFO     ___FILE_ONLY___ 
    "is_hidden": false,
2023-03-10 17:05:01,281 INFO     ___FILE_ONLY___ 
    "latest_version_string": "1.5.0",
2023-03-10 17:05:01,281 INFO     ___FILE_ONLY___ 
    "name": "Google Container Registry's Docker credential helper",
2023-03-10 17:05:01,281 INFO     ___FILE_ONLY___ 
    "platform": {
2023-03-10 17:05:01,301 INFO     ___FILE_ONLY___ 
      "architecture": {
2023-03-10 17:05:01,301 INFO     ___FILE_ONLY___ 
        "file_name": "x86_64",
2023-03-10 17:05:01,302 INFO     ___FILE_ONLY___ 
        "id": "x86_64",
2023-03-10 17:05:01,302 INFO     ___FILE_ONLY___ 
        "name": "x86_64"
2023-03-10 17:05:01,303 INFO     ___FILE_ONLY___ 
      },
2023-03-10 17:05:01,305 INFO     ___FILE_ONLY___ 
      "operating_system": {
2023-03-10 17:05:01,305 INFO     ___FILE_ONLY___ 
        "file_name": "darwin",
2023-03-10 17:05:01,305 INFO     ___FILE_ONLY___ 
        "id": "MACOSX",
2023-03-10 17:05:01,305 INFO     ___FILE_ONLY___ 
        "name": "Mac OS X"
2023-03-10 17:05:01,306 INFO     ___FILE_ONLY___ 
      }
2023-03-10 17:05:01,306 INFO     ___FILE_ONLY___ 
    },
2023-03-10 17:05:01,306 INFO     ___FILE_ONLY___ 
    "platform_required": false,
2023-03-10 17:05:01,306 INFO     ___FILE_ONLY___ 
    "size": 2266831,
2023-03-10 17:05:01,306 INFO     ___FILE_ONLY___ 
    "state": {
2023-03-10 17:05:01,306 INFO     ___FILE_ONLY___ 
      "name": "Not Installed"
2023-03-10 17:05:01,308 INFO     ___FILE_ONLY___ 
    }
2023-03-10 17:05:01,318 INFO     ___FILE_ONLY___ 
  }
2023-03-10 17:05:01,320 INFO     ___FILE_ONLY___ ,
  {
2023-03-10 17:05:01,320 INFO     ___FILE_ONLY___ 
    "current_version_string": null,
2023-03-10 17:05:01,320 INFO     ___FILE_ONLY___ 
    "id": "kustomize",
2023-03-10 17:05:01,321 INFO     ___FILE_ONLY___ 
    "is_configuration": false,
2023-03-10 17:05:01,328 INFO     ___FILE_ONLY___ 
    "is_hidden": false,
2023-03-10 17:05:01,331 INFO     ___FILE_ONLY___ 
    "latest_version_string": "4.4.0",
2023-03-10 17:05:01,331 INFO     ___FILE_ONLY___ 
    "name": "Kustomize",
2023-03-10 17:05:01,331 INFO     ___FILE_ONLY___ 
    "platform": {
2023-03-10 17:05:01,332 INFO     ___FILE_ONLY___ 
      "architecture": {
2023-03-10 17:05:01,332 INFO     ___FILE_ONLY___ 
        "file_name": "x86_64",
2023-03-10 17:05:01,332 INFO     ___FILE_ONLY___ 
        "id": "x86_64",
2023-03-10 17:05:01,332 INFO     ___FILE_ONLY___ 
        "name": "x86_64"
2023-03-10 17:05:01,332 INFO     ___FILE_ONLY___ 
      },
2023-03-10 17:05:01,332 INFO     ___FILE_ONLY___ 
      "operating_system": {
2023-03-10 17:05:01,332 INFO     ___FILE_ONLY___ 
        "file_name": "darwin",
2023-03-10 17:05:01,333 INFO     ___FILE_ONLY___ 
        "id": "MACOSX",
2023-03-10 17:05:01,333 INFO     ___FILE_ONLY___ 
        "name": "Mac OS X"
2023-03-10 17:05:01,333 INFO     ___FILE_ONLY___ 
      }
2023-03-10 17:05:01,333 INFO     ___FILE_ONLY___ 
    },
2023-03-10 17:05:01,333 INFO     ___FILE_ONLY___ 
    "platform_required": false,
2023-03-10 17:05:01,333 INFO     ___FILE_ONLY___ 
    "size": 7961940,
2023-03-10 17:05:01,333 INFO     ___FILE_ONLY___ 
    "state": {
2023-03-10 17:05:01,333 INFO     ___FILE_ONLY___ 
      "name": "Not Installed"
2023-03-10 17:05:01,334 INFO     ___FILE_ONLY___ 
    }
2023-03-10 17:05:01,334 INFO     ___FILE_ONLY___ 
  }
2023-03-10 17:05:01,335 INFO     ___FILE_ONLY___ ,
  {
2023-03-10 17:05:01,335 INFO     ___FILE_ONLY___ 
    "current_version_string": null,
2023-03-10 17:05:01,335 INFO     ___FILE_ONLY___ 
    "id": "log-streaming",
2023-03-10 17:05:01,336 INFO     ___FILE_ONLY___ 
    "is_configuration": false,
2023-03-10 17:05:01,336 INFO     ___FILE_ONLY___ 
    "is_hidden": false,
2023-03-10 17:05:01,336 INFO     ___FILE_ONLY___ 
    "latest_version_string": "0.3.0",
2023-03-10 17:05:01,336 INFO     ___FILE_ONLY___ 
    "name": "Log Streaming",
2023-03-10 17:05:01,337 INFO     ___FILE_ONLY___ 
    "platform": {
2023-03-10 17:05:01,339 INFO     ___FILE_ONLY___ 
      "architecture": {
2023-03-10 17:05:01,339 INFO     ___FILE_ONLY___ 
        "file_name": "x86_64",
2023-03-10 17:05:01,340 INFO     ___FILE_ONLY___ 
        "id": "x86_64",
2023-03-10 17:05:01,340 INFO     ___FILE_ONLY___ 
        "name": "x86_64"
2023-03-10 17:05:01,341 INFO     ___FILE_ONLY___ 
      },
2023-03-10 17:05:01,341 INFO     ___FILE_ONLY___ 
      "operating_system": {
2023-03-10 17:05:01,341 INFO     ___FILE_ONLY___ 
        "file_name": "darwin",
2023-03-10 17:05:01,342 INFO     ___FILE_ONLY___ 
        "id": "MACOSX",
2023-03-10 17:05:01,342 INFO     ___FILE_ONLY___ 
        "name": "Mac OS X"
2023-03-10 17:05:01,342 INFO     ___FILE_ONLY___ 
      }
2023-03-10 17:05:01,342 INFO     ___FILE_ONLY___ 
    },
2023-03-10 17:05:01,343 INFO     ___FILE_ONLY___ 
    "platform_required": false,
2023-03-10 17:05:01,343 INFO     ___FILE_ONLY___ 
    "size": 12864820,
2023-03-10 17:05:01,344 INFO     ___FILE_ONLY___ 
    "state": {
2023-03-10 17:05:01,344 INFO     ___FILE_ONLY___ 
      "name": "Not Installed"
2023-03-10 17:05:01,345 INFO     ___FILE_ONLY___ 
    }
2023-03-10 17:05:01,346 INFO     ___FILE_ONLY___ 
  }
2023-03-10 17:05:01,348 INFO     ___FILE_ONLY___ ,
  {
2023-03-10 17:05:01,348 INFO     ___FILE_ONLY___ 
    "current_version_string": null,
2023-03-10 17:05:01,348 INFO     ___FILE_ONLY___ 
    "id": "nomos",
2023-03-10 17:05:01,350 INFO     ___FILE_ONLY___ 
    "is_configuration": false,
2023-03-10 17:05:01,350 INFO     ___FILE_ONLY___ 
    "is_hidden": false,
2023-03-10 17:05:01,350 INFO     ___FILE_ONLY___ 
    "latest_version_string": "1.14.2-rc.6",
2023-03-10 17:05:01,350 INFO     ___FILE_ONLY___ 
    "name": "Nomos CLI",
2023-03-10 17:05:01,350 INFO     ___FILE_ONLY___ 
    "platform": {
2023-03-10 17:05:01,350 INFO     ___FILE_ONLY___ 
      "architecture": {
2023-03-10 17:05:01,351 INFO     ___FILE_ONLY___ 
        "file_name": "x86_64",
2023-03-10 17:05:01,351 INFO     ___FILE_ONLY___ 
        "id": "x86_64",
2023-03-10 17:05:01,351 INFO     ___FILE_ONLY___ 
        "name": "x86_64"
2023-03-10 17:05:01,351 INFO     ___FILE_ONLY___ 
      },
2023-03-10 17:05:01,351 INFO     ___FILE_ONLY___ 
      "operating_system": {
2023-03-10 17:05:01,351 INFO     ___FILE_ONLY___ 
        "file_name": "darwin",
2023-03-10 17:05:01,351 INFO     ___FILE_ONLY___ 
        "id": "MACOSX",
2023-03-10 17:05:01,352 INFO     ___FILE_ONLY___ 
        "name": "Mac OS X"
2023-03-10 17:05:01,352 INFO     ___FILE_ONLY___ 
      }
2023-03-10 17:05:01,352 INFO     ___FILE_ONLY___ 
    },
2023-03-10 17:05:01,352 INFO     ___FILE_ONLY___ 
    "platform_required": false,
2023-03-10 17:05:01,352 INFO     ___FILE_ONLY___ 
    "size": 25793725,
2023-03-10 17:05:01,352 INFO     ___FILE_ONLY___ 
    "state": {
2023-03-10 17:05:01,352 INFO     ___FILE_ONLY___ 
      "name": "Not Installed"
2023-03-10 17:05:01,353 INFO     ___FILE_ONLY___ 
    }
2023-03-10 17:05:01,353 INFO     ___FILE_ONLY___ 
  }
2023-03-10 17:05:01,354 INFO     ___FILE_ONLY___ ,
  {
2023-03-10 17:05:01,354 INFO     ___FILE_ONLY___ 
    "current_version_string": null,
2023-03-10 17:05:01,354 INFO     ___FILE_ONLY___ 
    "id": "local-extract",
2023-03-10 17:05:01,354 INFO     ___FILE_ONLY___ 
    "is_configuration": false,
2023-03-10 17:05:01,355 INFO     ___FILE_ONLY___ 
    "is_hidden": false,
2023-03-10 17:05:01,355 INFO     ___FILE_ONLY___ 
    "latest_version_string": "1.5.7",
2023-03-10 17:05:01,355 INFO     ___FILE_ONLY___ 
    "name": "On-Demand Scanning API extraction helper",
2023-03-10 17:05:01,355 INFO     ___FILE_ONLY___ 
    "platform": {
2023-03-10 17:05:01,355 INFO     ___FILE_ONLY___ 
      "architecture": {
2023-03-10 17:05:01,356 INFO     ___FILE_ONLY___ 
        "file_name": "x86_64",
2023-03-10 17:05:01,356 INFO     ___FILE_ONLY___ 
        "id": "x86_64",
2023-03-10 17:05:01,356 INFO     ___FILE_ONLY___ 
        "name": "x86_64"
2023-03-10 17:05:01,356 INFO     ___FILE_ONLY___ 
      },
2023-03-10 17:05:01,356 INFO     ___FILE_ONLY___ 
      "operating_system": {
2023-03-10 17:05:01,357 INFO     ___FILE_ONLY___ 
        "file_name": "darwin",
2023-03-10 17:05:01,357 INFO     ___FILE_ONLY___ 
        "id": "MACOSX",
2023-03-10 17:05:01,357 INFO     ___FILE_ONLY___ 
        "name": "Mac OS X"
2023-03-10 17:05:01,357 INFO     ___FILE_ONLY___ 
      }
2023-03-10 17:05:01,357 INFO     ___FILE_ONLY___ 
    },
2023-03-10 17:05:01,358 INFO     ___FILE_ONLY___ 
    "platform_required": false,
2023-03-10 17:05:01,358 INFO     ___FILE_ONLY___ 
    "size": 12908644,
2023-03-10 17:05:01,358 INFO     ___FILE_ONLY___ 
    "state": {
2023-03-10 17:05:01,358 INFO     ___FILE_ONLY___ 
      "name": "Not Installed"
2023-03-10 17:05:01,358 INFO     ___FILE_ONLY___ 
    }
2023-03-10 17:05:01,358 INFO     ___FILE_ONLY___ 
  }
2023-03-10 17:05:01,359 INFO     ___FILE_ONLY___ ,
  {
2023-03-10 17:05:01,359 INFO     ___FILE_ONLY___ 
    "current_version_string": null,
2023-03-10 17:05:01,359 INFO     ___FILE_ONLY___ 
    "id": "terraform-tools",
2023-03-10 17:05:01,360 INFO     ___FILE_ONLY___ 
    "is_configuration": false,
2023-03-10 17:05:01,360 INFO     ___FILE_ONLY___ 
    "is_hidden": false,
2023-03-10 17:05:01,360 INFO     ___FILE_ONLY___ 
    "latest_version_string": "0.10.0",
2023-03-10 17:05:01,360 INFO     ___FILE_ONLY___ 
    "name": "Terraform Tools",
2023-03-10 17:05:01,360 INFO     ___FILE_ONLY___ 
    "platform": {
2023-03-10 17:05:01,360 INFO     ___FILE_ONLY___ 
      "architecture": {
2023-03-10 17:05:01,361 INFO     ___FILE_ONLY___ 
        "file_name": "x86_64",
2023-03-10 17:05:01,361 INFO     ___FILE_ONLY___ 
        "id": "x86_64",
2023-03-10 17:05:01,361 INFO     ___FILE_ONLY___ 
        "name": "x86_64"
2023-03-10 17:05:01,361 INFO     ___FILE_ONLY___ 
      },
2023-03-10 17:05:01,361 INFO     ___FILE_ONLY___ 
      "operating_system": {
2023-03-10 17:05:01,361 INFO     ___FILE_ONLY___ 
        "file_name": "darwin",
2023-03-10 17:05:01,361 INFO     ___FILE_ONLY___ 
        "id": "MACOSX",
2023-03-10 17:05:01,361 INFO     ___FILE_ONLY___ 
        "name": "Mac OS X"
2023-03-10 17:05:01,362 INFO     ___FILE_ONLY___ 
      }
2023-03-10 17:05:01,362 INFO     ___FILE_ONLY___ 
    },
2023-03-10 17:05:01,362 INFO     ___FILE_ONLY___ 
    "platform_required": false,
2023-03-10 17:05:01,362 INFO     ___FILE_ONLY___ 
    "size": 65091830,
2023-03-10 17:05:01,362 INFO     ___FILE_ONLY___ 
    "state": {
2023-03-10 17:05:01,363 INFO     ___FILE_ONLY___ 
      "name": "Not Installed"
2023-03-10 17:05:01,363 INFO     ___FILE_ONLY___ 
    }
2023-03-10 17:05:01,363 INFO     ___FILE_ONLY___ 
  }
2023-03-10 17:05:01,365 INFO     ___FILE_ONLY___ ,
  {
2023-03-10 17:05:01,365 INFO     ___FILE_ONLY___ 
    "current_version_string": null,
2023-03-10 17:05:01,365 INFO     ___FILE_ONLY___ 
    "id": "anthos-auth",
2023-03-10 17:05:01,365 INFO     ___FILE_ONLY___ 
    "is_configuration": false,
2023-03-10 17:05:01,366 INFO     ___FILE_ONLY___ 
    "is_hidden": false,
2023-03-10 17:05:01,366 INFO     ___FILE_ONLY___ 
    "latest_version_string": "1.4.4",
2023-03-10 17:05:01,366 INFO     ___FILE_ONLY___ 
    "name": "anthos-auth",
2023-03-10 17:05:01,366 INFO     ___FILE_ONLY___ 
    "platform": {
2023-03-10 17:05:01,366 INFO     ___FILE_ONLY___ 
      "architecture": {
2023-03-10 17:05:01,366 INFO     ___FILE_ONLY___ 
        "file_name": "x86_64",
2023-03-10 17:05:01,366 INFO     ___FILE_ONLY___ 
        "id": "x86_64",
2023-03-10 17:05:01,366 INFO     ___FILE_ONLY___ 
        "name": "x86_64"
2023-03-10 17:05:01,366 INFO     ___FILE_ONLY___ 
      },
2023-03-10 17:05:01,367 INFO     ___FILE_ONLY___ 
      "operating_system": {
2023-03-10 17:05:01,367 INFO     ___FILE_ONLY___ 
        "file_name": "darwin",
2023-03-10 17:05:01,367 INFO     ___FILE_ONLY___ 
        "id": "MACOSX",
2023-03-10 17:05:01,367 INFO     ___FILE_ONLY___ 
        "name": "Mac OS X"
2023-03-10 17:05:01,367 INFO     ___FILE_ONLY___ 
      }
2023-03-10 17:05:01,367 INFO     ___FILE_ONLY___ 
    },
2023-03-10 17:05:01,368 INFO     ___FILE_ONLY___ 
    "platform_required": false,
2023-03-10 17:05:01,368 INFO     ___FILE_ONLY___ 
    "size": 21183974,
2023-03-10 17:05:01,368 INFO     ___FILE_ONLY___ 
    "state": {
2023-03-10 17:05:01,368 INFO     ___FILE_ONLY___ 
      "name": "Not Installed"
2023-03-10 17:05:01,368 INFO     ___FILE_ONLY___ 
    }
2023-03-10 17:05:01,368 INFO     ___FILE_ONLY___ 
  }
2023-03-10 17:05:01,369 INFO     ___FILE_ONLY___ ,
  {
2023-03-10 17:05:01,370 INFO     ___FILE_ONLY___ 
    "current_version_string": null,
2023-03-10 17:05:01,370 INFO     ___FILE_ONLY___ 
    "id": "config-connector",
2023-03-10 17:05:01,370 INFO     ___FILE_ONLY___ 
    "is_configuration": false,
2023-03-10 17:05:01,370 INFO     ___FILE_ONLY___ 
    "is_hidden": false,
2023-03-10 17:05:01,370 INFO     ___FILE_ONLY___ 
    "latest_version_string": "1.93.0",
2023-03-10 17:05:01,370 INFO     ___FILE_ONLY___ 
    "name": "config-connector",
2023-03-10 17:05:01,371 INFO     ___FILE_ONLY___ 
    "platform": {
2023-03-10 17:05:01,371 INFO     ___FILE_ONLY___ 
      "architecture": {
2023-03-10 17:05:01,371 INFO     ___FILE_ONLY___ 
        "file_name": "x86_64",
2023-03-10 17:05:01,371 INFO     ___FILE_ONLY___ 
        "id": "x86_64",
2023-03-10 17:05:01,371 INFO     ___FILE_ONLY___ 
        "name": "x86_64"
2023-03-10 17:05:01,371 INFO     ___FILE_ONLY___ 
      },
2023-03-10 17:05:01,371 INFO     ___FILE_ONLY___ 
      "operating_system": {
2023-03-10 17:05:01,372 INFO     ___FILE_ONLY___ 
        "file_name": "darwin",
2023-03-10 17:05:01,372 INFO     ___FILE_ONLY___ 
        "id": "MACOSX",
2023-03-10 17:05:01,372 INFO     ___FILE_ONLY___ 
        "name": "Mac OS X"
2023-03-10 17:05:01,372 INFO     ___FILE_ONLY___ 
      }
2023-03-10 17:05:01,372 INFO     ___FILE_ONLY___ 
    },
2023-03-10 17:05:01,372 INFO     ___FILE_ONLY___ 
    "platform_required": false,
2023-03-10 17:05:01,372 INFO     ___FILE_ONLY___ 
    "size": 59915703,
2023-03-10 17:05:01,373 INFO     ___FILE_ONLY___ 
    "state": {
2023-03-10 17:05:01,373 INFO     ___FILE_ONLY___ 
      "name": "Not Installed"
2023-03-10 17:05:01,373 INFO     ___FILE_ONLY___ 
    }
2023-03-10 17:05:01,373 INFO     ___FILE_ONLY___ 
  }
2023-03-10 17:05:01,374 INFO     ___FILE_ONLY___ ,
  {
2023-03-10 17:05:01,374 INFO     ___FILE_ONLY___ 
    "current_version_string": null,
2023-03-10 17:05:01,375 INFO     ___FILE_ONLY___ 
    "id": "enterprise-certificate-proxy",
2023-03-10 17:05:01,375 INFO     ___FILE_ONLY___ 
    "is_configuration": false,
2023-03-10 17:05:01,375 INFO     ___FILE_ONLY___ 
    "is_hidden": false,
2023-03-10 17:05:01,375 INFO     ___FILE_ONLY___ 
    "latest_version_string": "0.2.1",
2023-03-10 17:05:01,375 INFO     ___FILE_ONLY___ 
    "name": "enterprise-certificate-proxy",
2023-03-10 17:05:01,375 INFO     ___FILE_ONLY___ 
    "platform": {
2023-03-10 17:05:01,375 INFO     ___FILE_ONLY___ 
      "architecture": {
2023-03-10 17:05:01,375 INFO     ___FILE_ONLY___ 
        "file_name": "x86_64",
2023-03-10 17:05:01,376 INFO     ___FILE_ONLY___ 
        "id": "x86_64",
2023-03-10 17:05:01,376 INFO     ___FILE_ONLY___ 
        "name": "x86_64"
2023-03-10 17:05:01,376 INFO     ___FILE_ONLY___ 
      },
2023-03-10 17:05:01,376 INFO     ___FILE_ONLY___ 
      "operating_system": {
2023-03-10 17:05:01,376 INFO     ___FILE_ONLY___ 
        "file_name": "darwin",
2023-03-10 17:05:01,376 INFO     ___FILE_ONLY___ 
        "id": "MACOSX",
2023-03-10 17:05:01,376 INFO     ___FILE_ONLY___ 
        "name": "Mac OS X"
2023-03-10 17:05:01,376 INFO     ___FILE_ONLY___ 
      }
2023-03-10 17:05:01,377 INFO     ___FILE_ONLY___ 
    },
2023-03-10 17:05:01,377 INFO     ___FILE_ONLY___ 
    "platform_required": false,
2023-03-10 17:05:01,377 INFO     ___FILE_ONLY___ 
    "size": 7001595,
2023-03-10 17:05:01,377 INFO     ___FILE_ONLY___ 
    "state": {
2023-03-10 17:05:01,377 INFO     ___FILE_ONLY___ 
      "name": "Not Installed"
2023-03-10 17:05:01,377 INFO     ___FILE_ONLY___ 
    }
2023-03-10 17:05:01,377 INFO     ___FILE_ONLY___ 
  }
2023-03-10 17:05:01,378 INFO     ___FILE_ONLY___ ,
  {
2023-03-10 17:05:01,378 INFO     ___FILE_ONLY___ 
    "current_version_string": null,
2023-03-10 17:05:01,378 INFO     ___FILE_ONLY___ 
    "id": "app-engine-java",
2023-03-10 17:05:01,379 INFO     ___FILE_ONLY___ 
    "is_configuration": false,
2023-03-10 17:05:01,379 INFO     ___FILE_ONLY___ 
    "is_hidden": false,
2023-03-10 17:05:01,379 INFO     ___FILE_ONLY___ 
    "latest_version_string": "2.0.11",
2023-03-10 17:05:01,379 INFO     ___FILE_ONLY___ 
    "name": "gcloud app Java Extensions",
2023-03-10 17:05:01,379 INFO     ___FILE_ONLY___ 
    "platform": {
2023-03-10 17:05:01,379 INFO     ___FILE_ONLY___ 
      "architecture": {
2023-03-10 17:05:01,380 INFO     ___FILE_ONLY___ 
        "file_name": "x86_64",
2023-03-10 17:05:01,380 INFO     ___FILE_ONLY___ 
        "id": "x86_64",
2023-03-10 17:05:01,380 INFO     ___FILE_ONLY___ 
        "name": "x86_64"
2023-03-10 17:05:01,380 INFO     ___FILE_ONLY___ 
      },
2023-03-10 17:05:01,380 INFO     ___FILE_ONLY___ 
      "operating_system": {
2023-03-10 17:05:01,380 INFO     ___FILE_ONLY___ 
        "file_name": "darwin",
2023-03-10 17:05:01,381 INFO     ___FILE_ONLY___ 
        "id": "MACOSX",
2023-03-10 17:05:01,381 INFO     ___FILE_ONLY___ 
        "name": "Mac OS X"
2023-03-10 17:05:01,381 INFO     ___FILE_ONLY___ 
      }
2023-03-10 17:05:01,381 INFO     ___FILE_ONLY___ 
    },
2023-03-10 17:05:01,381 INFO     ___FILE_ONLY___ 
    "platform_required": false,
2023-03-10 17:05:01,381 INFO     ___FILE_ONLY___ 
    "size": 67677429,
2023-03-10 17:05:01,381 INFO     ___FILE_ONLY___ 
    "state": {
2023-03-10 17:05:01,381 INFO     ___FILE_ONLY___ 
      "name": "Not Installed"
2023-03-10 17:05:01,382 INFO     ___FILE_ONLY___ 
    }
2023-03-10 17:05:01,382 INFO     ___FILE_ONLY___ 
  }
2023-03-10 17:05:01,383 INFO     ___FILE_ONLY___ ,
  {
2023-03-10 17:05:01,383 INFO     ___FILE_ONLY___ 
    "current_version_string": null,
2023-03-10 17:05:01,383 INFO     ___FILE_ONLY___ 
    "id": "app-engine-php",
2023-03-10 17:05:01,383 INFO     ___FILE_ONLY___ 
    "is_configuration": false,
2023-03-10 17:05:01,383 INFO     ___FILE_ONLY___ 
    "is_hidden": false,
2023-03-10 17:05:01,383 INFO     ___FILE_ONLY___ 
    "latest_version_string": "",
2023-03-10 17:05:01,384 INFO     ___FILE_ONLY___ 
    "name": "gcloud app PHP Extensions",
2023-03-10 17:05:01,384 INFO     ___FILE_ONLY___ 
    "platform": {
2023-03-10 17:05:01,384 INFO     ___FILE_ONLY___ 
      "architecture": {
2023-03-10 17:05:01,384 INFO     ___FILE_ONLY___ 
        "file_name": "x86_64",
2023-03-10 17:05:01,384 INFO     ___FILE_ONLY___ 
        "id": "x86_64",
2023-03-10 17:05:01,384 INFO     ___FILE_ONLY___ 
        "name": "x86_64"
2023-03-10 17:05:01,384 INFO     ___FILE_ONLY___ 
      },
2023-03-10 17:05:01,384 INFO     ___FILE_ONLY___ 
      "operating_system": {
2023-03-10 17:05:01,384 INFO     ___FILE_ONLY___ 
        "file_name": "darwin",
2023-03-10 17:05:01,385 INFO     ___FILE_ONLY___ 
        "id": "MACOSX",
2023-03-10 17:05:01,385 INFO     ___FILE_ONLY___ 
        "name": "Mac OS X"
2023-03-10 17:05:01,385 INFO     ___FILE_ONLY___ 
      }
2023-03-10 17:05:01,385 INFO     ___FILE_ONLY___ 
    },
2023-03-10 17:05:01,385 INFO     ___FILE_ONLY___ 
    "platform_required": false,
2023-03-10 17:05:01,385 INFO     ___FILE_ONLY___ 
    "size": 22985548,
2023-03-10 17:05:01,386 INFO     ___FILE_ONLY___ 
    "state": {
2023-03-10 17:05:01,386 INFO     ___FILE_ONLY___ 
      "name": "Not Installed"
2023-03-10 17:05:01,386 INFO     ___FILE_ONLY___ 
    }
2023-03-10 17:05:01,386 INFO     ___FILE_ONLY___ 
  }
2023-03-10 17:05:01,387 INFO     ___FILE_ONLY___ ,
  {
2023-03-10 17:05:01,387 INFO     ___FILE_ONLY___ 
    "current_version_string": null,
2023-03-10 17:05:01,387 INFO     ___FILE_ONLY___ 
    "id": "app-engine-python",
2023-03-10 17:05:01,387 INFO     ___FILE_ONLY___ 
    "is_configuration": false,
2023-03-10 17:05:01,388 INFO     ___FILE_ONLY___ 
    "is_hidden": false,
2023-03-10 17:05:01,388 INFO     ___FILE_ONLY___ 
    "latest_version_string": "1.9.102",
2023-03-10 17:05:01,388 INFO     ___FILE_ONLY___ 
    "name": "gcloud app Python Extensions",
2023-03-10 17:05:01,388 INFO     ___FILE_ONLY___ 
    "platform": {
2023-03-10 17:05:01,388 INFO     ___FILE_ONLY___ 
      "architecture": {
2023-03-10 17:05:01,388 INFO     ___FILE_ONLY___ 
        "file_name": "x86_64",
2023-03-10 17:05:01,388 INFO     ___FILE_ONLY___ 
        "id": "x86_64",
2023-03-10 17:05:01,388 INFO     ___FILE_ONLY___ 
        "name": "x86_64"
2023-03-10 17:05:01,388 INFO     ___FILE_ONLY___ 
      },
2023-03-10 17:05:01,389 INFO     ___FILE_ONLY___ 
      "operating_system": {
2023-03-10 17:05:01,389 INFO     ___FILE_ONLY___ 
        "file_name": "darwin",
2023-03-10 17:05:01,389 INFO     ___FILE_ONLY___ 
        "id": "MACOSX",
2023-03-10 17:05:01,389 INFO     ___FILE_ONLY___ 
        "name": "Mac OS X"
2023-03-10 17:05:01,389 INFO     ___FILE_ONLY___ 
      }
2023-03-10 17:05:01,389 INFO     ___FILE_ONLY___ 
    },
2023-03-10 17:05:01,389 INFO     ___FILE_ONLY___ 
    "platform_required": false,
2023-03-10 17:05:01,389 INFO     ___FILE_ONLY___ 
    "size": 8899028,
2023-03-10 17:05:01,389 INFO     ___FILE_ONLY___ 
    "state": {
2023-03-10 17:05:01,390 INFO     ___FILE_ONLY___ 
      "name": "Not Installed"
2023-03-10 17:05:01,390 INFO     ___FILE_ONLY___ 
    }
2023-03-10 17:05:01,390 INFO     ___FILE_ONLY___ 
  }
2023-03-10 17:05:01,391 INFO     ___FILE_ONLY___ ,
  {
2023-03-10 17:05:01,391 INFO     ___FILE_ONLY___ 
    "current_version_string": null,
2023-03-10 17:05:01,391 INFO     ___FILE_ONLY___ 
    "id": "app-engine-python-extras",
2023-03-10 17:05:01,391 INFO     ___FILE_ONLY___ 
    "is_configuration": false,
2023-03-10 17:05:01,392 INFO     ___FILE_ONLY___ 
    "is_hidden": false,
2023-03-10 17:05:01,392 INFO     ___FILE_ONLY___ 
    "latest_version_string": "1.9.96",
2023-03-10 17:05:01,392 INFO     ___FILE_ONLY___ 
    "name": "gcloud app Python Extensions (Extra Libraries)",
2023-03-10 17:05:01,392 INFO     ___FILE_ONLY___ 
    "platform": {
2023-03-10 17:05:01,392 INFO     ___FILE_ONLY___ 
      "architecture": {
2023-03-10 17:05:01,392 INFO     ___FILE_ONLY___ 
        "file_name": "x86_64",
2023-03-10 17:05:01,393 INFO     ___FILE_ONLY___ 
        "id": "x86_64",
2023-03-10 17:05:01,393 INFO     ___FILE_ONLY___ 
        "name": "x86_64"
2023-03-10 17:05:01,393 INFO     ___FILE_ONLY___ 
      },
2023-03-10 17:05:01,393 INFO     ___FILE_ONLY___ 
      "operating_system": {
2023-03-10 17:05:01,393 INFO     ___FILE_ONLY___ 
        "file_name": "darwin",
2023-03-10 17:05:01,393 INFO     ___FILE_ONLY___ 
        "id": "MACOSX",
2023-03-10 17:05:01,393 INFO     ___FILE_ONLY___ 
        "name": "Mac OS X"
2023-03-10 17:05:01,393 INFO     ___FILE_ONLY___ 
      }
2023-03-10 17:05:01,393 INFO     ___FILE_ONLY___ 
    },
2023-03-10 17:05:01,394 INFO     ___FILE_ONLY___ 
    "platform_required": false,
2023-03-10 17:05:01,394 INFO     ___FILE_ONLY___ 
    "size": 27709995,
2023-03-10 17:05:01,394 INFO     ___FILE_ONLY___ 
    "state": {
2023-03-10 17:05:01,394 INFO     ___FILE_ONLY___ 
      "name": "Not Installed"
2023-03-10 17:05:01,394 INFO     ___FILE_ONLY___ 
    }
2023-03-10 17:05:01,394 INFO     ___FILE_ONLY___ 
  }
2023-03-10 17:05:01,395 INFO     ___FILE_ONLY___ ,
  {
2023-03-10 17:05:01,395 INFO     ___FILE_ONLY___ 
    "current_version_string": null,
2023-03-10 17:05:01,395 INFO     ___FILE_ONLY___ 
    "id": "kpt",
2023-03-10 17:05:01,395 INFO     ___FILE_ONLY___ 
    "is_configuration": false,
2023-03-10 17:05:01,396 INFO     ___FILE_ONLY___ 
    "is_hidden": false,
2023-03-10 17:05:01,396 INFO     ___FILE_ONLY___ 
    "latest_version_string": "1.0.0-beta.27",
2023-03-10 17:05:01,396 INFO     ___FILE_ONLY___ 
    "name": "kpt",
2023-03-10 17:05:01,396 INFO     ___FILE_ONLY___ 
    "platform": {
2023-03-10 17:05:01,396 INFO     ___FILE_ONLY___ 
      "architecture": {
2023-03-10 17:05:01,396 INFO     ___FILE_ONLY___ 
        "file_name": "x86_64",
2023-03-10 17:05:01,397 INFO     ___FILE_ONLY___ 
        "id": "x86_64",
2023-03-10 17:05:01,397 INFO     ___FILE_ONLY___ 
        "name": "x86_64"
2023-03-10 17:05:01,397 INFO     ___FILE_ONLY___ 
      },
2023-03-10 17:05:01,397 INFO     ___FILE_ONLY___ 
      "operating_system": {
2023-03-10 17:05:01,397 INFO     ___FILE_ONLY___ 
        "file_name": "darwin",
2023-03-10 17:05:01,397 INFO     ___FILE_ONLY___ 
        "id": "MACOSX",
2023-03-10 17:05:01,398 INFO     ___FILE_ONLY___ 
        "name": "Mac OS X"
2023-03-10 17:05:01,398 INFO     ___FILE_ONLY___ 
      }
2023-03-10 17:05:01,398 INFO     ___FILE_ONLY___ 
    },
2023-03-10 17:05:01,398 INFO     ___FILE_ONLY___ 
    "platform_required": false,
2023-03-10 17:05:01,398 INFO     ___FILE_ONLY___ 
    "size": 23343492,
2023-03-10 17:05:01,398 INFO     ___FILE_ONLY___ 
    "state": {
2023-03-10 17:05:01,398 INFO     ___FILE_ONLY___ 
      "name": "Not Installed"
2023-03-10 17:05:01,398 INFO     ___FILE_ONLY___ 
    }
2023-03-10 17:05:01,399 INFO     ___FILE_ONLY___ 
  }
2023-03-10 17:05:01,399 INFO     ___FILE_ONLY___ ,
  {
2023-03-10 17:05:01,399 INFO     ___FILE_ONLY___ 
    "current_version_string": null,
2023-03-10 17:05:01,400 INFO     ___FILE_ONLY___ 
    "id": "kubectl-oidc",
2023-03-10 17:05:01,400 INFO     ___FILE_ONLY___ 
    "is_configuration": false,
2023-03-10 17:05:01,400 INFO     ___FILE_ONLY___ 
    "is_hidden": false,
2023-03-10 17:05:01,400 INFO     ___FILE_ONLY___ 
    "latest_version_string": "1.4.4",
2023-03-10 17:05:01,400 INFO     ___FILE_ONLY___ 
    "name": "kubectl-oidc",
2023-03-10 17:05:01,400 INFO     ___FILE_ONLY___ 
    "platform": {
2023-03-10 17:05:01,401 INFO     ___FILE_ONLY___ 
      "architecture": {
2023-03-10 17:05:01,401 INFO     ___FILE_ONLY___ 
        "file_name": "x86_64",
2023-03-10 17:05:01,401 INFO     ___FILE_ONLY___ 
        "id": "x86_64",
2023-03-10 17:05:01,401 INFO     ___FILE_ONLY___ 
        "name": "x86_64"
2023-03-10 17:05:01,401 INFO     ___FILE_ONLY___ 
      },
2023-03-10 17:05:01,401 INFO     ___FILE_ONLY___ 
      "operating_system": {
2023-03-10 17:05:01,402 INFO     ___FILE_ONLY___ 
        "file_name": "darwin",
2023-03-10 17:05:01,402 INFO     ___FILE_ONLY___ 
        "id": "MACOSX",
2023-03-10 17:05:01,402 INFO     ___FILE_ONLY___ 
        "name": "Mac OS X"
2023-03-10 17:05:01,402 INFO     ___FILE_ONLY___ 
      }
2023-03-10 17:05:01,402 INFO     ___FILE_ONLY___ 
    },
2023-03-10 17:05:01,402 INFO     ___FILE_ONLY___ 
    "platform_required": false,
2023-03-10 17:05:01,402 INFO     ___FILE_ONLY___ 
    "size": 21183987,
2023-03-10 17:05:01,403 INFO     ___FILE_ONLY___ 
    "state": {
2023-03-10 17:05:01,403 INFO     ___FILE_ONLY___ 
      "name": "Not Installed"
2023-03-10 17:05:01,403 INFO     ___FILE_ONLY___ 
    }
2023-03-10 17:05:01,403 INFO     ___FILE_ONLY___ 
  }
2023-03-10 17:05:01,404 INFO     ___FILE_ONLY___ ,
  {
2023-03-10 17:05:01,404 INFO     ___FILE_ONLY___ 
    "current_version_string": null,
2023-03-10 17:05:01,404 INFO     ___FILE_ONLY___ 
    "id": "pkg",
2023-03-10 17:05:01,404 INFO     ___FILE_ONLY___ 
    "is_configuration": false,
2023-03-10 17:05:01,404 INFO     ___FILE_ONLY___ 
    "is_hidden": false,
2023-03-10 17:05:01,404 INFO     ___FILE_ONLY___ 
    "latest_version_string": "",
2023-03-10 17:05:01,404 INFO     ___FILE_ONLY___ 
    "name": "pkg",
2023-03-10 17:05:01,405 INFO     ___FILE_ONLY___ 
    "platform": {
2023-03-10 17:05:01,405 INFO     ___FILE_ONLY___ 
      "architecture": {
2023-03-10 17:05:01,405 INFO     ___FILE_ONLY___ 
        "file_name": "x86_64",
2023-03-10 17:05:01,405 INFO     ___FILE_ONLY___ 
        "id": "x86_64",
2023-03-10 17:05:01,405 INFO     ___FILE_ONLY___ 
        "name": "x86_64"
2023-03-10 17:05:01,405 INFO     ___FILE_ONLY___ 
      },
2023-03-10 17:05:01,405 INFO     ___FILE_ONLY___ 
      "operating_system": {
2023-03-10 17:05:01,405 INFO     ___FILE_ONLY___ 
        "file_name": "darwin",
2023-03-10 17:05:01,405 INFO     ___FILE_ONLY___ 
        "id": "MACOSX",
2023-03-10 17:05:01,406 INFO     ___FILE_ONLY___ 
        "name": "Mac OS X"
2023-03-10 17:05:01,406 INFO     ___FILE_ONLY___ 
      }
2023-03-10 17:05:01,406 INFO     ___FILE_ONLY___ 
    },
2023-03-10 17:05:01,406 INFO     ___FILE_ONLY___ 
    "platform_required": false,
2023-03-10 17:05:01,406 INFO     ___FILE_ONLY___ 
    "size": 0,
2023-03-10 17:05:01,406 INFO     ___FILE_ONLY___ 
    "state": {
2023-03-10 17:05:01,406 INFO     ___FILE_ONLY___ 
      "name": "Not Installed"
2023-03-10 17:05:01,406 INFO     ___FILE_ONLY___ 
    }
2023-03-10 17:05:01,407 INFO     ___FILE_ONLY___ 
  }
2023-03-10 17:05:01,407 INFO     ___FILE_ONLY___ ,
  {
2023-03-10 17:05:01,408 INFO     ___FILE_ONLY___ 
    "current_version_string": "2.0.87",
2023-03-10 17:05:01,408 INFO     ___FILE_ONLY___ 
    "id": "bq",
2023-03-10 17:05:01,408 INFO     ___FILE_ONLY___ 
    "is_configuration": false,
2023-03-10 17:05:01,408 INFO     ___FILE_ONLY___ 
    "is_hidden": false,
2023-03-10 17:05:01,408 INFO     ___FILE_ONLY___ 
    "latest_version_string": "2.0.87",
2023-03-10 17:05:01,408 INFO     ___FILE_ONLY___ 
    "name": "BigQuery Command Line Tool",
2023-03-10 17:05:01,408 INFO     ___FILE_ONLY___ 
    "platform": {
2023-03-10 17:05:01,409 INFO     ___FILE_ONLY___ 
      "architecture": {
2023-03-10 17:05:01,409 INFO     ___FILE_ONLY___ 
        "file_name": "x86_64",
2023-03-10 17:05:01,409 INFO     ___FILE_ONLY___ 
        "id": "x86_64",
2023-03-10 17:05:01,409 INFO     ___FILE_ONLY___ 
        "name": "x86_64"
2023-03-10 17:05:01,409 INFO     ___FILE_ONLY___ 
      },
2023-03-10 17:05:01,409 INFO     ___FILE_ONLY___ 
      "operating_system": {
2023-03-10 17:05:01,409 INFO     ___FILE_ONLY___ 
        "file_name": "darwin",
2023-03-10 17:05:01,409 INFO     ___FILE_ONLY___ 
        "id": "MACOSX",
2023-03-10 17:05:01,409 INFO     ___FILE_ONLY___ 
        "name": "Mac OS X"
2023-03-10 17:05:01,410 INFO     ___FILE_ONLY___ 
      }
2023-03-10 17:05:01,410 INFO     ___FILE_ONLY___ 
    },
2023-03-10 17:05:01,410 INFO     ___FILE_ONLY___ 
    "platform_required": false,
2023-03-10 17:05:01,410 INFO     ___FILE_ONLY___ 
    "size": 1700317,
2023-03-10 17:05:01,410 INFO     ___FILE_ONLY___ 
    "state": {
2023-03-10 17:05:01,410 INFO     ___FILE_ONLY___ 
      "name": "Installed"
2023-03-10 17:05:01,410 INFO     ___FILE_ONLY___ 
    }
2023-03-10 17:05:01,410 INFO     ___FILE_ONLY___ 
  }
2023-03-10 17:05:01,411 INFO     ___FILE_ONLY___ ,
  {
2023-03-10 17:05:01,412 INFO     ___FILE_ONLY___ 
    "current_version_string": "5.21",
2023-03-10 17:05:01,412 INFO     ___FILE_ONLY___ 
    "id": "gsutil",
2023-03-10 17:05:01,412 INFO     ___FILE_ONLY___ 
    "is_configuration": false,
2023-03-10 17:05:01,412 INFO     ___FILE_ONLY___ 
    "is_hidden": false,
2023-03-10 17:05:01,412 INFO     ___FILE_ONLY___ 
    "latest_version_string": "5.21",
2023-03-10 17:05:01,412 INFO     ___FILE_ONLY___ 
    "name": "Cloud Storage Command Line Tool",
2023-03-10 17:05:01,412 INFO     ___FILE_ONLY___ 
    "platform": {
2023-03-10 17:05:01,413 INFO     ___FILE_ONLY___ 
      "architecture": {
2023-03-10 17:05:01,413 INFO     ___FILE_ONLY___ 
        "file_name": "x86_64",
2023-03-10 17:05:01,413 INFO     ___FILE_ONLY___ 
        "id": "x86_64",
2023-03-10 17:05:01,413 INFO     ___FILE_ONLY___ 
        "name": "x86_64"
2023-03-10 17:05:01,413 INFO     ___FILE_ONLY___ 
      },
2023-03-10 17:05:01,413 INFO     ___FILE_ONLY___ 
      "operating_system": {
2023-03-10 17:05:01,414 INFO     ___FILE_ONLY___ 
        "file_name": "darwin",
2023-03-10 17:05:01,414 INFO     ___FILE_ONLY___ 
        "id": "MACOSX",
2023-03-10 17:05:01,414 INFO     ___FILE_ONLY___ 
        "name": "Mac OS X"
2023-03-10 17:05:01,414 INFO     ___FILE_ONLY___ 
      }
2023-03-10 17:05:01,414 INFO     ___FILE_ONLY___ 
    },
2023-03-10 17:05:01,414 INFO     ___FILE_ONLY___ 
    "platform_required": false,
2023-03-10 17:05:01,414 INFO     ___FILE_ONLY___ 
    "size": 16305091,
2023-03-10 17:05:01,414 INFO     ___FILE_ONLY___ 
    "state": {
2023-03-10 17:05:01,415 INFO     ___FILE_ONLY___ 
      "name": "Installed"
2023-03-10 17:05:01,415 INFO     ___FILE_ONLY___ 
    }
2023-03-10 17:05:01,415 INFO     ___FILE_ONLY___ 
  }
2023-03-10 17:05:01,416 INFO     ___FILE_ONLY___ ,
  {
2023-03-10 17:05:01,416 INFO     ___FILE_ONLY___ 
    "current_version_string": "2023.03.03",
2023-03-10 17:05:01,416 INFO     ___FILE_ONLY___ 
    "id": "core",
2023-03-10 17:05:01,417 INFO     ___FILE_ONLY___ 
    "is_configuration": false,
2023-03-10 17:05:01,417 INFO     ___FILE_ONLY___ 
    "is_hidden": false,
2023-03-10 17:05:01,417 INFO     ___FILE_ONLY___ 
    "latest_version_string": "2023.03.03",
2023-03-10 17:05:01,417 INFO     ___FILE_ONLY___ 
    "name": "Google Cloud CLI Core Libraries",
2023-03-10 17:05:01,417 INFO     ___FILE_ONLY___ 
    "platform": {
2023-03-10 17:05:01,417 INFO     ___FILE_ONLY___ 
      "architecture": {
2023-03-10 17:05:01,418 INFO     ___FILE_ONLY___ 
        "file_name": "x86_64",
2023-03-10 17:05:01,418 INFO     ___FILE_ONLY___ 
        "id": "x86_64",
2023-03-10 17:05:01,418 INFO     ___FILE_ONLY___ 
        "name": "x86_64"
2023-03-10 17:05:01,418 INFO     ___FILE_ONLY___ 
      },
2023-03-10 17:05:01,418 INFO     ___FILE_ONLY___ 
      "operating_system": {
2023-03-10 17:05:01,418 INFO     ___FILE_ONLY___ 
        "file_name": "darwin",
2023-03-10 17:05:01,419 INFO     ___FILE_ONLY___ 
        "id": "MACOSX",
2023-03-10 17:05:01,419 INFO     ___FILE_ONLY___ 
        "name": "Mac OS X"
2023-03-10 17:05:01,419 INFO     ___FILE_ONLY___ 
      }
2023-03-10 17:05:01,419 INFO     ___FILE_ONLY___ 
    },
2023-03-10 17:05:01,419 INFO     ___FILE_ONLY___ 
    "platform_required": false,
2023-03-10 17:05:01,419 INFO     ___FILE_ONLY___ 
    "size": 28098613,
2023-03-10 17:05:01,419 INFO     ___FILE_ONLY___ 
    "state": {
2023-03-10 17:05:01,420 INFO     ___FILE_ONLY___ 
      "name": "Installed"
2023-03-10 17:05:01,420 INFO     ___FILE_ONLY___ 
    }
2023-03-10 17:05:01,420 INFO     ___FILE_ONLY___ 
  }
2023-03-10 17:05:01,421 INFO     ___FILE_ONLY___ ,
  {
2023-03-10 17:05:01,421 INFO     ___FILE_ONLY___ 
    "current_version_string": "1.0.0",
2023-03-10 17:05:01,421 INFO     ___FILE_ONLY___ 
    "id": "gcloud-crc32c",
2023-03-10 17:05:01,421 INFO     ___FILE_ONLY___ 
    "is_configuration": false,
2023-03-10 17:05:01,421 INFO     ___FILE_ONLY___ 
    "is_hidden": false,
2023-03-10 17:05:01,421 INFO     ___FILE_ONLY___ 
    "latest_version_string": "1.0.0",
2023-03-10 17:05:01,421 INFO     ___FILE_ONLY___ 
    "name": "Google Cloud CRC32C Hash Tool",
2023-03-10 17:05:01,422 INFO     ___FILE_ONLY___ 
    "platform": {
2023-03-10 17:05:01,422 INFO     ___FILE_ONLY___ 
      "architecture": {
2023-03-10 17:05:01,422 INFO     ___FILE_ONLY___ 
        "file_name": "x86_64",
2023-03-10 17:05:01,422 INFO     ___FILE_ONLY___ 
        "id": "x86_64",
2023-03-10 17:05:01,422 INFO     ___FILE_ONLY___ 
        "name": "x86_64"
2023-03-10 17:05:01,422 INFO     ___FILE_ONLY___ 
      },
2023-03-10 17:05:01,422 INFO     ___FILE_ONLY___ 
      "operating_system": {
2023-03-10 17:05:01,422 INFO     ___FILE_ONLY___ 
        "file_name": "darwin",
2023-03-10 17:05:01,423 INFO     ___FILE_ONLY___ 
        "id": "MACOSX",
2023-03-10 17:05:01,423 INFO     ___FILE_ONLY___ 
        "name": "Mac OS X"
2023-03-10 17:05:01,423 INFO     ___FILE_ONLY___ 
      }
2023-03-10 17:05:01,423 INFO     ___FILE_ONLY___ 
    },
2023-03-10 17:05:01,423 INFO     ___FILE_ONLY___ 
    "platform_required": false,
2023-03-10 17:05:01,423 INFO     ___FILE_ONLY___ 
    "size": 1241659,
2023-03-10 17:05:01,423 INFO     ___FILE_ONLY___ 
    "state": {
2023-03-10 17:05:01,423 INFO     ___FILE_ONLY___ 
      "name": "Installed"
2023-03-10 17:05:01,424 INFO     ___FILE_ONLY___ 
    }
2023-03-10 17:05:01,424 INFO     ___FILE_ONLY___ 
  }
2023-03-10 17:05:01,425 INFO     ___FILE_ONLY___ ,
  {
2023-03-10 17:05:01,425 INFO     ___FILE_ONLY___ 
    "current_version_string": "1.28.0",
2023-03-10 17:05:01,425 INFO     ___FILE_ONLY___ 
    "id": "minikube",
2023-03-10 17:05:01,425 INFO     ___FILE_ONLY___ 
    "is_configuration": false,
2023-03-10 17:05:01,425 INFO     ___FILE_ONLY___ 
    "is_hidden": false,
2023-03-10 17:05:01,425 INFO     ___FILE_ONLY___ 
    "latest_version_string": "1.29.0",
2023-03-10 17:05:01,425 INFO     ___FILE_ONLY___ 
    "name": "Minikube",
2023-03-10 17:05:01,425 INFO     ___FILE_ONLY___ 
    "platform": {
2023-03-10 17:05:01,426 INFO     ___FILE_ONLY___ 
      "architecture": {
2023-03-10 17:05:01,426 INFO     ___FILE_ONLY___ 
        "file_name": "x86_64",
2023-03-10 17:05:01,426 INFO     ___FILE_ONLY___ 
        "id": "x86_64",
2023-03-10 17:05:01,426 INFO     ___FILE_ONLY___ 
        "name": "x86_64"
2023-03-10 17:05:01,426 INFO     ___FILE_ONLY___ 
      },
2023-03-10 17:05:01,426 INFO     ___FILE_ONLY___ 
      "operating_system": {
2023-03-10 17:05:01,426 INFO     ___FILE_ONLY___ 
        "file_name": "darwin",
2023-03-10 17:05:01,426 INFO     ___FILE_ONLY___ 
        "id": "MACOSX",
2023-03-10 17:05:01,427 INFO     ___FILE_ONLY___ 
        "name": "Mac OS X"
2023-03-10 17:05:01,427 INFO     ___FILE_ONLY___ 
      }
2023-03-10 17:05:01,427 INFO     ___FILE_ONLY___ 
    },
2023-03-10 17:05:01,427 INFO     ___FILE_ONLY___ 
    "platform_required": false,
2023-03-10 17:05:01,427 INFO     ___FILE_ONLY___ 
    "size": 34129820,
2023-03-10 17:05:01,427 INFO     ___FILE_ONLY___ 
    "state": {
2023-03-10 17:05:01,428 INFO     ___FILE_ONLY___ 
      "name": "Installed"
2023-03-10 17:05:01,428 INFO     ___FILE_ONLY___ 
    }
2023-03-10 17:05:01,428 INFO     ___FILE_ONLY___ 
  }
2023-03-10 17:05:01,429 INFO     ___FILE_ONLY___ ,
  {
2023-03-10 17:05:01,429 INFO     ___FILE_ONLY___ 
    "current_version_string": "1.39.3",
2023-03-10 17:05:01,429 INFO     ___FILE_ONLY___ 
    "id": "skaffold",
2023-03-10 17:05:01,429 INFO     ___FILE_ONLY___ 
    "is_configuration": false,
2023-03-10 17:05:01,430 INFO     ___FILE_ONLY___ 
    "is_hidden": false,
2023-03-10 17:05:01,430 INFO     ___FILE_ONLY___ 
    "latest_version_string": "2.1.0",
2023-03-10 17:05:01,430 INFO     ___FILE_ONLY___ 
    "name": "Skaffold",
2023-03-10 17:05:01,430 INFO     ___FILE_ONLY___ 
    "platform": {
2023-03-10 17:05:01,430 INFO     ___FILE_ONLY___ 
      "architecture": {
2023-03-10 17:05:01,430 INFO     ___FILE_ONLY___ 
        "file_name": "x86_64",
2023-03-10 17:05:01,430 INFO     ___FILE_ONLY___ 
        "id": "x86_64",
2023-03-10 17:05:01,431 INFO     ___FILE_ONLY___ 
        "name": "x86_64"
2023-03-10 17:05:01,431 INFO     ___FILE_ONLY___ 
      },
2023-03-10 17:05:01,431 INFO     ___FILE_ONLY___ 
      "operating_system": {
2023-03-10 17:05:01,431 INFO     ___FILE_ONLY___ 
        "file_name": "darwin",
2023-03-10 17:05:01,431 INFO     ___FILE_ONLY___ 
        "id": "MACOSX",
2023-03-10 17:05:01,431 INFO     ___FILE_ONLY___ 
        "name": "Mac OS X"
2023-03-10 17:05:01,432 INFO     ___FILE_ONLY___ 
      }
2023-03-10 17:05:01,432 INFO     ___FILE_ONLY___ 
    },
2023-03-10 17:05:01,432 INFO     ___FILE_ONLY___ 
    "platform_required": false,
2023-03-10 17:05:01,432 INFO     ___FILE_ONLY___ 
    "size": 22875453,
2023-03-10 17:05:01,432 INFO     ___FILE_ONLY___ 
    "state": {
2023-03-10 17:05:01,432 INFO     ___FILE_ONLY___ 
      "name": "Installed"
2023-03-10 17:05:01,433 INFO     ___FILE_ONLY___ 
    }
2023-03-10 17:05:01,433 INFO     ___FILE_ONLY___ 
  }
2023-03-10 17:05:01,434 INFO     ___FILE_ONLY___ ,
  {
2023-03-10 17:05:01,434 INFO     ___FILE_ONLY___ 
    "current_version_string": "2023.03.03",
2023-03-10 17:05:01,434 INFO     ___FILE_ONLY___ 
    "id": "alpha",
2023-03-10 17:05:01,435 INFO     ___FILE_ONLY___ 
    "is_configuration": false,
2023-03-10 17:05:01,435 INFO     ___FILE_ONLY___ 
    "is_hidden": false,
2023-03-10 17:05:01,435 INFO     ___FILE_ONLY___ 
    "latest_version_string": "2023.03.03",
2023-03-10 17:05:01,435 INFO     ___FILE_ONLY___ 
    "name": "gcloud Alpha Commands",
2023-03-10 17:05:01,435 INFO     ___FILE_ONLY___ 
    "platform": {
2023-03-10 17:05:01,435 INFO     ___FILE_ONLY___ 
      "architecture": {
2023-03-10 17:05:01,435 INFO     ___FILE_ONLY___ 
        "file_name": "x86_64",
2023-03-10 17:05:01,435 INFO     ___FILE_ONLY___ 
        "id": "x86_64",
2023-03-10 17:05:01,436 INFO     ___FILE_ONLY___ 
        "name": "x86_64"
2023-03-10 17:05:01,436 INFO     ___FILE_ONLY___ 
      },
2023-03-10 17:05:01,436 INFO     ___FILE_ONLY___ 
      "operating_system": {
2023-03-10 17:05:01,436 INFO     ___FILE_ONLY___ 
        "file_name": "darwin",
2023-03-10 17:05:01,436 INFO     ___FILE_ONLY___ 
        "id": "MACOSX",
2023-03-10 17:05:01,436 INFO     ___FILE_ONLY___ 
        "name": "Mac OS X"
2023-03-10 17:05:01,437 INFO     ___FILE_ONLY___ 
      }
2023-03-10 17:05:01,437 INFO     ___FILE_ONLY___ 
    },
2023-03-10 17:05:01,437 INFO     ___FILE_ONLY___ 
    "platform_required": false,
2023-03-10 17:05:01,437 INFO     ___FILE_ONLY___ 
    "size": 800,
2023-03-10 17:05:01,437 INFO     ___FILE_ONLY___ 
    "state": {
2023-03-10 17:05:01,437 INFO     ___FILE_ONLY___ 
      "name": "Installed"
2023-03-10 17:05:01,437 INFO     ___FILE_ONLY___ 
    }
2023-03-10 17:05:01,438 INFO     ___FILE_ONLY___ 
  }
2023-03-10 17:05:01,439 INFO     ___FILE_ONLY___ ,
  {
2023-03-10 17:05:01,440 INFO     ___FILE_ONLY___ 
    "current_version_string": "2023.03.03",
2023-03-10 17:05:01,440 INFO     ___FILE_ONLY___ 
    "id": "beta",
2023-03-10 17:05:01,440 INFO     ___FILE_ONLY___ 
    "is_configuration": false,
2023-03-10 17:05:01,441 INFO     ___FILE_ONLY___ 
    "is_hidden": false,
2023-03-10 17:05:01,441 INFO     ___FILE_ONLY___ 
    "latest_version_string": "2023.03.03",
2023-03-10 17:05:01,441 INFO     ___FILE_ONLY___ 
    "name": "gcloud Beta Commands",
2023-03-10 17:05:01,441 INFO     ___FILE_ONLY___ 
    "platform": {
2023-03-10 17:05:01,441 INFO     ___FILE_ONLY___ 
      "architecture": {
2023-03-10 17:05:01,441 INFO     ___FILE_ONLY___ 
        "file_name": "x86_64",
2023-03-10 17:05:01,441 INFO     ___FILE_ONLY___ 
        "id": "x86_64",
2023-03-10 17:05:01,442 INFO     ___FILE_ONLY___ 
        "name": "x86_64"
2023-03-10 17:05:01,442 INFO     ___FILE_ONLY___ 
      },
2023-03-10 17:05:01,442 INFO     ___FILE_ONLY___ 
      "operating_system": {
2023-03-10 17:05:01,442 INFO     ___FILE_ONLY___ 
        "file_name": "darwin",
2023-03-10 17:05:01,442 INFO     ___FILE_ONLY___ 
        "id": "MACOSX",
2023-03-10 17:05:01,442 INFO     ___FILE_ONLY___ 
        "name": "Mac OS X"
2023-03-10 17:05:01,443 INFO     ___FILE_ONLY___ 
      }
2023-03-10 17:05:01,443 INFO     ___FILE_ONLY___ 
    },
2023-03-10 17:05:01,443 INFO     ___FILE_ONLY___ 
    "platform_required": false,
2023-03-10 17:05:01,443 INFO     ___FILE_ONLY___ 
    "size": 797,
2023-03-10 17:05:01,443 INFO     ___FILE_ONLY___ 
    "state": {
2023-03-10 17:05:01,443 INFO     ___FILE_ONLY___ 
      "name": "Installed"
2023-03-10 17:05:01,444 INFO     ___FILE_ONLY___ 
    }
2023-03-10 17:05:01,444 INFO     ___FILE_ONLY___ 
  }
2023-03-10 17:05:01,445 INFO     ___FILE_ONLY___ ,
  {
2023-03-10 17:05:01,445 INFO     ___FILE_ONLY___ 
    "current_version_string": "0.4.0",
2023-03-10 17:05:01,445 INFO     ___FILE_ONLY___ 
    "id": "gke-gcloud-auth-plugin",
2023-03-10 17:05:01,445 INFO     ___FILE_ONLY___ 
    "is_configuration": false,
2023-03-10 17:05:01,445 INFO     ___FILE_ONLY___ 
    "is_hidden": false,
2023-03-10 17:05:01,446 INFO     ___FILE_ONLY___ 
    "latest_version_string": "0.5.0",
2023-03-10 17:05:01,446 INFO     ___FILE_ONLY___ 
    "name": "gke-gcloud-auth-plugin",
2023-03-10 17:05:01,446 INFO     ___FILE_ONLY___ 
    "platform": {
2023-03-10 17:05:01,446 INFO     ___FILE_ONLY___ 
      "architecture": {
2023-03-10 17:05:01,446 INFO     ___FILE_ONLY___ 
        "file_name": "x86_64",
2023-03-10 17:05:01,447 INFO     ___FILE_ONLY___ 
        "id": "x86_64",
2023-03-10 17:05:01,447 INFO     ___FILE_ONLY___ 
        "name": "x86_64"
2023-03-10 17:05:01,447 INFO     ___FILE_ONLY___ 
      },
2023-03-10 17:05:01,447 INFO     ___FILE_ONLY___ 
      "operating_system": {
2023-03-10 17:05:01,447 INFO     ___FILE_ONLY___ 
        "file_name": "darwin",
2023-03-10 17:05:01,447 INFO     ___FILE_ONLY___ 
        "id": "MACOSX",
2023-03-10 17:05:01,447 INFO     ___FILE_ONLY___ 
        "name": "Mac OS X"
2023-03-10 17:05:01,448 INFO     ___FILE_ONLY___ 
      }
2023-03-10 17:05:01,448 INFO     ___FILE_ONLY___ 
    },
2023-03-10 17:05:01,448 INFO     ___FILE_ONLY___ 
    "platform_required": false,
2023-03-10 17:05:01,448 INFO     ___FILE_ONLY___ 
    "size": 7839640,
2023-03-10 17:05:01,448 INFO     ___FILE_ONLY___ 
    "state": {
2023-03-10 17:05:01,448 INFO     ___FILE_ONLY___ 
      "name": "Installed"
2023-03-10 17:05:01,448 INFO     ___FILE_ONLY___ 
    }
2023-03-10 17:05:01,448 INFO     ___FILE_ONLY___ 
  }
2023-03-10 17:05:01,453 INFO     ___FILE_ONLY___ ,
  {
2023-03-10 17:05:01,453 INFO     ___FILE_ONLY___ 
    "current_version_string": "1.24.11",
2023-03-10 17:05:01,453 INFO     ___FILE_ONLY___ 
    "id": "kubectl",
2023-03-10 17:05:01,454 INFO     ___FILE_ONLY___ 
    "is_configuration": false,
2023-03-10 17:05:01,454 INFO     ___FILE_ONLY___ 
    "is_hidden": false,
2023-03-10 17:05:01,454 INFO     ___FILE_ONLY___ 
    "latest_version_string": "1.24.11",
2023-03-10 17:05:01,454 INFO     ___FILE_ONLY___ 
    "name": "kubectl",
2023-03-10 17:05:01,455 INFO     ___FILE_ONLY___ 
    "platform": {
2023-03-10 17:05:01,455 INFO     ___FILE_ONLY___ 
      "architecture": {
2023-03-10 17:05:01,455 INFO     ___FILE_ONLY___ 
        "file_name": "x86_64",
2023-03-10 17:05:01,455 INFO     ___FILE_ONLY___ 
        "id": "x86_64",
2023-03-10 17:05:01,455 INFO     ___FILE_ONLY___ 
        "name": "x86_64"
2023-03-10 17:05:01,455 INFO     ___FILE_ONLY___ 
      },
2023-03-10 17:05:01,455 INFO     ___FILE_ONLY___ 
      "operating_system": {
2023-03-10 17:05:01,455 INFO     ___FILE_ONLY___ 
        "file_name": "darwin",
2023-03-10 17:05:01,456 INFO     ___FILE_ONLY___ 
        "id": "MACOSX",
2023-03-10 17:05:01,456 INFO     ___FILE_ONLY___ 
        "name": "Mac OS X"
2023-03-10 17:05:01,456 INFO     ___FILE_ONLY___ 
      }
2023-03-10 17:05:01,456 INFO     ___FILE_ONLY___ 
    },
2023-03-10 17:05:01,456 INFO     ___FILE_ONLY___ 
    "platform_required": true,
2023-03-10 17:05:01,456 INFO     ___FILE_ONLY___ 
    "size": 35450,
2023-03-10 17:05:01,457 INFO     ___FILE_ONLY___ 
    "state": {
2023-03-10 17:05:01,457 INFO     ___FILE_ONLY___ 
      "name": "Installed"
2023-03-10 17:05:01,457 INFO     ___FILE_ONLY___ 
    }
2023-03-10 17:05:01,457 INFO     ___FILE_ONLY___ 
  }
2023-03-10 17:05:01,457 INFO     ___FILE_ONLY___ 
]

