2023-03-10 17:25:33,479 DEBUG    root            Loaded Command Group: ['gcloud', 'components']
2023-03-10 17:25:33,489 DEBUG    root            Loaded Command Group: ['gcloud', 'components', 'list']
2023-03-10 17:25:33,493 DEBUG    root            Running [gcloud.components.list] with arguments: [--format: "json", --quiet: "True", --verbosity: "warning"]
2023-03-10 17:25:33,542 DEBUG    urllib3.connectionpool Starting new HTTPS connection (1): dl.google.com:443
2023-03-10 17:25:33,809 DEBUG    urllib3.connectionpool https://dl.google.com:443 "GET /dl/cloudsdk/channels/rapid/components-2.json HTTP/1.1" 200 206156
2023-03-10 17:25:34,052 INFO     ___FILE_ONLY___ 
Your current Google Cloud CLI version is: 421.0.0

2023-03-10 17:25:34,052 INFO     ___FILE_ONLY___ The latest available version is: 421.0.0

2023-03-10 17:25:34,053 INFO     ___FILE_ONLY___ 

2023-03-10 17:25:34,053 DEBUG    root            Chosen display Format:table[box,title="Components"](state.name:label=Status,name:label=Name,id:label=ID,size.size(zero="",min=1048576):label=Size:align=right) json
2023-03-10 17:25:34,055 INFO     root            Display format: "table[box,title="Components"](state.name:label=Status,name:label=Name,id:label=ID,size.size(zero="",min=1048576):label=Size:align=right) json"
2023-03-10 17:25:34,056 INFO     ___FILE_ONLY___ [
  {
2023-03-10 17:25:34,057 INFO     ___FILE_ONLY___ 
    "current_version_string": null,
2023-03-10 17:25:34,057 INFO     ___FILE_ONLY___ 
    "id": "app-engine-go",
2023-03-10 17:25:34,057 INFO     ___FILE_ONLY___ 
    "is_configuration": false,
2023-03-10 17:25:34,057 INFO     ___FILE_ONLY___ 
    "is_hidden": false,
2023-03-10 17:25:34,057 INFO     ___FILE_ONLY___ 
    "latest_version_string": "1.9.72",
2023-03-10 17:25:34,057 INFO     ___FILE_ONLY___ 
    "name": "App Engine Go Extensions",
2023-03-10 17:25:34,057 INFO     ___FILE_ONLY___ 
    "platform": {
2023-03-10 17:25:34,057 INFO     ___FILE_ONLY___ 
      "architecture": {
2023-03-10 17:25:34,058 INFO     ___FILE_ONLY___ 
        "file_name": "x86_64",
2023-03-10 17:25:34,058 INFO     ___FILE_ONLY___ 
        "id": "x86_64",
2023-03-10 17:25:34,058 INFO     ___FILE_ONLY___ 
        "name": "x86_64"
2023-03-10 17:25:34,058 INFO     ___FILE_ONLY___ 
      },
2023-03-10 17:25:34,058 INFO     ___FILE_ONLY___ 
      "operating_system": {
2023-03-10 17:25:34,058 INFO     ___FILE_ONLY___ 
        "file_name": "darwin",
2023-03-10 17:25:34,058 INFO     ___FILE_ONLY___ 
        "id": "MACOSX",
2023-03-10 17:25:34,058 INFO     ___FILE_ONLY___ 
        "name": "Mac OS X"
2023-03-10 17:25:34,059 INFO     ___FILE_ONLY___ 
      }
2023-03-10 17:25:34,059 INFO     ___FILE_ONLY___ 
    },
2023-03-10 17:25:34,059 INFO     ___FILE_ONLY___ 
    "platform_required": false,
2023-03-10 17:25:34,059 INFO     ___FILE_ONLY___ 
    "size": 4320254,
2023-03-10 17:25:34,059 INFO     ___FILE_ONLY___ 
    "state": {
2023-03-10 17:25:34,059 INFO     ___FILE_ONLY___ 
      "name": "Not Installed"
2023-03-10 17:25:34,059 INFO     ___FILE_ONLY___ 
    }
2023-03-10 17:25:34,059 INFO     ___FILE_ONLY___ 
  }
2023-03-10 17:25:34,060 INFO     ___FILE_ONLY___ ,
  {
2023-03-10 17:25:34,060 INFO     ___FILE_ONLY___ 
    "current_version_string": null,
2023-03-10 17:25:34,061 INFO     ___FILE_ONLY___ 
    "id": "appctl",
2023-03-10 17:25:34,061 INFO     ___FILE_ONLY___ 
    "is_configuration": false,
2023-03-10 17:25:34,061 INFO     ___FILE_ONLY___ 
    "is_hidden": false,
2023-03-10 17:25:34,061 INFO     ___FILE_ONLY___ 
    "latest_version_string": "0.1.12",
2023-03-10 17:25:34,061 INFO     ___FILE_ONLY___ 
    "name": "Appctl",
2023-03-10 17:25:34,061 INFO     ___FILE_ONLY___ 
    "platform": {
2023-03-10 17:25:34,061 INFO     ___FILE_ONLY___ 
      "architecture": {
2023-03-10 17:25:34,061 INFO     ___FILE_ONLY___ 
        "file_name": "x86_64",
2023-03-10 17:25:34,062 INFO     ___FILE_ONLY___ 
        "id": "x86_64",
2023-03-10 17:25:34,062 INFO     ___FILE_ONLY___ 
        "name": "x86_64"
2023-03-10 17:25:34,062 INFO     ___FILE_ONLY___ 
      },
2023-03-10 17:25:34,062 INFO     ___FILE_ONLY___ 
      "operating_system": {
2023-03-10 17:25:34,062 INFO     ___FILE_ONLY___ 
        "file_name": "darwin",
2023-03-10 17:25:34,062 INFO     ___FILE_ONLY___ 
        "id": "MACOSX",
2023-03-10 17:25:34,062 INFO     ___FILE_ONLY___ 
        "name": "Mac OS X"
2023-03-10 17:25:34,062 INFO     ___FILE_ONLY___ 
      }
2023-03-10 17:25:34,063 INFO     ___FILE_ONLY___ 
    },
2023-03-10 17:25:34,063 INFO     ___FILE_ONLY___ 
    "platform_required": false,
2023-03-10 17:25:34,063 INFO     ___FILE_ONLY___ 
    "size": 19381598,
2023-03-10 17:25:34,063 INFO     ___FILE_ONLY___ 
    "state": {
2023-03-10 17:25:34,063 INFO     ___FILE_ONLY___ 
      "name": "Not Installed"
2023-03-10 17:25:34,063 INFO     ___FILE_ONLY___ 
    }
2023-03-10 17:25:34,063 INFO     ___FILE_ONLY___ 
  }
2023-03-10 17:25:34,064 INFO     ___FILE_ONLY___ ,
  {
2023-03-10 17:25:34,064 INFO     ___FILE_ONLY___ 
    "current_version_string": null,
2023-03-10 17:25:34,064 INFO     ___FILE_ONLY___ 
    "id": "package-go-module",
2023-03-10 17:25:34,065 INFO     ___FILE_ONLY___ 
    "is_configuration": false,
2023-03-10 17:25:34,065 INFO     ___FILE_ONLY___ 
    "is_hidden": false,
2023-03-10 17:25:34,065 INFO     ___FILE_ONLY___ 
    "latest_version_string": "0.3.0",
2023-03-10 17:25:34,065 INFO     ___FILE_ONLY___ 
    "name": "Artifact Registry Go Module Package Helper",
2023-03-10 17:25:34,065 INFO     ___FILE_ONLY___ 
    "platform": {
2023-03-10 17:25:34,065 INFO     ___FILE_ONLY___ 
      "architecture": {
2023-03-10 17:25:34,065 INFO     ___FILE_ONLY___ 
        "file_name": "x86_64",
2023-03-10 17:25:34,065 INFO     ___FILE_ONLY___ 
        "id": "x86_64",
2023-03-10 17:25:34,065 INFO     ___FILE_ONLY___ 
        "name": "x86_64"
2023-03-10 17:25:34,066 INFO     ___FILE_ONLY___ 
      },
2023-03-10 17:25:34,066 INFO     ___FILE_ONLY___ 
      "operating_system": {
2023-03-10 17:25:34,066 INFO     ___FILE_ONLY___ 
        "file_name": "darwin",
2023-03-10 17:25:34,066 INFO     ___FILE_ONLY___ 
        "id": "MACOSX",
2023-03-10 17:25:34,066 INFO     ___FILE_ONLY___ 
        "name": "Mac OS X"
2023-03-10 17:25:34,066 INFO     ___FILE_ONLY___ 
      }
2023-03-10 17:25:34,066 INFO     ___FILE_ONLY___ 
    },
2023-03-10 17:25:34,067 INFO     ___FILE_ONLY___ 
    "platform_required": false,
2023-03-10 17:25:34,067 INFO     ___FILE_ONLY___ 
    "size": 840902,
2023-03-10 17:25:34,067 INFO     ___FILE_ONLY___ 
    "state": {
2023-03-10 17:25:34,067 INFO     ___FILE_ONLY___ 
      "name": "Not Installed"
2023-03-10 17:25:34,067 INFO     ___FILE_ONLY___ 
    }
2023-03-10 17:25:34,067 INFO     ___FILE_ONLY___ 
  }
2023-03-10 17:25:34,068 INFO     ___FILE_ONLY___ ,
  {
2023-03-10 17:25:34,068 INFO     ___FILE_ONLY___ 
    "current_version_string": null,
2023-03-10 17:25:34,068 INFO     ___FILE_ONLY___ 
    "id": "cbt",
2023-03-10 17:25:34,069 INFO     ___FILE_ONLY___ 
    "is_configuration": false,
2023-03-10 17:25:34,069 INFO     ___FILE_ONLY___ 
    "is_hidden": false,
2023-03-10 17:25:34,069 INFO     ___FILE_ONLY___ 
    "latest_version_string": "0.13.0",
2023-03-10 17:25:34,069 INFO     ___FILE_ONLY___ 
    "name": "Cloud Bigtable Command Line Tool",
2023-03-10 17:25:34,069 INFO     ___FILE_ONLY___ 
    "platform": {
2023-03-10 17:25:34,069 INFO     ___FILE_ONLY___ 
      "architecture": {
2023-03-10 17:25:34,069 INFO     ___FILE_ONLY___ 
        "file_name": "x86_64",
2023-03-10 17:25:34,070 INFO     ___FILE_ONLY___ 
        "id": "x86_64",
2023-03-10 17:25:34,070 INFO     ___FILE_ONLY___ 
        "name": "x86_64"
2023-03-10 17:25:34,070 INFO     ___FILE_ONLY___ 
      },
2023-03-10 17:25:34,070 INFO     ___FILE_ONLY___ 
      "operating_system": {
2023-03-10 17:25:34,070 INFO     ___FILE_ONLY___ 
        "file_name": "darwin",
2023-03-10 17:25:34,070 INFO     ___FILE_ONLY___ 
        "id": "MACOSX",
2023-03-10 17:25:34,070 INFO     ___FILE_ONLY___ 
        "name": "Mac OS X"
2023-03-10 17:25:34,070 INFO     ___FILE_ONLY___ 
      }
2023-03-10 17:25:34,071 INFO     ___FILE_ONLY___ 
    },
2023-03-10 17:25:34,071 INFO     ___FILE_ONLY___ 
    "platform_required": false,
2023-03-10 17:25:34,071 INFO     ___FILE_ONLY___ 
    "size": 10655029,
2023-03-10 17:25:34,071 INFO     ___FILE_ONLY___ 
    "state": {
2023-03-10 17:25:34,071 INFO     ___FILE_ONLY___ 
      "name": "Not Installed"
2023-03-10 17:25:34,071 INFO     ___FILE_ONLY___ 
    }
2023-03-10 17:25:34,072 INFO     ___FILE_ONLY___ 
  }
2023-03-10 17:25:34,073 INFO     ___FILE_ONLY___ ,
  {
2023-03-10 17:25:34,073 INFO     ___FILE_ONLY___ 
    "current_version_string": null,
2023-03-10 17:25:34,073 INFO     ___FILE_ONLY___ 
    "id": "bigtable",
2023-03-10 17:25:34,073 INFO     ___FILE_ONLY___ 
    "is_configuration": false,
2023-03-10 17:25:34,073 INFO     ___FILE_ONLY___ 
    "is_hidden": false,
2023-03-10 17:25:34,073 INFO     ___FILE_ONLY___ 
    "latest_version_string": "",
2023-03-10 17:25:34,073 INFO     ___FILE_ONLY___ 
    "name": "Cloud Bigtable Emulator",
2023-03-10 17:25:34,073 INFO     ___FILE_ONLY___ 
    "platform": {
2023-03-10 17:25:34,073 INFO     ___FILE_ONLY___ 
      "architecture": {
2023-03-10 17:25:34,074 INFO     ___FILE_ONLY___ 
        "file_name": "x86_64",
2023-03-10 17:25:34,074 INFO     ___FILE_ONLY___ 
        "id": "x86_64",
2023-03-10 17:25:34,074 INFO     ___FILE_ONLY___ 
        "name": "x86_64"
2023-03-10 17:25:34,074 INFO     ___FILE_ONLY___ 
      },
2023-03-10 17:25:34,074 INFO     ___FILE_ONLY___ 
      "operating_system": {
2023-03-10 17:25:34,074 INFO     ___FILE_ONLY___ 
        "file_name": "darwin",
2023-03-10 17:25:34,074 INFO     ___FILE_ONLY___ 
        "id": "MACOSX",
2023-03-10 17:25:34,074 INFO     ___FILE_ONLY___ 
        "name": "Mac OS X"
2023-03-10 17:25:34,074 INFO     ___FILE_ONLY___ 
      }
2023-03-10 17:25:34,074 INFO     ___FILE_ONLY___ 
    },
2023-03-10 17:25:34,074 INFO     ___FILE_ONLY___ 
    "platform_required": false,
2023-03-10 17:25:34,074 INFO     ___FILE_ONLY___ 
    "size": 6842480,
2023-03-10 17:25:34,074 INFO     ___FILE_ONLY___ 
    "state": {
2023-03-10 17:25:34,075 INFO     ___FILE_ONLY___ 
      "name": "Not Installed"
2023-03-10 17:25:34,075 INFO     ___FILE_ONLY___ 
    }
2023-03-10 17:25:34,075 INFO     ___FILE_ONLY___ 
  }
2023-03-10 17:25:34,075 INFO     ___FILE_ONLY___ ,
  {
2023-03-10 17:25:34,075 INFO     ___FILE_ONLY___ 
    "current_version_string": null,
2023-03-10 17:25:34,076 INFO     ___FILE_ONLY___ 
    "id": "cloud-datastore-emulator",
2023-03-10 17:25:34,076 INFO     ___FILE_ONLY___ 
    "is_configuration": false,
2023-03-10 17:25:34,076 INFO     ___FILE_ONLY___ 
    "is_hidden": false,
2023-03-10 17:25:34,076 INFO     ___FILE_ONLY___ 
    "latest_version_string": "2.3.0",
2023-03-10 17:25:34,076 INFO     ___FILE_ONLY___ 
    "name": "Cloud Datastore Emulator",
2023-03-10 17:25:34,076 INFO     ___FILE_ONLY___ 
    "platform": {
2023-03-10 17:25:34,076 INFO     ___FILE_ONLY___ 
      "architecture": {
2023-03-10 17:25:34,076 INFO     ___FILE_ONLY___ 
        "file_name": "x86_64",
2023-03-10 17:25:34,076 INFO     ___FILE_ONLY___ 
        "id": "x86_64",
2023-03-10 17:25:34,076 INFO     ___FILE_ONLY___ 
        "name": "x86_64"
2023-03-10 17:25:34,076 INFO     ___FILE_ONLY___ 
      },
2023-03-10 17:25:34,076 INFO     ___FILE_ONLY___ 
      "operating_system": {
2023-03-10 17:25:34,077 INFO     ___FILE_ONLY___ 
        "file_name": "darwin",
2023-03-10 17:25:34,077 INFO     ___FILE_ONLY___ 
        "id": "MACOSX",
2023-03-10 17:25:34,077 INFO     ___FILE_ONLY___ 
        "name": "Mac OS X"
2023-03-10 17:25:34,077 INFO     ___FILE_ONLY___ 
      }
2023-03-10 17:25:34,077 INFO     ___FILE_ONLY___ 
    },
2023-03-10 17:25:34,077 INFO     ___FILE_ONLY___ 
    "platform_required": false,
2023-03-10 17:25:34,077 INFO     ___FILE_ONLY___ 
    "size": 36755687,
2023-03-10 17:25:34,077 INFO     ___FILE_ONLY___ 
    "state": {
2023-03-10 17:25:34,077 INFO     ___FILE_ONLY___ 
      "name": "Not Installed"
2023-03-10 17:25:34,077 INFO     ___FILE_ONLY___ 
    }
2023-03-10 17:25:34,077 INFO     ___FILE_ONLY___ 
  }
2023-03-10 17:25:34,078 INFO     ___FILE_ONLY___ ,
  {
2023-03-10 17:25:34,078 INFO     ___FILE_ONLY___ 
    "current_version_string": null,
2023-03-10 17:25:34,078 INFO     ___FILE_ONLY___ 
    "id": "cloud-firestore-emulator",
2023-03-10 17:25:34,078 INFO     ___FILE_ONLY___ 
    "is_configuration": false,
2023-03-10 17:25:34,078 INFO     ___FILE_ONLY___ 
    "is_hidden": false,
2023-03-10 17:25:34,078 INFO     ___FILE_ONLY___ 
    "latest_version_string": "1.15.1",
2023-03-10 17:25:34,078 INFO     ___FILE_ONLY___ 
    "name": "Cloud Firestore Emulator",
2023-03-10 17:25:34,079 INFO     ___FILE_ONLY___ 
    "platform": {
2023-03-10 17:25:34,079 INFO     ___FILE_ONLY___ 
      "architecture": {
2023-03-10 17:25:34,079 INFO     ___FILE_ONLY___ 
        "file_name": "x86_64",
2023-03-10 17:25:34,079 INFO     ___FILE_ONLY___ 
        "id": "x86_64",
2023-03-10 17:25:34,079 INFO     ___FILE_ONLY___ 
        "name": "x86_64"
2023-03-10 17:25:34,079 INFO     ___FILE_ONLY___ 
      },
2023-03-10 17:25:34,079 INFO     ___FILE_ONLY___ 
      "operating_system": {
2023-03-10 17:25:34,080 INFO     ___FILE_ONLY___ 
        "file_name": "darwin",
2023-03-10 17:25:34,080 INFO     ___FILE_ONLY___ 
        "id": "MACOSX",
2023-03-10 17:25:34,080 INFO     ___FILE_ONLY___ 
        "name": "Mac OS X"
2023-03-10 17:25:34,080 INFO     ___FILE_ONLY___ 
      }
2023-03-10 17:25:34,080 INFO     ___FILE_ONLY___ 
    },
2023-03-10 17:25:34,080 INFO     ___FILE_ONLY___ 
    "platform_required": false,
2023-03-10 17:25:34,080 INFO     ___FILE_ONLY___ 
    "size": 42101953,
2023-03-10 17:25:34,080 INFO     ___FILE_ONLY___ 
    "state": {
2023-03-10 17:25:34,080 INFO     ___FILE_ONLY___ 
      "name": "Not Installed"
2023-03-10 17:25:34,080 INFO     ___FILE_ONLY___ 
    }
2023-03-10 17:25:34,080 INFO     ___FILE_ONLY___ 
  }
2023-03-10 17:25:34,081 INFO     ___FILE_ONLY___ ,
  {
2023-03-10 17:25:34,081 INFO     ___FILE_ONLY___ 
    "current_version_string": null,
2023-03-10 17:25:34,081 INFO     ___FILE_ONLY___ 
    "id": "pubsub-emulator",
2023-03-10 17:25:34,081 INFO     ___FILE_ONLY___ 
    "is_configuration": false,
2023-03-10 17:25:34,081 INFO     ___FILE_ONLY___ 
    "is_hidden": false,
2023-03-10 17:25:34,081 INFO     ___FILE_ONLY___ 
    "latest_version_string": "0.8.0",
2023-03-10 17:25:34,082 INFO     ___FILE_ONLY___ 
    "name": "Cloud Pub/Sub Emulator",
2023-03-10 17:25:34,082 INFO     ___FILE_ONLY___ 
    "platform": {
2023-03-10 17:25:34,082 INFO     ___FILE_ONLY___ 
      "architecture": {
2023-03-10 17:25:34,082 INFO     ___FILE_ONLY___ 
        "file_name": "x86_64",
2023-03-10 17:25:34,082 INFO     ___FILE_ONLY___ 
        "id": "x86_64",
2023-03-10 17:25:34,082 INFO     ___FILE_ONLY___ 
        "name": "x86_64"
2023-03-10 17:25:34,082 INFO     ___FILE_ONLY___ 
      },
2023-03-10 17:25:34,082 INFO     ___FILE_ONLY___ 
      "operating_system": {
2023-03-10 17:25:34,082 INFO     ___FILE_ONLY___ 
        "file_name": "darwin",
2023-03-10 17:25:34,082 INFO     ___FILE_ONLY___ 
        "id": "MACOSX",
2023-03-10 17:25:34,082 INFO     ___FILE_ONLY___ 
        "name": "Mac OS X"
2023-03-10 17:25:34,082 INFO     ___FILE_ONLY___ 
      }
2023-03-10 17:25:34,083 INFO     ___FILE_ONLY___ 
    },
2023-03-10 17:25:34,083 INFO     ___FILE_ONLY___ 
    "platform_required": false,
2023-03-10 17:25:34,083 INFO     ___FILE_ONLY___ 
    "size": 68738630,
2023-03-10 17:25:34,083 INFO     ___FILE_ONLY___ 
    "state": {
2023-03-10 17:25:34,083 INFO     ___FILE_ONLY___ 
      "name": "Not Installed"
2023-03-10 17:25:34,083 INFO     ___FILE_ONLY___ 
    }
2023-03-10 17:25:34,083 INFO     ___FILE_ONLY___ 
  }
2023-03-10 17:25:34,083 INFO     ___FILE_ONLY___ ,
  {
2023-03-10 17:25:34,084 INFO     ___FILE_ONLY___ 
    "current_version_string": null,
2023-03-10 17:25:34,084 INFO     ___FILE_ONLY___ 
    "id": "cloud-run-proxy",
2023-03-10 17:25:34,084 INFO     ___FILE_ONLY___ 
    "is_configuration": false,
2023-03-10 17:25:34,084 INFO     ___FILE_ONLY___ 
    "is_hidden": false,
2023-03-10 17:25:34,084 INFO     ___FILE_ONLY___ 
    "latest_version_string": "0.3.0",
2023-03-10 17:25:34,084 INFO     ___FILE_ONLY___ 
    "name": "Cloud Run Proxy",
2023-03-10 17:25:34,084 INFO     ___FILE_ONLY___ 
    "platform": {
2023-03-10 17:25:34,084 INFO     ___FILE_ONLY___ 
      "architecture": {
2023-03-10 17:25:34,084 INFO     ___FILE_ONLY___ 
        "file_name": "x86_64",
2023-03-10 17:25:34,084 INFO     ___FILE_ONLY___ 
        "id": "x86_64",
2023-03-10 17:25:34,084 INFO     ___FILE_ONLY___ 
        "name": "x86_64"
2023-03-10 17:25:34,084 INFO     ___FILE_ONLY___ 
      },
2023-03-10 17:25:34,084 INFO     ___FILE_ONLY___ 
      "operating_system": {
2023-03-10 17:25:34,085 INFO     ___FILE_ONLY___ 
        "file_name": "darwin",
2023-03-10 17:25:34,085 INFO     ___FILE_ONLY___ 
        "id": "MACOSX",
2023-03-10 17:25:34,085 INFO     ___FILE_ONLY___ 
        "name": "Mac OS X"
2023-03-10 17:25:34,085 INFO     ___FILE_ONLY___ 
      }
2023-03-10 17:25:34,085 INFO     ___FILE_ONLY___ 
    },
2023-03-10 17:25:34,085 INFO     ___FILE_ONLY___ 
    "platform_required": false,
2023-03-10 17:25:34,085 INFO     ___FILE_ONLY___ 
    "size": 8024792,
2023-03-10 17:25:34,086 INFO     ___FILE_ONLY___ 
    "state": {
2023-03-10 17:25:34,086 INFO     ___FILE_ONLY___ 
      "name": "Not Installed"
2023-03-10 17:25:34,086 INFO     ___FILE_ONLY___ 
    }
2023-03-10 17:25:34,086 INFO     ___FILE_ONLY___ 
  }
2023-03-10 17:25:34,087 INFO     ___FILE_ONLY___ ,
  {
2023-03-10 17:25:34,087 INFO     ___FILE_ONLY___ 
    "current_version_string": null,
2023-03-10 17:25:34,087 INFO     ___FILE_ONLY___ 
    "id": "cloud_sql_proxy",
2023-03-10 17:25:34,087 INFO     ___FILE_ONLY___ 
    "is_configuration": false,
2023-03-10 17:25:34,087 INFO     ___FILE_ONLY___ 
    "is_hidden": false,
2023-03-10 17:25:34,087 INFO     ___FILE_ONLY___ 
    "latest_version_string": "1.27.0",
2023-03-10 17:25:34,087 INFO     ___FILE_ONLY___ 
    "name": "Cloud SQL Proxy",
2023-03-10 17:25:34,087 INFO     ___FILE_ONLY___ 
    "platform": {
2023-03-10 17:25:34,088 INFO     ___FILE_ONLY___ 
      "architecture": {
2023-03-10 17:25:34,088 INFO     ___FILE_ONLY___ 
        "file_name": "x86_64",
2023-03-10 17:25:34,088 INFO     ___FILE_ONLY___ 
        "id": "x86_64",
2023-03-10 17:25:34,088 INFO     ___FILE_ONLY___ 
        "name": "x86_64"
2023-03-10 17:25:34,088 INFO     ___FILE_ONLY___ 
      },
2023-03-10 17:25:34,088 INFO     ___FILE_ONLY___ 
      "operating_system": {
2023-03-10 17:25:34,089 INFO     ___FILE_ONLY___ 
        "file_name": "darwin",
2023-03-10 17:25:34,089 INFO     ___FILE_ONLY___ 
        "id": "MACOSX",
2023-03-10 17:25:34,089 INFO     ___FILE_ONLY___ 
        "name": "Mac OS X"
2023-03-10 17:25:34,089 INFO     ___FILE_ONLY___ 
      }
2023-03-10 17:25:34,089 INFO     ___FILE_ONLY___ 
    },
2023-03-10 17:25:34,089 INFO     ___FILE_ONLY___ 
    "platform_required": false,
2023-03-10 17:25:34,089 INFO     ___FILE_ONLY___ 
    "size": 7986647,
2023-03-10 17:25:34,090 INFO     ___FILE_ONLY___ 
    "state": {
2023-03-10 17:25:34,090 INFO     ___FILE_ONLY___ 
      "name": "Not Installed"
2023-03-10 17:25:34,090 INFO     ___FILE_ONLY___ 
    }
2023-03-10 17:25:34,090 INFO     ___FILE_ONLY___ 
  }
2023-03-10 17:25:34,090 INFO     ___FILE_ONLY___ ,
  {
2023-03-10 17:25:34,091 INFO     ___FILE_ONLY___ 
    "current_version_string": null,
2023-03-10 17:25:34,091 INFO     ___FILE_ONLY___ 
    "id": "docker-credential-gcr",
2023-03-10 17:25:34,091 INFO     ___FILE_ONLY___ 
    "is_configuration": false,
2023-03-10 17:25:34,091 INFO     ___FILE_ONLY___ 
    "is_hidden": false,
2023-03-10 17:25:34,091 INFO     ___FILE_ONLY___ 
    "latest_version_string": "1.5.0",
2023-03-10 17:25:34,091 INFO     ___FILE_ONLY___ 
    "name": "Google Container Registry's Docker credential helper",
2023-03-10 17:25:34,091 INFO     ___FILE_ONLY___ 
    "platform": {
2023-03-10 17:25:34,091 INFO     ___FILE_ONLY___ 
      "architecture": {
2023-03-10 17:25:34,091 INFO     ___FILE_ONLY___ 
        "file_name": "x86_64",
2023-03-10 17:25:34,091 INFO     ___FILE_ONLY___ 
        "id": "x86_64",
2023-03-10 17:25:34,091 INFO     ___FILE_ONLY___ 
        "name": "x86_64"
2023-03-10 17:25:34,091 INFO     ___FILE_ONLY___ 
      },
2023-03-10 17:25:34,091 INFO     ___FILE_ONLY___ 
      "operating_system": {
2023-03-10 17:25:34,092 INFO     ___FILE_ONLY___ 
        "file_name": "darwin",
2023-03-10 17:25:34,092 INFO     ___FILE_ONLY___ 
        "id": "MACOSX",
2023-03-10 17:25:34,092 INFO     ___FILE_ONLY___ 
        "name": "Mac OS X"
2023-03-10 17:25:34,092 INFO     ___FILE_ONLY___ 
      }
2023-03-10 17:25:34,092 INFO     ___FILE_ONLY___ 
    },
2023-03-10 17:25:34,092 INFO     ___FILE_ONLY___ 
    "platform_required": false,
2023-03-10 17:25:34,092 INFO     ___FILE_ONLY___ 
    "size": 2266831,
2023-03-10 17:25:34,092 INFO     ___FILE_ONLY___ 
    "state": {
2023-03-10 17:25:34,092 INFO     ___FILE_ONLY___ 
      "name": "Not Installed"
2023-03-10 17:25:34,092 INFO     ___FILE_ONLY___ 
    }
2023-03-10 17:25:34,092 INFO     ___FILE_ONLY___ 
  }
2023-03-10 17:25:34,093 INFO     ___FILE_ONLY___ ,
  {
2023-03-10 17:25:34,093 INFO     ___FILE_ONLY___ 
    "current_version_string": null,
2023-03-10 17:25:34,093 INFO     ___FILE_ONLY___ 
    "id": "kustomize",
2023-03-10 17:25:34,093 INFO     ___FILE_ONLY___ 
    "is_configuration": false,
2023-03-10 17:25:34,093 INFO     ___FILE_ONLY___ 
    "is_hidden": false,
2023-03-10 17:25:34,093 INFO     ___FILE_ONLY___ 
    "latest_version_string": "4.4.0",
2023-03-10 17:25:34,093 INFO     ___FILE_ONLY___ 
    "name": "Kustomize",
2023-03-10 17:25:34,093 INFO     ___FILE_ONLY___ 
    "platform": {
2023-03-10 17:25:34,093 INFO     ___FILE_ONLY___ 
      "architecture": {
2023-03-10 17:25:34,093 INFO     ___FILE_ONLY___ 
        "file_name": "x86_64",
2023-03-10 17:25:34,093 INFO     ___FILE_ONLY___ 
        "id": "x86_64",
2023-03-10 17:25:34,093 INFO     ___FILE_ONLY___ 
        "name": "x86_64"
2023-03-10 17:25:34,094 INFO     ___FILE_ONLY___ 
      },
2023-03-10 17:25:34,094 INFO     ___FILE_ONLY___ 
      "operating_system": {
2023-03-10 17:25:34,094 INFO     ___FILE_ONLY___ 
        "file_name": "darwin",
2023-03-10 17:25:34,094 INFO     ___FILE_ONLY___ 
        "id": "MACOSX",
2023-03-10 17:25:34,094 INFO     ___FILE_ONLY___ 
        "name": "Mac OS X"
2023-03-10 17:25:34,094 INFO     ___FILE_ONLY___ 
      }
2023-03-10 17:25:34,094 INFO     ___FILE_ONLY___ 
    },
2023-03-10 17:25:34,094 INFO     ___FILE_ONLY___ 
    "platform_required": false,
2023-03-10 17:25:34,094 INFO     ___FILE_ONLY___ 
    "size": 7961940,
2023-03-10 17:25:34,094 INFO     ___FILE_ONLY___ 
    "state": {
2023-03-10 17:25:34,094 INFO     ___FILE_ONLY___ 
      "name": "Not Installed"
2023-03-10 17:25:34,094 INFO     ___FILE_ONLY___ 
    }
2023-03-10 17:25:34,095 INFO     ___FILE_ONLY___ 
  }
2023-03-10 17:25:34,095 INFO     ___FILE_ONLY___ ,
  {
2023-03-10 17:25:34,096 INFO     ___FILE_ONLY___ 
    "current_version_string": null,
2023-03-10 17:25:34,096 INFO     ___FILE_ONLY___ 
    "id": "log-streaming",
2023-03-10 17:25:34,096 INFO     ___FILE_ONLY___ 
    "is_configuration": false,
2023-03-10 17:25:34,096 INFO     ___FILE_ONLY___ 
    "is_hidden": false,
2023-03-10 17:25:34,096 INFO     ___FILE_ONLY___ 
    "latest_version_string": "0.3.0",
2023-03-10 17:25:34,096 INFO     ___FILE_ONLY___ 
    "name": "Log Streaming",
2023-03-10 17:25:34,096 INFO     ___FILE_ONLY___ 
    "platform": {
2023-03-10 17:25:34,096 INFO     ___FILE_ONLY___ 
      "architecture": {
2023-03-10 17:25:34,096 INFO     ___FILE_ONLY___ 
        "file_name": "x86_64",
2023-03-10 17:25:34,096 INFO     ___FILE_ONLY___ 
        "id": "x86_64",
2023-03-10 17:25:34,096 INFO     ___FILE_ONLY___ 
        "name": "x86_64"
2023-03-10 17:25:34,096 INFO     ___FILE_ONLY___ 
      },
2023-03-10 17:25:34,096 INFO     ___FILE_ONLY___ 
      "operating_system": {
2023-03-10 17:25:34,097 INFO     ___FILE_ONLY___ 
        "file_name": "darwin",
2023-03-10 17:25:34,097 INFO     ___FILE_ONLY___ 
        "id": "MACOSX",
2023-03-10 17:25:34,097 INFO     ___FILE_ONLY___ 
        "name": "Mac OS X"
2023-03-10 17:25:34,097 INFO     ___FILE_ONLY___ 
      }
2023-03-10 17:25:34,097 INFO     ___FILE_ONLY___ 
    },
2023-03-10 17:25:34,097 INFO     ___FILE_ONLY___ 
    "platform_required": false,
2023-03-10 17:25:34,097 INFO     ___FILE_ONLY___ 
    "size": 12864820,
2023-03-10 17:25:34,097 INFO     ___FILE_ONLY___ 
    "state": {
2023-03-10 17:25:34,097 INFO     ___FILE_ONLY___ 
      "name": "Not Installed"
2023-03-10 17:25:34,097 INFO     ___FILE_ONLY___ 
    }
2023-03-10 17:25:34,097 INFO     ___FILE_ONLY___ 
  }
2023-03-10 17:25:34,098 INFO     ___FILE_ONLY___ ,
  {
2023-03-10 17:25:34,098 INFO     ___FILE_ONLY___ 
    "current_version_string": null,
2023-03-10 17:25:34,098 INFO     ___FILE_ONLY___ 
    "id": "nomos",
2023-03-10 17:25:34,098 INFO     ___FILE_ONLY___ 
    "is_configuration": false,
2023-03-10 17:25:34,098 INFO     ___FILE_ONLY___ 
    "is_hidden": false,
2023-03-10 17:25:34,098 INFO     ___FILE_ONLY___ 
    "latest_version_string": "1.14.2-rc.6",
2023-03-10 17:25:34,098 INFO     ___FILE_ONLY___ 
    "name": "Nomos CLI",
2023-03-10 17:25:34,098 INFO     ___FILE_ONLY___ 
    "platform": {
2023-03-10 17:25:34,098 INFO     ___FILE_ONLY___ 
      "architecture": {
2023-03-10 17:25:34,098 INFO     ___FILE_ONLY___ 
        "file_name": "x86_64",
2023-03-10 17:25:34,099 INFO     ___FILE_ONLY___ 
        "id": "x86_64",
2023-03-10 17:25:34,099 INFO     ___FILE_ONLY___ 
        "name": "x86_64"
2023-03-10 17:25:34,099 INFO     ___FILE_ONLY___ 
      },
2023-03-10 17:25:34,099 INFO     ___FILE_ONLY___ 
      "operating_system": {
2023-03-10 17:25:34,099 INFO     ___FILE_ONLY___ 
        "file_name": "darwin",
2023-03-10 17:25:34,099 INFO     ___FILE_ONLY___ 
        "id": "MACOSX",
2023-03-10 17:25:34,099 INFO     ___FILE_ONLY___ 
        "name": "Mac OS X"
2023-03-10 17:25:34,099 INFO     ___FILE_ONLY___ 
      }
2023-03-10 17:25:34,099 INFO     ___FILE_ONLY___ 
    },
2023-03-10 17:25:34,099 INFO     ___FILE_ONLY___ 
    "platform_required": false,
2023-03-10 17:25:34,099 INFO     ___FILE_ONLY___ 
    "size": 25793725,
2023-03-10 17:25:34,099 INFO     ___FILE_ONLY___ 
    "state": {
2023-03-10 17:25:34,099 INFO     ___FILE_ONLY___ 
      "name": "Not Installed"
2023-03-10 17:25:34,099 INFO     ___FILE_ONLY___ 
    }
2023-03-10 17:25:34,100 INFO     ___FILE_ONLY___ 
  }
2023-03-10 17:25:34,100 INFO     ___FILE_ONLY___ ,
  {
2023-03-10 17:25:34,100 INFO     ___FILE_ONLY___ 
    "current_version_string": null,
2023-03-10 17:25:34,100 INFO     ___FILE_ONLY___ 
    "id": "local-extract",
2023-03-10 17:25:34,100 INFO     ___FILE_ONLY___ 
    "is_configuration": false,
2023-03-10 17:25:34,100 INFO     ___FILE_ONLY___ 
    "is_hidden": false,
2023-03-10 17:25:34,100 INFO     ___FILE_ONLY___ 
    "latest_version_string": "1.5.7",
2023-03-10 17:25:34,100 INFO     ___FILE_ONLY___ 
    "name": "On-Demand Scanning API extraction helper",
2023-03-10 17:25:34,101 INFO     ___FILE_ONLY___ 
    "platform": {
2023-03-10 17:25:34,101 INFO     ___FILE_ONLY___ 
      "architecture": {
2023-03-10 17:25:34,101 INFO     ___FILE_ONLY___ 
        "file_name": "x86_64",
2023-03-10 17:25:34,101 INFO     ___FILE_ONLY___ 
        "id": "x86_64",
2023-03-10 17:25:34,101 INFO     ___FILE_ONLY___ 
        "name": "x86_64"
2023-03-10 17:25:34,101 INFO     ___FILE_ONLY___ 
      },
2023-03-10 17:25:34,101 INFO     ___FILE_ONLY___ 
      "operating_system": {
2023-03-10 17:25:34,101 INFO     ___FILE_ONLY___ 
        "file_name": "darwin",
2023-03-10 17:25:34,101 INFO     ___FILE_ONLY___ 
        "id": "MACOSX",
2023-03-10 17:25:34,101 INFO     ___FILE_ONLY___ 
        "name": "Mac OS X"
2023-03-10 17:25:34,101 INFO     ___FILE_ONLY___ 
      }
2023-03-10 17:25:34,101 INFO     ___FILE_ONLY___ 
    },
2023-03-10 17:25:34,101 INFO     ___FILE_ONLY___ 
    "platform_required": false,
2023-03-10 17:25:34,102 INFO     ___FILE_ONLY___ 
    "size": 12908644,
2023-03-10 17:25:34,102 INFO     ___FILE_ONLY___ 
    "state": {
2023-03-10 17:25:34,102 INFO     ___FILE_ONLY___ 
      "name": "Not Installed"
2023-03-10 17:25:34,102 INFO     ___FILE_ONLY___ 
    }
2023-03-10 17:25:34,102 INFO     ___FILE_ONLY___ 
  }
2023-03-10 17:25:34,102 INFO     ___FILE_ONLY___ ,
  {
2023-03-10 17:25:34,102 INFO     ___FILE_ONLY___ 
    "current_version_string": null,
2023-03-10 17:25:34,103 INFO     ___FILE_ONLY___ 
    "id": "terraform-tools",
2023-03-10 17:25:34,103 INFO     ___FILE_ONLY___ 
    "is_configuration": false,
2023-03-10 17:25:34,103 INFO     ___FILE_ONLY___ 
    "is_hidden": false,
2023-03-10 17:25:34,103 INFO     ___FILE_ONLY___ 
    "latest_version_string": "0.10.0",
2023-03-10 17:25:34,103 INFO     ___FILE_ONLY___ 
    "name": "Terraform Tools",
2023-03-10 17:25:34,103 INFO     ___FILE_ONLY___ 
    "platform": {
2023-03-10 17:25:34,104 INFO     ___FILE_ONLY___ 
      "architecture": {
2023-03-10 17:25:34,104 INFO     ___FILE_ONLY___ 
        "file_name": "x86_64",
2023-03-10 17:25:34,104 INFO     ___FILE_ONLY___ 
        "id": "x86_64",
2023-03-10 17:25:34,104 INFO     ___FILE_ONLY___ 
        "name": "x86_64"
2023-03-10 17:25:34,104 INFO     ___FILE_ONLY___ 
      },
2023-03-10 17:25:34,104 INFO     ___FILE_ONLY___ 
      "operating_system": {
2023-03-10 17:25:34,104 INFO     ___FILE_ONLY___ 
        "file_name": "darwin",
2023-03-10 17:25:34,104 INFO     ___FILE_ONLY___ 
        "id": "MACOSX",
2023-03-10 17:25:34,104 INFO     ___FILE_ONLY___ 
        "name": "Mac OS X"
2023-03-10 17:25:34,105 INFO     ___FILE_ONLY___ 
      }
2023-03-10 17:25:34,105 INFO     ___FILE_ONLY___ 
    },
2023-03-10 17:25:34,105 INFO     ___FILE_ONLY___ 
    "platform_required": false,
2023-03-10 17:25:34,105 INFO     ___FILE_ONLY___ 
    "size": 65091830,
2023-03-10 17:25:34,105 INFO     ___FILE_ONLY___ 
    "state": {
2023-03-10 17:25:34,105 INFO     ___FILE_ONLY___ 
      "name": "Not Installed"
2023-03-10 17:25:34,105 INFO     ___FILE_ONLY___ 
    }
2023-03-10 17:25:34,105 INFO     ___FILE_ONLY___ 
  }
2023-03-10 17:25:34,106 INFO     ___FILE_ONLY___ ,
  {
2023-03-10 17:25:34,107 INFO     ___FILE_ONLY___ 
    "current_version_string": null,
2023-03-10 17:25:34,107 INFO     ___FILE_ONLY___ 
    "id": "anthos-auth",
2023-03-10 17:25:34,107 INFO     ___FILE_ONLY___ 
    "is_configuration": false,
2023-03-10 17:25:34,107 INFO     ___FILE_ONLY___ 
    "is_hidden": false,
2023-03-10 17:25:34,107 INFO     ___FILE_ONLY___ 
    "latest_version_string": "1.4.4",
2023-03-10 17:25:34,107 INFO     ___FILE_ONLY___ 
    "name": "anthos-auth",
2023-03-10 17:25:34,107 INFO     ___FILE_ONLY___ 
    "platform": {
2023-03-10 17:25:34,108 INFO     ___FILE_ONLY___ 
      "architecture": {
2023-03-10 17:25:34,108 INFO     ___FILE_ONLY___ 
        "file_name": "x86_64",
2023-03-10 17:25:34,108 INFO     ___FILE_ONLY___ 
        "id": "x86_64",
2023-03-10 17:25:34,108 INFO     ___FILE_ONLY___ 
        "name": "x86_64"
2023-03-10 17:25:34,108 INFO     ___FILE_ONLY___ 
      },
2023-03-10 17:25:34,108 INFO     ___FILE_ONLY___ 
      "operating_system": {
2023-03-10 17:25:34,108 INFO     ___FILE_ONLY___ 
        "file_name": "darwin",
2023-03-10 17:25:34,108 INFO     ___FILE_ONLY___ 
        "id": "MACOSX",
2023-03-10 17:25:34,109 INFO     ___FILE_ONLY___ 
        "name": "Mac OS X"
2023-03-10 17:25:34,109 INFO     ___FILE_ONLY___ 
      }
2023-03-10 17:25:34,109 INFO     ___FILE_ONLY___ 
    },
2023-03-10 17:25:34,109 INFO     ___FILE_ONLY___ 
    "platform_required": false,
2023-03-10 17:25:34,109 INFO     ___FILE_ONLY___ 
    "size": 21183974,
2023-03-10 17:25:34,109 INFO     ___FILE_ONLY___ 
    "state": {
2023-03-10 17:25:34,109 INFO     ___FILE_ONLY___ 
      "name": "Not Installed"
2023-03-10 17:25:34,109 INFO     ___FILE_ONLY___ 
    }
2023-03-10 17:25:34,110 INFO     ___FILE_ONLY___ 
  }
2023-03-10 17:25:34,110 INFO     ___FILE_ONLY___ ,
  {
2023-03-10 17:25:34,111 INFO     ___FILE_ONLY___ 
    "current_version_string": null,
2023-03-10 17:25:34,111 INFO     ___FILE_ONLY___ 
    "id": "config-connector",
2023-03-10 17:25:34,111 INFO     ___FILE_ONLY___ 
    "is_configuration": false,
2023-03-10 17:25:34,111 INFO     ___FILE_ONLY___ 
    "is_hidden": false,
2023-03-10 17:25:34,111 INFO     ___FILE_ONLY___ 
    "latest_version_string": "1.93.0",
2023-03-10 17:25:34,111 INFO     ___FILE_ONLY___ 
    "name": "config-connector",
2023-03-10 17:25:34,111 INFO     ___FILE_ONLY___ 
    "platform": {
2023-03-10 17:25:34,111 INFO     ___FILE_ONLY___ 
      "architecture": {
2023-03-10 17:25:34,112 INFO     ___FILE_ONLY___ 
        "file_name": "x86_64",
2023-03-10 17:25:34,112 INFO     ___FILE_ONLY___ 
        "id": "x86_64",
2023-03-10 17:25:34,112 INFO     ___FILE_ONLY___ 
        "name": "x86_64"
2023-03-10 17:25:34,112 INFO     ___FILE_ONLY___ 
      },
2023-03-10 17:25:34,112 INFO     ___FILE_ONLY___ 
      "operating_system": {
2023-03-10 17:25:34,112 INFO     ___FILE_ONLY___ 
        "file_name": "darwin",
2023-03-10 17:25:34,112 INFO     ___FILE_ONLY___ 
        "id": "MACOSX",
2023-03-10 17:25:34,112 INFO     ___FILE_ONLY___ 
        "name": "Mac OS X"
2023-03-10 17:25:34,112 INFO     ___FILE_ONLY___ 
      }
2023-03-10 17:25:34,113 INFO     ___FILE_ONLY___ 
    },
2023-03-10 17:25:34,113 INFO     ___FILE_ONLY___ 
    "platform_required": false,
2023-03-10 17:25:34,113 INFO     ___FILE_ONLY___ 
    "size": 59915703,
2023-03-10 17:25:34,113 INFO     ___FILE_ONLY___ 
    "state": {
2023-03-10 17:25:34,113 INFO     ___FILE_ONLY___ 
      "name": "Not Installed"
2023-03-10 17:25:34,113 INFO     ___FILE_ONLY___ 
    }
2023-03-10 17:25:34,113 INFO     ___FILE_ONLY___ 
  }
2023-03-10 17:25:34,114 INFO     ___FILE_ONLY___ ,
  {
2023-03-10 17:25:34,114 INFO     ___FILE_ONLY___ 
    "current_version_string": null,
2023-03-10 17:25:34,114 INFO     ___FILE_ONLY___ 
    "id": "enterprise-certificate-proxy",
2023-03-10 17:25:34,114 INFO     ___FILE_ONLY___ 
    "is_configuration": false,
2023-03-10 17:25:34,115 INFO     ___FILE_ONLY___ 
    "is_hidden": false,
2023-03-10 17:25:34,115 INFO     ___FILE_ONLY___ 
    "latest_version_string": "0.2.1",
2023-03-10 17:25:34,115 INFO     ___FILE_ONLY___ 
    "name": "enterprise-certificate-proxy",
2023-03-10 17:25:34,115 INFO     ___FILE_ONLY___ 
    "platform": {
2023-03-10 17:25:34,115 INFO     ___FILE_ONLY___ 
      "architecture": {
2023-03-10 17:25:34,115 INFO     ___FILE_ONLY___ 
        "file_name": "x86_64",
2023-03-10 17:25:34,115 INFO     ___FILE_ONLY___ 
        "id": "x86_64",
2023-03-10 17:25:34,115 INFO     ___FILE_ONLY___ 
        "name": "x86_64"
2023-03-10 17:25:34,116 INFO     ___FILE_ONLY___ 
      },
2023-03-10 17:25:34,116 INFO     ___FILE_ONLY___ 
      "operating_system": {
2023-03-10 17:25:34,116 INFO     ___FILE_ONLY___ 
        "file_name": "darwin",
2023-03-10 17:25:34,116 INFO     ___FILE_ONLY___ 
        "id": "MACOSX",
2023-03-10 17:25:34,116 INFO     ___FILE_ONLY___ 
        "name": "Mac OS X"
2023-03-10 17:25:34,116 INFO     ___FILE_ONLY___ 
      }
2023-03-10 17:25:34,116 INFO     ___FILE_ONLY___ 
    },
2023-03-10 17:25:34,116 INFO     ___FILE_ONLY___ 
    "platform_required": false,
2023-03-10 17:25:34,117 INFO     ___FILE_ONLY___ 
    "size": 7001595,
2023-03-10 17:25:34,117 INFO     ___FILE_ONLY___ 
    "state": {
2023-03-10 17:25:34,117 INFO     ___FILE_ONLY___ 
      "name": "Not Installed"
2023-03-10 17:25:34,117 INFO     ___FILE_ONLY___ 
    }
2023-03-10 17:25:34,117 INFO     ___FILE_ONLY___ 
  }
2023-03-10 17:25:34,118 INFO     ___FILE_ONLY___ ,
  {
2023-03-10 17:25:34,118 INFO     ___FILE_ONLY___ 
    "current_version_string": null,
2023-03-10 17:25:34,118 INFO     ___FILE_ONLY___ 
    "id": "app-engine-java",
2023-03-10 17:25:34,119 INFO     ___FILE_ONLY___ 
    "is_configuration": false,
2023-03-10 17:25:34,119 INFO     ___FILE_ONLY___ 
    "is_hidden": false,
2023-03-10 17:25:34,119 INFO     ___FILE_ONLY___ 
    "latest_version_string": "2.0.11",
2023-03-10 17:25:34,119 INFO     ___FILE_ONLY___ 
    "name": "gcloud app Java Extensions",
2023-03-10 17:25:34,119 INFO     ___FILE_ONLY___ 
    "platform": {
2023-03-10 17:25:34,119 INFO     ___FILE_ONLY___ 
      "architecture": {
2023-03-10 17:25:34,119 INFO     ___FILE_ONLY___ 
        "file_name": "x86_64",
2023-03-10 17:25:34,119 INFO     ___FILE_ONLY___ 
        "id": "x86_64",
2023-03-10 17:25:34,120 INFO     ___FILE_ONLY___ 
        "name": "x86_64"
2023-03-10 17:25:34,120 INFO     ___FILE_ONLY___ 
      },
2023-03-10 17:25:34,120 INFO     ___FILE_ONLY___ 
      "operating_system": {
2023-03-10 17:25:34,120 INFO     ___FILE_ONLY___ 
        "file_name": "darwin",
2023-03-10 17:25:34,120 INFO     ___FILE_ONLY___ 
        "id": "MACOSX",
2023-03-10 17:25:34,120 INFO     ___FILE_ONLY___ 
        "name": "Mac OS X"
2023-03-10 17:25:34,121 INFO     ___FILE_ONLY___ 
      }
2023-03-10 17:25:34,121 INFO     ___FILE_ONLY___ 
    },
2023-03-10 17:25:34,121 INFO     ___FILE_ONLY___ 
    "platform_required": false,
2023-03-10 17:25:34,121 INFO     ___FILE_ONLY___ 
    "size": 67677429,
2023-03-10 17:25:34,121 INFO     ___FILE_ONLY___ 
    "state": {
2023-03-10 17:25:34,121 INFO     ___FILE_ONLY___ 
      "name": "Not Installed"
2023-03-10 17:25:34,121 INFO     ___FILE_ONLY___ 
    }
2023-03-10 17:25:34,122 INFO     ___FILE_ONLY___ 
  }
2023-03-10 17:25:34,122 INFO     ___FILE_ONLY___ ,
  {
2023-03-10 17:25:34,122 INFO     ___FILE_ONLY___ 
    "current_version_string": null,
2023-03-10 17:25:34,122 INFO     ___FILE_ONLY___ 
    "id": "app-engine-php",
2023-03-10 17:25:34,123 INFO     ___FILE_ONLY___ 
    "is_configuration": false,
2023-03-10 17:25:34,123 INFO     ___FILE_ONLY___ 
    "is_hidden": false,
2023-03-10 17:25:34,123 INFO     ___FILE_ONLY___ 
    "latest_version_string": "",
2023-03-10 17:25:34,123 INFO     ___FILE_ONLY___ 
    "name": "gcloud app PHP Extensions",
2023-03-10 17:25:34,123 INFO     ___FILE_ONLY___ 
    "platform": {
2023-03-10 17:25:34,123 INFO     ___FILE_ONLY___ 
      "architecture": {
2023-03-10 17:25:34,123 INFO     ___FILE_ONLY___ 
        "file_name": "x86_64",
2023-03-10 17:25:34,123 INFO     ___FILE_ONLY___ 
        "id": "x86_64",
2023-03-10 17:25:34,123 INFO     ___FILE_ONLY___ 
        "name": "x86_64"
2023-03-10 17:25:34,123 INFO     ___FILE_ONLY___ 
      },
2023-03-10 17:25:34,124 INFO     ___FILE_ONLY___ 
      "operating_system": {
2023-03-10 17:25:34,124 INFO     ___FILE_ONLY___ 
        "file_name": "darwin",
2023-03-10 17:25:34,124 INFO     ___FILE_ONLY___ 
        "id": "MACOSX",
2023-03-10 17:25:34,124 INFO     ___FILE_ONLY___ 
        "name": "Mac OS X"
2023-03-10 17:25:34,124 INFO     ___FILE_ONLY___ 
      }
2023-03-10 17:25:34,124 INFO     ___FILE_ONLY___ 
    },
2023-03-10 17:25:34,124 INFO     ___FILE_ONLY___ 
    "platform_required": false,
2023-03-10 17:25:34,124 INFO     ___FILE_ONLY___ 
    "size": 22985548,
2023-03-10 17:25:34,124 INFO     ___FILE_ONLY___ 
    "state": {
2023-03-10 17:25:34,124 INFO     ___FILE_ONLY___ 
      "name": "Not Installed"
2023-03-10 17:25:34,124 INFO     ___FILE_ONLY___ 
    }
2023-03-10 17:25:34,124 INFO     ___FILE_ONLY___ 
  }
2023-03-10 17:25:34,125 INFO     ___FILE_ONLY___ ,
  {
2023-03-10 17:25:34,125 INFO     ___FILE_ONLY___ 
    "current_version_string": null,
2023-03-10 17:25:34,125 INFO     ___FILE_ONLY___ 
    "id": "app-engine-python",
2023-03-10 17:25:34,125 INFO     ___FILE_ONLY___ 
    "is_configuration": false,
2023-03-10 17:25:34,125 INFO     ___FILE_ONLY___ 
    "is_hidden": false,
2023-03-10 17:25:34,125 INFO     ___FILE_ONLY___ 
    "latest_version_string": "1.9.102",
2023-03-10 17:25:34,125 INFO     ___FILE_ONLY___ 
    "name": "gcloud app Python Extensions",
2023-03-10 17:25:34,125 INFO     ___FILE_ONLY___ 
    "platform": {
2023-03-10 17:25:34,125 INFO     ___FILE_ONLY___ 
      "architecture": {
2023-03-10 17:25:34,126 INFO     ___FILE_ONLY___ 
        "file_name": "x86_64",
2023-03-10 17:25:34,126 INFO     ___FILE_ONLY___ 
        "id": "x86_64",
2023-03-10 17:25:34,126 INFO     ___FILE_ONLY___ 
        "name": "x86_64"
2023-03-10 17:25:34,126 INFO     ___FILE_ONLY___ 
      },
2023-03-10 17:25:34,126 INFO     ___FILE_ONLY___ 
      "operating_system": {
2023-03-10 17:25:34,126 INFO     ___FILE_ONLY___ 
        "file_name": "darwin",
2023-03-10 17:25:34,126 INFO     ___FILE_ONLY___ 
        "id": "MACOSX",
2023-03-10 17:25:34,126 INFO     ___FILE_ONLY___ 
        "name": "Mac OS X"
2023-03-10 17:25:34,126 INFO     ___FILE_ONLY___ 
      }
2023-03-10 17:25:34,126 INFO     ___FILE_ONLY___ 
    },
2023-03-10 17:25:34,126 INFO     ___FILE_ONLY___ 
    "platform_required": false,
2023-03-10 17:25:34,126 INFO     ___FILE_ONLY___ 
    "size": 8899028,
2023-03-10 17:25:34,126 INFO     ___FILE_ONLY___ 
    "state": {
2023-03-10 17:25:34,127 INFO     ___FILE_ONLY___ 
      "name": "Not Installed"
2023-03-10 17:25:34,127 INFO     ___FILE_ONLY___ 
    }
2023-03-10 17:25:34,127 INFO     ___FILE_ONLY___ 
  }
2023-03-10 17:25:34,128 INFO     ___FILE_ONLY___ ,
  {
2023-03-10 17:25:34,128 INFO     ___FILE_ONLY___ 
    "current_version_string": null,
2023-03-10 17:25:34,128 INFO     ___FILE_ONLY___ 
    "id": "app-engine-python-extras",
2023-03-10 17:25:34,128 INFO     ___FILE_ONLY___ 
    "is_configuration": false,
2023-03-10 17:25:34,128 INFO     ___FILE_ONLY___ 
    "is_hidden": false,
2023-03-10 17:25:34,128 INFO     ___FILE_ONLY___ 
    "latest_version_string": "1.9.96",
2023-03-10 17:25:34,128 INFO     ___FILE_ONLY___ 
    "name": "gcloud app Python Extensions (Extra Libraries)",
2023-03-10 17:25:34,128 INFO     ___FILE_ONLY___ 
    "platform": {
2023-03-10 17:25:34,128 INFO     ___FILE_ONLY___ 
      "architecture": {
2023-03-10 17:25:34,128 INFO     ___FILE_ONLY___ 
        "file_name": "x86_64",
2023-03-10 17:25:34,129 INFO     ___FILE_ONLY___ 
        "id": "x86_64",
2023-03-10 17:25:34,129 INFO     ___FILE_ONLY___ 
        "name": "x86_64"
2023-03-10 17:25:34,129 INFO     ___FILE_ONLY___ 
      },
2023-03-10 17:25:34,129 INFO     ___FILE_ONLY___ 
      "operating_system": {
2023-03-10 17:25:34,129 INFO     ___FILE_ONLY___ 
        "file_name": "darwin",
2023-03-10 17:25:34,129 INFO     ___FILE_ONLY___ 
        "id": "MACOSX",
2023-03-10 17:25:34,129 INFO     ___FILE_ONLY___ 
        "name": "Mac OS X"
2023-03-10 17:25:34,129 INFO     ___FILE_ONLY___ 
      }
2023-03-10 17:25:34,129 INFO     ___FILE_ONLY___ 
    },
2023-03-10 17:25:34,129 INFO     ___FILE_ONLY___ 
    "platform_required": false,
2023-03-10 17:25:34,129 INFO     ___FILE_ONLY___ 
    "size": 27709995,
2023-03-10 17:25:34,129 INFO     ___FILE_ONLY___ 
    "state": {
2023-03-10 17:25:34,130 INFO     ___FILE_ONLY___ 
      "name": "Not Installed"
2023-03-10 17:25:34,130 INFO     ___FILE_ONLY___ 
    }
2023-03-10 17:25:34,130 INFO     ___FILE_ONLY___ 
  }
2023-03-10 17:25:34,130 INFO     ___FILE_ONLY___ ,
  {
2023-03-10 17:25:34,130 INFO     ___FILE_ONLY___ 
    "current_version_string": null,
2023-03-10 17:25:34,130 INFO     ___FILE_ONLY___ 
    "id": "kpt",
2023-03-10 17:25:34,130 INFO     ___FILE_ONLY___ 
    "is_configuration": false,
2023-03-10 17:25:34,131 INFO     ___FILE_ONLY___ 
    "is_hidden": false,
2023-03-10 17:25:34,131 INFO     ___FILE_ONLY___ 
    "latest_version_string": "1.0.0-beta.27",
2023-03-10 17:25:34,131 INFO     ___FILE_ONLY___ 
    "name": "kpt",
2023-03-10 17:25:34,131 INFO     ___FILE_ONLY___ 
    "platform": {
2023-03-10 17:25:34,131 INFO     ___FILE_ONLY___ 
      "architecture": {
2023-03-10 17:25:34,131 INFO     ___FILE_ONLY___ 
        "file_name": "x86_64",
2023-03-10 17:25:34,131 INFO     ___FILE_ONLY___ 
        "id": "x86_64",
2023-03-10 17:25:34,131 INFO     ___FILE_ONLY___ 
        "name": "x86_64"
2023-03-10 17:25:34,131 INFO     ___FILE_ONLY___ 
      },
2023-03-10 17:25:34,131 INFO     ___FILE_ONLY___ 
      "operating_system": {
2023-03-10 17:25:34,131 INFO     ___FILE_ONLY___ 
        "file_name": "darwin",
2023-03-10 17:25:34,131 INFO     ___FILE_ONLY___ 
        "id": "MACOSX",
2023-03-10 17:25:34,131 INFO     ___FILE_ONLY___ 
        "name": "Mac OS X"
2023-03-10 17:25:34,131 INFO     ___FILE_ONLY___ 
      }
2023-03-10 17:25:34,132 INFO     ___FILE_ONLY___ 
    },
2023-03-10 17:25:34,132 INFO     ___FILE_ONLY___ 
    "platform_required": false,
2023-03-10 17:25:34,132 INFO     ___FILE_ONLY___ 
    "size": 23343492,
2023-03-10 17:25:34,132 INFO     ___FILE_ONLY___ 
    "state": {
2023-03-10 17:25:34,132 INFO     ___FILE_ONLY___ 
      "name": "Not Installed"
2023-03-10 17:25:34,132 INFO     ___FILE_ONLY___ 
    }
2023-03-10 17:25:34,132 INFO     ___FILE_ONLY___ 
  }
2023-03-10 17:25:34,132 INFO     ___FILE_ONLY___ ,
  {
2023-03-10 17:25:34,133 INFO     ___FILE_ONLY___ 
    "current_version_string": null,
2023-03-10 17:25:34,133 INFO     ___FILE_ONLY___ 
    "id": "kubectl-oidc",
2023-03-10 17:25:34,133 INFO     ___FILE_ONLY___ 
    "is_configuration": false,
2023-03-10 17:25:34,133 INFO     ___FILE_ONLY___ 
    "is_hidden": false,
2023-03-10 17:25:34,133 INFO     ___FILE_ONLY___ 
    "latest_version_string": "1.4.4",
2023-03-10 17:25:34,133 INFO     ___FILE_ONLY___ 
    "name": "kubectl-oidc",
2023-03-10 17:25:34,133 INFO     ___FILE_ONLY___ 
    "platform": {
2023-03-10 17:25:34,133 INFO     ___FILE_ONLY___ 
      "architecture": {
2023-03-10 17:25:34,133 INFO     ___FILE_ONLY___ 
        "file_name": "x86_64",
2023-03-10 17:25:34,133 INFO     ___FILE_ONLY___ 
        "id": "x86_64",
2023-03-10 17:25:34,133 INFO     ___FILE_ONLY___ 
        "name": "x86_64"
2023-03-10 17:25:34,133 INFO     ___FILE_ONLY___ 
      },
2023-03-10 17:25:34,133 INFO     ___FILE_ONLY___ 
      "operating_system": {
2023-03-10 17:25:34,133 INFO     ___FILE_ONLY___ 
        "file_name": "darwin",
2023-03-10 17:25:34,134 INFO     ___FILE_ONLY___ 
        "id": "MACOSX",
2023-03-10 17:25:34,134 INFO     ___FILE_ONLY___ 
        "name": "Mac OS X"
2023-03-10 17:25:34,134 INFO     ___FILE_ONLY___ 
      }
2023-03-10 17:25:34,134 INFO     ___FILE_ONLY___ 
    },
2023-03-10 17:25:34,134 INFO     ___FILE_ONLY___ 
    "platform_required": false,
2023-03-10 17:25:34,134 INFO     ___FILE_ONLY___ 
    "size": 21183987,
2023-03-10 17:25:34,134 INFO     ___FILE_ONLY___ 
    "state": {
2023-03-10 17:25:34,134 INFO     ___FILE_ONLY___ 
      "name": "Not Installed"
2023-03-10 17:25:34,134 INFO     ___FILE_ONLY___ 
    }
2023-03-10 17:25:34,134 INFO     ___FILE_ONLY___ 
  }
2023-03-10 17:25:34,135 INFO     ___FILE_ONLY___ ,
  {
2023-03-10 17:25:34,135 INFO     ___FILE_ONLY___ 
    "current_version_string": null,
2023-03-10 17:25:34,135 INFO     ___FILE_ONLY___ 
    "id": "pkg",
2023-03-10 17:25:34,135 INFO     ___FILE_ONLY___ 
    "is_configuration": false,
2023-03-10 17:25:34,136 INFO     ___FILE_ONLY___ 
    "is_hidden": false,
2023-03-10 17:25:34,136 INFO     ___FILE_ONLY___ 
    "latest_version_string": "",
2023-03-10 17:25:34,136 INFO     ___FILE_ONLY___ 
    "name": "pkg",
2023-03-10 17:25:34,136 INFO     ___FILE_ONLY___ 
    "platform": {
2023-03-10 17:25:34,136 INFO     ___FILE_ONLY___ 
      "architecture": {
2023-03-10 17:25:34,136 INFO     ___FILE_ONLY___ 
        "file_name": "x86_64",
2023-03-10 17:25:34,136 INFO     ___FILE_ONLY___ 
        "id": "x86_64",
2023-03-10 17:25:34,136 INFO     ___FILE_ONLY___ 
        "name": "x86_64"
2023-03-10 17:25:34,136 INFO     ___FILE_ONLY___ 
      },
2023-03-10 17:25:34,136 INFO     ___FILE_ONLY___ 
      "operating_system": {
2023-03-10 17:25:34,136 INFO     ___FILE_ONLY___ 
        "file_name": "darwin",
2023-03-10 17:25:34,137 INFO     ___FILE_ONLY___ 
        "id": "MACOSX",
2023-03-10 17:25:34,137 INFO     ___FILE_ONLY___ 
        "name": "Mac OS X"
2023-03-10 17:25:34,137 INFO     ___FILE_ONLY___ 
      }
2023-03-10 17:25:34,137 INFO     ___FILE_ONLY___ 
    },
2023-03-10 17:25:34,137 INFO     ___FILE_ONLY___ 
    "platform_required": false,
2023-03-10 17:25:34,137 INFO     ___FILE_ONLY___ 
    "size": 0,
2023-03-10 17:25:34,137 INFO     ___FILE_ONLY___ 
    "state": {
2023-03-10 17:25:34,138 INFO     ___FILE_ONLY___ 
      "name": "Not Installed"
2023-03-10 17:25:34,138 INFO     ___FILE_ONLY___ 
    }
2023-03-10 17:25:34,138 INFO     ___FILE_ONLY___ 
  }
2023-03-10 17:25:34,139 INFO     ___FILE_ONLY___ ,
  {
2023-03-10 17:25:34,139 INFO     ___FILE_ONLY___ 
    "current_version_string": "2.0.87",
2023-03-10 17:25:34,139 INFO     ___FILE_ONLY___ 
    "id": "bq",
2023-03-10 17:25:34,139 INFO     ___FILE_ONLY___ 
    "is_configuration": false,
2023-03-10 17:25:34,139 INFO     ___FILE_ONLY___ 
    "is_hidden": false,
2023-03-10 17:25:34,139 INFO     ___FILE_ONLY___ 
    "latest_version_string": "2.0.87",
2023-03-10 17:25:34,139 INFO     ___FILE_ONLY___ 
    "name": "BigQuery Command Line Tool",
2023-03-10 17:25:34,139 INFO     ___FILE_ONLY___ 
    "platform": {
2023-03-10 17:25:34,139 INFO     ___FILE_ONLY___ 
      "architecture": {
2023-03-10 17:25:34,139 INFO     ___FILE_ONLY___ 
        "file_name": "x86_64",
2023-03-10 17:25:34,140 INFO     ___FILE_ONLY___ 
        "id": "x86_64",
2023-03-10 17:25:34,140 INFO     ___FILE_ONLY___ 
        "name": "x86_64"
2023-03-10 17:25:34,140 INFO     ___FILE_ONLY___ 
      },
2023-03-10 17:25:34,140 INFO     ___FILE_ONLY___ 
      "operating_system": {
2023-03-10 17:25:34,140 INFO     ___FILE_ONLY___ 
        "file_name": "darwin",
2023-03-10 17:25:34,140 INFO     ___FILE_ONLY___ 
        "id": "MACOSX",
2023-03-10 17:25:34,140 INFO     ___FILE_ONLY___ 
        "name": "Mac OS X"
2023-03-10 17:25:34,140 INFO     ___FILE_ONLY___ 
      }
2023-03-10 17:25:34,140 INFO     ___FILE_ONLY___ 
    },
2023-03-10 17:25:34,140 INFO     ___FILE_ONLY___ 
    "platform_required": false,
2023-03-10 17:25:34,140 INFO     ___FILE_ONLY___ 
    "size": 1700317,
2023-03-10 17:25:34,140 INFO     ___FILE_ONLY___ 
    "state": {
2023-03-10 17:25:34,140 INFO     ___FILE_ONLY___ 
      "name": "Installed"
2023-03-10 17:25:34,140 INFO     ___FILE_ONLY___ 
    }
2023-03-10 17:25:34,140 INFO     ___FILE_ONLY___ 
  }
2023-03-10 17:25:34,141 INFO     ___FILE_ONLY___ ,
  {
2023-03-10 17:25:34,141 INFO     ___FILE_ONLY___ 
    "current_version_string": "5.21",
2023-03-10 17:25:34,141 INFO     ___FILE_ONLY___ 
    "id": "gsutil",
2023-03-10 17:25:34,141 INFO     ___FILE_ONLY___ 
    "is_configuration": false,
2023-03-10 17:25:34,142 INFO     ___FILE_ONLY___ 
    "is_hidden": false,
2023-03-10 17:25:34,142 INFO     ___FILE_ONLY___ 
    "latest_version_string": "5.21",
2023-03-10 17:25:34,142 INFO     ___FILE_ONLY___ 
    "name": "Cloud Storage Command Line Tool",
2023-03-10 17:25:34,142 INFO     ___FILE_ONLY___ 
    "platform": {
2023-03-10 17:25:34,142 INFO     ___FILE_ONLY___ 
      "architecture": {
2023-03-10 17:25:34,142 INFO     ___FILE_ONLY___ 
        "file_name": "x86_64",
2023-03-10 17:25:34,142 INFO     ___FILE_ONLY___ 
        "id": "x86_64",
2023-03-10 17:25:34,142 INFO     ___FILE_ONLY___ 
        "name": "x86_64"
2023-03-10 17:25:34,142 INFO     ___FILE_ONLY___ 
      },
2023-03-10 17:25:34,142 INFO     ___FILE_ONLY___ 
      "operating_system": {
2023-03-10 17:25:34,142 INFO     ___FILE_ONLY___ 
        "file_name": "darwin",
2023-03-10 17:25:34,142 INFO     ___FILE_ONLY___ 
        "id": "MACOSX",
2023-03-10 17:25:34,142 INFO     ___FILE_ONLY___ 
        "name": "Mac OS X"
2023-03-10 17:25:34,142 INFO     ___FILE_ONLY___ 
      }
2023-03-10 17:25:34,143 INFO     ___FILE_ONLY___ 
    },
2023-03-10 17:25:34,143 INFO     ___FILE_ONLY___ 
    "platform_required": false,
2023-03-10 17:25:34,143 INFO     ___FILE_ONLY___ 
    "size": 16305091,
2023-03-10 17:25:34,143 INFO     ___FILE_ONLY___ 
    "state": {
2023-03-10 17:25:34,143 INFO     ___FILE_ONLY___ 
      "name": "Installed"
2023-03-10 17:25:34,143 INFO     ___FILE_ONLY___ 
    }
2023-03-10 17:25:34,143 INFO     ___FILE_ONLY___ 
  }
2023-03-10 17:25:34,144 INFO     ___FILE_ONLY___ ,
  {
2023-03-10 17:25:34,144 INFO     ___FILE_ONLY___ 
    "current_version_string": "2023.03.03",
2023-03-10 17:25:34,144 INFO     ___FILE_ONLY___ 
    "id": "core",
2023-03-10 17:25:34,145 INFO     ___FILE_ONLY___ 
    "is_configuration": false,
2023-03-10 17:25:34,145 INFO     ___FILE_ONLY___ 
    "is_hidden": false,
2023-03-10 17:25:34,145 INFO     ___FILE_ONLY___ 
    "latest_version_string": "2023.03.03",
2023-03-10 17:25:34,145 INFO     ___FILE_ONLY___ 
    "name": "Google Cloud CLI Core Libraries",
2023-03-10 17:25:34,145 INFO     ___FILE_ONLY___ 
    "platform": {
2023-03-10 17:25:34,145 INFO     ___FILE_ONLY___ 
      "architecture": {
2023-03-10 17:25:34,145 INFO     ___FILE_ONLY___ 
        "file_name": "x86_64",
2023-03-10 17:25:34,145 INFO     ___FILE_ONLY___ 
        "id": "x86_64",
2023-03-10 17:25:34,145 INFO     ___FILE_ONLY___ 
        "name": "x86_64"
2023-03-10 17:25:34,145 INFO     ___FILE_ONLY___ 
      },
2023-03-10 17:25:34,145 INFO     ___FILE_ONLY___ 
      "operating_system": {
2023-03-10 17:25:34,145 INFO     ___FILE_ONLY___ 
        "file_name": "darwin",
2023-03-10 17:25:34,145 INFO     ___FILE_ONLY___ 
        "id": "MACOSX",
2023-03-10 17:25:34,145 INFO     ___FILE_ONLY___ 
        "name": "Mac OS X"
2023-03-10 17:25:34,146 INFO     ___FILE_ONLY___ 
      }
2023-03-10 17:25:34,146 INFO     ___FILE_ONLY___ 
    },
2023-03-10 17:25:34,146 INFO     ___FILE_ONLY___ 
    "platform_required": false,
2023-03-10 17:25:34,146 INFO     ___FILE_ONLY___ 
    "size": 28098613,
2023-03-10 17:25:34,146 INFO     ___FILE_ONLY___ 
    "state": {
2023-03-10 17:25:34,146 INFO     ___FILE_ONLY___ 
      "name": "Installed"
2023-03-10 17:25:34,146 INFO     ___FILE_ONLY___ 
    }
2023-03-10 17:25:34,146 INFO     ___FILE_ONLY___ 
  }
2023-03-10 17:25:34,147 INFO     ___FILE_ONLY___ ,
  {
2023-03-10 17:25:34,147 INFO     ___FILE_ONLY___ 
    "current_version_string": "1.0.0",
2023-03-10 17:25:34,147 INFO     ___FILE_ONLY___ 
    "id": "gcloud-crc32c",
2023-03-10 17:25:34,147 INFO     ___FILE_ONLY___ 
    "is_configuration": false,
2023-03-10 17:25:34,147 INFO     ___FILE_ONLY___ 
    "is_hidden": false,
2023-03-10 17:25:34,147 INFO     ___FILE_ONLY___ 
    "latest_version_string": "1.0.0",
2023-03-10 17:25:34,147 INFO     ___FILE_ONLY___ 
    "name": "Google Cloud CRC32C Hash Tool",
2023-03-10 17:25:34,147 INFO     ___FILE_ONLY___ 
    "platform": {
2023-03-10 17:25:34,147 INFO     ___FILE_ONLY___ 
      "architecture": {
2023-03-10 17:25:34,147 INFO     ___FILE_ONLY___ 
        "file_name": "x86_64",
2023-03-10 17:25:34,147 INFO     ___FILE_ONLY___ 
        "id": "x86_64",
2023-03-10 17:25:34,147 INFO     ___FILE_ONLY___ 
        "name": "x86_64"
2023-03-10 17:25:34,147 INFO     ___FILE_ONLY___ 
      },
2023-03-10 17:25:34,148 INFO     ___FILE_ONLY___ 
      "operating_system": {
2023-03-10 17:25:34,148 INFO     ___FILE_ONLY___ 
        "file_name": "darwin",
2023-03-10 17:25:34,148 INFO     ___FILE_ONLY___ 
        "id": "MACOSX",
2023-03-10 17:25:34,148 INFO     ___FILE_ONLY___ 
        "name": "Mac OS X"
2023-03-10 17:25:34,148 INFO     ___FILE_ONLY___ 
      }
2023-03-10 17:25:34,148 INFO     ___FILE_ONLY___ 
    },
2023-03-10 17:25:34,148 INFO     ___FILE_ONLY___ 
    "platform_required": false,
2023-03-10 17:25:34,148 INFO     ___FILE_ONLY___ 
    "size": 1241659,
2023-03-10 17:25:34,148 INFO     ___FILE_ONLY___ 
    "state": {
2023-03-10 17:25:34,148 INFO     ___FILE_ONLY___ 
      "name": "Installed"
2023-03-10 17:25:34,148 INFO     ___FILE_ONLY___ 
    }
2023-03-10 17:25:34,148 INFO     ___FILE_ONLY___ 
  }
2023-03-10 17:25:34,149 INFO     ___FILE_ONLY___ ,
  {
2023-03-10 17:25:34,149 INFO     ___FILE_ONLY___ 
    "current_version_string": "1.28.0",
2023-03-10 17:25:34,149 INFO     ___FILE_ONLY___ 
    "id": "minikube",
2023-03-10 17:25:34,149 INFO     ___FILE_ONLY___ 
    "is_configuration": false,
2023-03-10 17:25:34,149 INFO     ___FILE_ONLY___ 
    "is_hidden": false,
2023-03-10 17:25:34,149 INFO     ___FILE_ONLY___ 
    "latest_version_string": "1.29.0",
2023-03-10 17:25:34,149 INFO     ___FILE_ONLY___ 
    "name": "Minikube",
2023-03-10 17:25:34,150 INFO     ___FILE_ONLY___ 
    "platform": {
2023-03-10 17:25:34,150 INFO     ___FILE_ONLY___ 
      "architecture": {
2023-03-10 17:25:34,150 INFO     ___FILE_ONLY___ 
        "file_name": "x86_64",
2023-03-10 17:25:34,150 INFO     ___FILE_ONLY___ 
        "id": "x86_64",
2023-03-10 17:25:34,150 INFO     ___FILE_ONLY___ 
        "name": "x86_64"
2023-03-10 17:25:34,150 INFO     ___FILE_ONLY___ 
      },
2023-03-10 17:25:34,150 INFO     ___FILE_ONLY___ 
      "operating_system": {
2023-03-10 17:25:34,150 INFO     ___FILE_ONLY___ 
        "file_name": "darwin",
2023-03-10 17:25:34,150 INFO     ___FILE_ONLY___ 
        "id": "MACOSX",
2023-03-10 17:25:34,150 INFO     ___FILE_ONLY___ 
        "name": "Mac OS X"
2023-03-10 17:25:34,150 INFO     ___FILE_ONLY___ 
      }
2023-03-10 17:25:34,150 INFO     ___FILE_ONLY___ 
    },
2023-03-10 17:25:34,150 INFO     ___FILE_ONLY___ 
    "platform_required": false,
2023-03-10 17:25:34,150 INFO     ___FILE_ONLY___ 
    "size": 34129820,
2023-03-10 17:25:34,151 INFO     ___FILE_ONLY___ 
    "state": {
2023-03-10 17:25:34,151 INFO     ___FILE_ONLY___ 
      "name": "Installed"
2023-03-10 17:25:34,151 INFO     ___FILE_ONLY___ 
    }
2023-03-10 17:25:34,151 INFO     ___FILE_ONLY___ 
  }
2023-03-10 17:25:34,151 INFO     ___FILE_ONLY___ ,
  {
2023-03-10 17:25:34,152 INFO     ___FILE_ONLY___ 
    "current_version_string": "1.39.3",
2023-03-10 17:25:34,152 INFO     ___FILE_ONLY___ 
    "id": "skaffold",
2023-03-10 17:25:34,152 INFO     ___FILE_ONLY___ 
    "is_configuration": false,
2023-03-10 17:25:34,152 INFO     ___FILE_ONLY___ 
    "is_hidden": false,
2023-03-10 17:25:34,152 INFO     ___FILE_ONLY___ 
    "latest_version_string": "2.1.0",
2023-03-10 17:25:34,152 INFO     ___FILE_ONLY___ 
    "name": "Skaffold",
2023-03-10 17:25:34,152 INFO     ___FILE_ONLY___ 
    "platform": {
2023-03-10 17:25:34,153 INFO     ___FILE_ONLY___ 
      "architecture": {
2023-03-10 17:25:34,153 INFO     ___FILE_ONLY___ 
        "file_name": "x86_64",
2023-03-10 17:25:34,153 INFO     ___FILE_ONLY___ 
        "id": "x86_64",
2023-03-10 17:25:34,153 INFO     ___FILE_ONLY___ 
        "name": "x86_64"
2023-03-10 17:25:34,153 INFO     ___FILE_ONLY___ 
      },
2023-03-10 17:25:34,153 INFO     ___FILE_ONLY___ 
      "operating_system": {
2023-03-10 17:25:34,153 INFO     ___FILE_ONLY___ 
        "file_name": "darwin",
2023-03-10 17:25:34,153 INFO     ___FILE_ONLY___ 
        "id": "MACOSX",
2023-03-10 17:25:34,153 INFO     ___FILE_ONLY___ 
        "name": "Mac OS X"
2023-03-10 17:25:34,154 INFO     ___FILE_ONLY___ 
      }
2023-03-10 17:25:34,154 INFO     ___FILE_ONLY___ 
    },
2023-03-10 17:25:34,154 INFO     ___FILE_ONLY___ 
    "platform_required": false,
2023-03-10 17:25:34,154 INFO     ___FILE_ONLY___ 
    "size": 22875453,
2023-03-10 17:25:34,154 INFO     ___FILE_ONLY___ 
    "state": {
2023-03-10 17:25:34,154 INFO     ___FILE_ONLY___ 
      "name": "Installed"
2023-03-10 17:25:34,154 INFO     ___FILE_ONLY___ 
    }
2023-03-10 17:25:34,154 INFO     ___FILE_ONLY___ 
  }
2023-03-10 17:25:34,155 INFO     ___FILE_ONLY___ ,
  {
2023-03-10 17:25:34,156 INFO     ___FILE_ONLY___ 
    "current_version_string": "2023.03.03",
2023-03-10 17:25:34,156 INFO     ___FILE_ONLY___ 
    "id": "alpha",
2023-03-10 17:25:34,156 INFO     ___FILE_ONLY___ 
    "is_configuration": false,
2023-03-10 17:25:34,156 INFO     ___FILE_ONLY___ 
    "is_hidden": false,
2023-03-10 17:25:34,156 INFO     ___FILE_ONLY___ 
    "latest_version_string": "2023.03.03",
2023-03-10 17:25:34,156 INFO     ___FILE_ONLY___ 
    "name": "gcloud Alpha Commands",
2023-03-10 17:25:34,156 INFO     ___FILE_ONLY___ 
    "platform": {
2023-03-10 17:25:34,156 INFO     ___FILE_ONLY___ 
      "architecture": {
2023-03-10 17:25:34,156 INFO     ___FILE_ONLY___ 
        "file_name": "x86_64",
2023-03-10 17:25:34,157 INFO     ___FILE_ONLY___ 
        "id": "x86_64",
2023-03-10 17:25:34,157 INFO     ___FILE_ONLY___ 
        "name": "x86_64"
2023-03-10 17:25:34,157 INFO     ___FILE_ONLY___ 
      },
2023-03-10 17:25:34,157 INFO     ___FILE_ONLY___ 
      "operating_system": {
2023-03-10 17:25:34,157 INFO     ___FILE_ONLY___ 
        "file_name": "darwin",
2023-03-10 17:25:34,157 INFO     ___FILE_ONLY___ 
        "id": "MACOSX",
2023-03-10 17:25:34,157 INFO     ___FILE_ONLY___ 
        "name": "Mac OS X"
2023-03-10 17:25:34,157 INFO     ___FILE_ONLY___ 
      }
2023-03-10 17:25:34,158 INFO     ___FILE_ONLY___ 
    },
2023-03-10 17:25:34,158 INFO     ___FILE_ONLY___ 
    "platform_required": false,
2023-03-10 17:25:34,158 INFO     ___FILE_ONLY___ 
    "size": 800,
2023-03-10 17:25:34,158 INFO     ___FILE_ONLY___ 
    "state": {
2023-03-10 17:25:34,158 INFO     ___FILE_ONLY___ 
      "name": "Installed"
2023-03-10 17:25:34,158 INFO     ___FILE_ONLY___ 
    }
2023-03-10 17:25:34,158 INFO     ___FILE_ONLY___ 
  }
2023-03-10 17:25:34,159 INFO     ___FILE_ONLY___ ,
  {
2023-03-10 17:25:34,159 INFO     ___FILE_ONLY___ 
    "current_version_string": "2023.03.03",
2023-03-10 17:25:34,160 INFO     ___FILE_ONLY___ 
    "id": "beta",
2023-03-10 17:25:34,160 INFO     ___FILE_ONLY___ 
    "is_configuration": false,
2023-03-10 17:25:34,160 INFO     ___FILE_ONLY___ 
    "is_hidden": false,
2023-03-10 17:25:34,160 INFO     ___FILE_ONLY___ 
    "latest_version_string": "2023.03.03",
2023-03-10 17:25:34,160 INFO     ___FILE_ONLY___ 
    "name": "gcloud Beta Commands",
2023-03-10 17:25:34,160 INFO     ___FILE_ONLY___ 
    "platform": {
2023-03-10 17:25:34,161 INFO     ___FILE_ONLY___ 
      "architecture": {
2023-03-10 17:25:34,161 INFO     ___FILE_ONLY___ 
        "file_name": "x86_64",
2023-03-10 17:25:34,161 INFO     ___FILE_ONLY___ 
        "id": "x86_64",
2023-03-10 17:25:34,161 INFO     ___FILE_ONLY___ 
        "name": "x86_64"
2023-03-10 17:25:34,161 INFO     ___FILE_ONLY___ 
      },
2023-03-10 17:25:34,161 INFO     ___FILE_ONLY___ 
      "operating_system": {
2023-03-10 17:25:34,161 INFO     ___FILE_ONLY___ 
        "file_name": "darwin",
2023-03-10 17:25:34,161 INFO     ___FILE_ONLY___ 
        "id": "MACOSX",
2023-03-10 17:25:34,162 INFO     ___FILE_ONLY___ 
        "name": "Mac OS X"
2023-03-10 17:25:34,162 INFO     ___FILE_ONLY___ 
      }
2023-03-10 17:25:34,162 INFO     ___FILE_ONLY___ 
    },
2023-03-10 17:25:34,162 INFO     ___FILE_ONLY___ 
    "platform_required": false,
2023-03-10 17:25:34,162 INFO     ___FILE_ONLY___ 
    "size": 797,
2023-03-10 17:25:34,162 INFO     ___FILE_ONLY___ 
    "state": {
2023-03-10 17:25:34,162 INFO     ___FILE_ONLY___ 
      "name": "Installed"
2023-03-10 17:25:34,162 INFO     ___FILE_ONLY___ 
    }
2023-03-10 17:25:34,163 INFO     ___FILE_ONLY___ 
  }
2023-03-10 17:25:34,163 INFO     ___FILE_ONLY___ ,
  {
2023-03-10 17:25:34,164 INFO     ___FILE_ONLY___ 
    "current_version_string": "0.4.0",
2023-03-10 17:25:34,164 INFO     ___FILE_ONLY___ 
    "id": "gke-gcloud-auth-plugin",
2023-03-10 17:25:34,164 INFO     ___FILE_ONLY___ 
    "is_configuration": false,
2023-03-10 17:25:34,164 INFO     ___FILE_ONLY___ 
    "is_hidden": false,
2023-03-10 17:25:34,164 INFO     ___FILE_ONLY___ 
    "latest_version_string": "0.5.0",
2023-03-10 17:25:34,164 INFO     ___FILE_ONLY___ 
    "name": "gke-gcloud-auth-plugin",
2023-03-10 17:25:34,164 INFO     ___FILE_ONLY___ 
    "platform": {
2023-03-10 17:25:34,165 INFO     ___FILE_ONLY___ 
      "architecture": {
2023-03-10 17:25:34,165 INFO     ___FILE_ONLY___ 
        "file_name": "x86_64",
2023-03-10 17:25:34,165 INFO     ___FILE_ONLY___ 
        "id": "x86_64",
2023-03-10 17:25:34,165 INFO     ___FILE_ONLY___ 
        "name": "x86_64"
2023-03-10 17:25:34,165 INFO     ___FILE_ONLY___ 
      },
2023-03-10 17:25:34,165 INFO     ___FILE_ONLY___ 
      "operating_system": {
2023-03-10 17:25:34,165 INFO     ___FILE_ONLY___ 
        "file_name": "darwin",
2023-03-10 17:25:34,166 INFO     ___FILE_ONLY___ 
        "id": "MACOSX",
2023-03-10 17:25:34,166 INFO     ___FILE_ONLY___ 
        "name": "Mac OS X"
2023-03-10 17:25:34,166 INFO     ___FILE_ONLY___ 
      }
2023-03-10 17:25:34,166 INFO     ___FILE_ONLY___ 
    },
2023-03-10 17:25:34,166 INFO     ___FILE_ONLY___ 
    "platform_required": false,
2023-03-10 17:25:34,166 INFO     ___FILE_ONLY___ 
    "size": 7839640,
2023-03-10 17:25:34,166 INFO     ___FILE_ONLY___ 
    "state": {
2023-03-10 17:25:34,167 INFO     ___FILE_ONLY___ 
      "name": "Installed"
2023-03-10 17:25:34,167 INFO     ___FILE_ONLY___ 
    }
2023-03-10 17:25:34,167 INFO     ___FILE_ONLY___ 
  }
2023-03-10 17:25:34,168 INFO     ___FILE_ONLY___ ,
  {
2023-03-10 17:25:34,168 INFO     ___FILE_ONLY___ 
    "current_version_string": "1.24.11",
2023-03-10 17:25:34,168 INFO     ___FILE_ONLY___ 
    "id": "kubectl",
2023-03-10 17:25:34,168 INFO     ___FILE_ONLY___ 
    "is_configuration": false,
2023-03-10 17:25:34,169 INFO     ___FILE_ONLY___ 
    "is_hidden": false,
2023-03-10 17:25:34,169 INFO     ___FILE_ONLY___ 
    "latest_version_string": "1.24.11",
2023-03-10 17:25:34,169 INFO     ___FILE_ONLY___ 
    "name": "kubectl",
2023-03-10 17:25:34,169 INFO     ___FILE_ONLY___ 
    "platform": {
2023-03-10 17:25:34,169 INFO     ___FILE_ONLY___ 
      "architecture": {
2023-03-10 17:25:34,169 INFO     ___FILE_ONLY___ 
        "file_name": "x86_64",
2023-03-10 17:25:34,169 INFO     ___FILE_ONLY___ 
        "id": "x86_64",
2023-03-10 17:25:34,169 INFO     ___FILE_ONLY___ 
        "name": "x86_64"
2023-03-10 17:25:34,169 INFO     ___FILE_ONLY___ 
      },
2023-03-10 17:25:34,169 INFO     ___FILE_ONLY___ 
      "operating_system": {
2023-03-10 17:25:34,169 INFO     ___FILE_ONLY___ 
        "file_name": "darwin",
2023-03-10 17:25:34,170 INFO     ___FILE_ONLY___ 
        "id": "MACOSX",
2023-03-10 17:25:34,170 INFO     ___FILE_ONLY___ 
        "name": "Mac OS X"
2023-03-10 17:25:34,170 INFO     ___FILE_ONLY___ 
      }
2023-03-10 17:25:34,170 INFO     ___FILE_ONLY___ 
    },
2023-03-10 17:25:34,170 INFO     ___FILE_ONLY___ 
    "platform_required": true,
2023-03-10 17:25:34,170 INFO     ___FILE_ONLY___ 
    "size": 35450,
2023-03-10 17:25:34,170 INFO     ___FILE_ONLY___ 
    "state": {
2023-03-10 17:25:34,170 INFO     ___FILE_ONLY___ 
      "name": "Installed"
2023-03-10 17:25:34,170 INFO     ___FILE_ONLY___ 
    }
2023-03-10 17:25:34,171 INFO     ___FILE_ONLY___ 
  }
2023-03-10 17:25:34,171 INFO     ___FILE_ONLY___ 
]

