2023-03-10 17:30:14,885 DEBUG    root            Loaded Command Group: ['gcloud', 'components']
2023-03-10 17:30:14,890 DEBUG    root            Loaded Command Group: ['gcloud', 'components', 'list']
2023-03-10 17:30:14,895 DEBUG    root            Running [gcloud.components.list] with arguments: [--format: "json", --quiet: "True", --verbosity: "warning"]
2023-03-10 17:30:14,961 DEBUG    urllib3.connectionpool Starting new HTTPS connection (1): dl.google.com:443
2023-03-10 17:30:15,292 DEBUG    urllib3.connectionpool https://dl.google.com:443 "GET /dl/cloudsdk/channels/rapid/components-2.json HTTP/1.1" 200 206156
2023-03-10 17:30:15,359 INFO     ___FILE_ONLY___ 
Your current Google Cloud CLI version is: 421.0.0

2023-03-10 17:30:15,359 INFO     ___FILE_ONLY___ The latest available version is: 421.0.0

2023-03-10 17:30:15,359 INFO     ___FILE_ONLY___ 

2023-03-10 17:30:15,360 DEBUG    root            Chosen display Format:table[box,title="Components"](state.name:label=Status,name:label=Name,id:label=ID,size.size(zero="",min=1048576):label=Size:align=right) json
2023-03-10 17:30:15,362 INFO     root            Display format: "table[box,title="Components"](state.name:label=Status,name:label=Name,id:label=ID,size.size(zero="",min=1048576):label=Size:align=right) json"
2023-03-10 17:30:15,363 INFO     ___FILE_ONLY___ [
  {
2023-03-10 17:30:15,363 INFO     ___FILE_ONLY___ 
    "current_version_string": null,
2023-03-10 17:30:15,364 INFO     ___FILE_ONLY___ 
    "id": "app-engine-go",
2023-03-10 17:30:15,364 INFO     ___FILE_ONLY___ 
    "is_configuration": false,
2023-03-10 17:30:15,364 INFO     ___FILE_ONLY___ 
    "is_hidden": false,
2023-03-10 17:30:15,364 INFO     ___FILE_ONLY___ 
    "latest_version_string": "1.9.72",
2023-03-10 17:30:15,364 INFO     ___FILE_ONLY___ 
    "name": "App Engine Go Extensions",
2023-03-10 17:30:15,364 INFO     ___FILE_ONLY___ 
    "platform": {
2023-03-10 17:30:15,364 INFO     ___FILE_ONLY___ 
      "architecture": {
2023-03-10 17:30:15,364 INFO     ___FILE_ONLY___ 
        "file_name": "x86_64",
2023-03-10 17:30:15,364 INFO     ___FILE_ONLY___ 
        "id": "x86_64",
2023-03-10 17:30:15,364 INFO     ___FILE_ONLY___ 
        "name": "x86_64"
2023-03-10 17:30:15,365 INFO     ___FILE_ONLY___ 
      },
2023-03-10 17:30:15,365 INFO     ___FILE_ONLY___ 
      "operating_system": {
2023-03-10 17:30:15,365 INFO     ___FILE_ONLY___ 
        "file_name": "darwin",
2023-03-10 17:30:15,365 INFO     ___FILE_ONLY___ 
        "id": "MACOSX",
2023-03-10 17:30:15,365 INFO     ___FILE_ONLY___ 
        "name": "Mac OS X"
2023-03-10 17:30:15,365 INFO     ___FILE_ONLY___ 
      }
2023-03-10 17:30:15,365 INFO     ___FILE_ONLY___ 
    },
2023-03-10 17:30:15,365 INFO     ___FILE_ONLY___ 
    "platform_required": false,
2023-03-10 17:30:15,365 INFO     ___FILE_ONLY___ 
    "size": 4320254,
2023-03-10 17:30:15,365 INFO     ___FILE_ONLY___ 
    "state": {
2023-03-10 17:30:15,366 INFO     ___FILE_ONLY___ 
      "name": "Not Installed"
2023-03-10 17:30:15,366 INFO     ___FILE_ONLY___ 
    }
2023-03-10 17:30:15,366 INFO     ___FILE_ONLY___ 
  }
2023-03-10 17:30:15,366 INFO     ___FILE_ONLY___ ,
  {
2023-03-10 17:30:15,367 INFO     ___FILE_ONLY___ 
    "current_version_string": null,
2023-03-10 17:30:15,367 INFO     ___FILE_ONLY___ 
    "id": "appctl",
2023-03-10 17:30:15,367 INFO     ___FILE_ONLY___ 
    "is_configuration": false,
2023-03-10 17:30:15,367 INFO     ___FILE_ONLY___ 
    "is_hidden": false,
2023-03-10 17:30:15,367 INFO     ___FILE_ONLY___ 
    "latest_version_string": "0.1.12",
2023-03-10 17:30:15,367 INFO     ___FILE_ONLY___ 
    "name": "Appctl",
2023-03-10 17:30:15,367 INFO     ___FILE_ONLY___ 
    "platform": {
2023-03-10 17:30:15,367 INFO     ___FILE_ONLY___ 
      "architecture": {
2023-03-10 17:30:15,367 INFO     ___FILE_ONLY___ 
        "file_name": "x86_64",
2023-03-10 17:30:15,368 INFO     ___FILE_ONLY___ 
        "id": "x86_64",
2023-03-10 17:30:15,368 INFO     ___FILE_ONLY___ 
        "name": "x86_64"
2023-03-10 17:30:15,368 INFO     ___FILE_ONLY___ 
      },
2023-03-10 17:30:15,368 INFO     ___FILE_ONLY___ 
      "operating_system": {
2023-03-10 17:30:15,368 INFO     ___FILE_ONLY___ 
        "file_name": "darwin",
2023-03-10 17:30:15,368 INFO     ___FILE_ONLY___ 
        "id": "MACOSX",
2023-03-10 17:30:15,368 INFO     ___FILE_ONLY___ 
        "name": "Mac OS X"
2023-03-10 17:30:15,368 INFO     ___FILE_ONLY___ 
      }
2023-03-10 17:30:15,369 INFO     ___FILE_ONLY___ 
    },
2023-03-10 17:30:15,369 INFO     ___FILE_ONLY___ 
    "platform_required": false,
2023-03-10 17:30:15,369 INFO     ___FILE_ONLY___ 
    "size": 19381598,
2023-03-10 17:30:15,369 INFO     ___FILE_ONLY___ 
    "state": {
2023-03-10 17:30:15,369 INFO     ___FILE_ONLY___ 
      "name": "Not Installed"
2023-03-10 17:30:15,369 INFO     ___FILE_ONLY___ 
    }
2023-03-10 17:30:15,369 INFO     ___FILE_ONLY___ 
  }
2023-03-10 17:30:15,370 INFO     ___FILE_ONLY___ ,
  {
2023-03-10 17:30:15,370 INFO     ___FILE_ONLY___ 
    "current_version_string": null,
2023-03-10 17:30:15,371 INFO     ___FILE_ONLY___ 
    "id": "package-go-module",
2023-03-10 17:30:15,371 INFO     ___FILE_ONLY___ 
    "is_configuration": false,
2023-03-10 17:30:15,371 INFO     ___FILE_ONLY___ 
    "is_hidden": false,
2023-03-10 17:30:15,371 INFO     ___FILE_ONLY___ 
    "latest_version_string": "0.3.0",
2023-03-10 17:30:15,371 INFO     ___FILE_ONLY___ 
    "name": "Artifact Registry Go Module Package Helper",
2023-03-10 17:30:15,371 INFO     ___FILE_ONLY___ 
    "platform": {
2023-03-10 17:30:15,371 INFO     ___FILE_ONLY___ 
      "architecture": {
2023-03-10 17:30:15,371 INFO     ___FILE_ONLY___ 
        "file_name": "x86_64",
2023-03-10 17:30:15,372 INFO     ___FILE_ONLY___ 
        "id": "x86_64",
2023-03-10 17:30:15,372 INFO     ___FILE_ONLY___ 
        "name": "x86_64"
2023-03-10 17:30:15,372 INFO     ___FILE_ONLY___ 
      },
2023-03-10 17:30:15,372 INFO     ___FILE_ONLY___ 
      "operating_system": {
2023-03-10 17:30:15,372 INFO     ___FILE_ONLY___ 
        "file_name": "darwin",
2023-03-10 17:30:15,372 INFO     ___FILE_ONLY___ 
        "id": "MACOSX",
2023-03-10 17:30:15,372 INFO     ___FILE_ONLY___ 
        "name": "Mac OS X"
2023-03-10 17:30:15,373 INFO     ___FILE_ONLY___ 
      }
2023-03-10 17:30:15,373 INFO     ___FILE_ONLY___ 
    },
2023-03-10 17:30:15,373 INFO     ___FILE_ONLY___ 
    "platform_required": false,
2023-03-10 17:30:15,373 INFO     ___FILE_ONLY___ 
    "size": 840902,
2023-03-10 17:30:15,373 INFO     ___FILE_ONLY___ 
    "state": {
2023-03-10 17:30:15,373 INFO     ___FILE_ONLY___ 
      "name": "Not Installed"
2023-03-10 17:30:15,373 INFO     ___FILE_ONLY___ 
    }
2023-03-10 17:30:15,373 INFO     ___FILE_ONLY___ 
  }
2023-03-10 17:30:15,374 INFO     ___FILE_ONLY___ ,
  {
2023-03-10 17:30:15,375 INFO     ___FILE_ONLY___ 
    "current_version_string": null,
2023-03-10 17:30:15,375 INFO     ___FILE_ONLY___ 
    "id": "cbt",
2023-03-10 17:30:15,375 INFO     ___FILE_ONLY___ 
    "is_configuration": false,
2023-03-10 17:30:15,375 INFO     ___FILE_ONLY___ 
    "is_hidden": false,
2023-03-10 17:30:15,375 INFO     ___FILE_ONLY___ 
    "latest_version_string": "0.13.0",
2023-03-10 17:30:15,375 INFO     ___FILE_ONLY___ 
    "name": "Cloud Bigtable Command Line Tool",
2023-03-10 17:30:15,375 INFO     ___FILE_ONLY___ 
    "platform": {
2023-03-10 17:30:15,375 INFO     ___FILE_ONLY___ 
      "architecture": {
2023-03-10 17:30:15,376 INFO     ___FILE_ONLY___ 
        "file_name": "x86_64",
2023-03-10 17:30:15,376 INFO     ___FILE_ONLY___ 
        "id": "x86_64",
2023-03-10 17:30:15,376 INFO     ___FILE_ONLY___ 
        "name": "x86_64"
2023-03-10 17:30:15,376 INFO     ___FILE_ONLY___ 
      },
2023-03-10 17:30:15,376 INFO     ___FILE_ONLY___ 
      "operating_system": {
2023-03-10 17:30:15,376 INFO     ___FILE_ONLY___ 
        "file_name": "darwin",
2023-03-10 17:30:15,376 INFO     ___FILE_ONLY___ 
        "id": "MACOSX",
2023-03-10 17:30:15,376 INFO     ___FILE_ONLY___ 
        "name": "Mac OS X"
2023-03-10 17:30:15,376 INFO     ___FILE_ONLY___ 
      }
2023-03-10 17:30:15,377 INFO     ___FILE_ONLY___ 
    },
2023-03-10 17:30:15,377 INFO     ___FILE_ONLY___ 
    "platform_required": false,
2023-03-10 17:30:15,377 INFO     ___FILE_ONLY___ 
    "size": 10655029,
2023-03-10 17:30:15,377 INFO     ___FILE_ONLY___ 
    "state": {
2023-03-10 17:30:15,377 INFO     ___FILE_ONLY___ 
      "name": "Not Installed"
2023-03-10 17:30:15,377 INFO     ___FILE_ONLY___ 
    }
2023-03-10 17:30:15,377 INFO     ___FILE_ONLY___ 
  }
2023-03-10 17:30:15,378 INFO     ___FILE_ONLY___ ,
  {
2023-03-10 17:30:15,379 INFO     ___FILE_ONLY___ 
    "current_version_string": null,
2023-03-10 17:30:15,379 INFO     ___FILE_ONLY___ 
    "id": "bigtable",
2023-03-10 17:30:15,379 INFO     ___FILE_ONLY___ 
    "is_configuration": false,
2023-03-10 17:30:15,379 INFO     ___FILE_ONLY___ 
    "is_hidden": false,
2023-03-10 17:30:15,379 INFO     ___FILE_ONLY___ 
    "latest_version_string": "",
2023-03-10 17:30:15,379 INFO     ___FILE_ONLY___ 
    "name": "Cloud Bigtable Emulator",
2023-03-10 17:30:15,379 INFO     ___FILE_ONLY___ 
    "platform": {
2023-03-10 17:30:15,380 INFO     ___FILE_ONLY___ 
      "architecture": {
2023-03-10 17:30:15,380 INFO     ___FILE_ONLY___ 
        "file_name": "x86_64",
2023-03-10 17:30:15,380 INFO     ___FILE_ONLY___ 
        "id": "x86_64",
2023-03-10 17:30:15,380 INFO     ___FILE_ONLY___ 
        "name": "x86_64"
2023-03-10 17:30:15,380 INFO     ___FILE_ONLY___ 
      },
2023-03-10 17:30:15,380 INFO     ___FILE_ONLY___ 
      "operating_system": {
2023-03-10 17:30:15,380 INFO     ___FILE_ONLY___ 
        "file_name": "darwin",
2023-03-10 17:30:15,380 INFO     ___FILE_ONLY___ 
        "id": "MACOSX",
2023-03-10 17:30:15,381 INFO     ___FILE_ONLY___ 
        "name": "Mac OS X"
2023-03-10 17:30:15,381 INFO     ___FILE_ONLY___ 
      }
2023-03-10 17:30:15,381 INFO     ___FILE_ONLY___ 
    },
2023-03-10 17:30:15,381 INFO     ___FILE_ONLY___ 
    "platform_required": false,
2023-03-10 17:30:15,381 INFO     ___FILE_ONLY___ 
    "size": 6842480,
2023-03-10 17:30:15,381 INFO     ___FILE_ONLY___ 
    "state": {
2023-03-10 17:30:15,381 INFO     ___FILE_ONLY___ 
      "name": "Not Installed"
2023-03-10 17:30:15,381 INFO     ___FILE_ONLY___ 
    }
2023-03-10 17:30:15,381 INFO     ___FILE_ONLY___ 
  }
2023-03-10 17:30:15,382 INFO     ___FILE_ONLY___ ,
  {
2023-03-10 17:30:15,382 INFO     ___FILE_ONLY___ 
    "current_version_string": null,
2023-03-10 17:30:15,382 INFO     ___FILE_ONLY___ 
    "id": "cloud-datastore-emulator",
2023-03-10 17:30:15,382 INFO     ___FILE_ONLY___ 
    "is_configuration": false,
2023-03-10 17:30:15,382 INFO     ___FILE_ONLY___ 
    "is_hidden": false,
2023-03-10 17:30:15,383 INFO     ___FILE_ONLY___ 
    "latest_version_string": "2.3.0",
2023-03-10 17:30:15,383 INFO     ___FILE_ONLY___ 
    "name": "Cloud Datastore Emulator",
2023-03-10 17:30:15,383 INFO     ___FILE_ONLY___ 
    "platform": {
2023-03-10 17:30:15,383 INFO     ___FILE_ONLY___ 
      "architecture": {
2023-03-10 17:30:15,383 INFO     ___FILE_ONLY___ 
        "file_name": "x86_64",
2023-03-10 17:30:15,383 INFO     ___FILE_ONLY___ 
        "id": "x86_64",
2023-03-10 17:30:15,383 INFO     ___FILE_ONLY___ 
        "name": "x86_64"
2023-03-10 17:30:15,383 INFO     ___FILE_ONLY___ 
      },
2023-03-10 17:30:15,383 INFO     ___FILE_ONLY___ 
      "operating_system": {
2023-03-10 17:30:15,383 INFO     ___FILE_ONLY___ 
        "file_name": "darwin",
2023-03-10 17:30:15,384 INFO     ___FILE_ONLY___ 
        "id": "MACOSX",
2023-03-10 17:30:15,384 INFO     ___FILE_ONLY___ 
        "name": "Mac OS X"
2023-03-10 17:30:15,384 INFO     ___FILE_ONLY___ 
      }
2023-03-10 17:30:15,384 INFO     ___FILE_ONLY___ 
    },
2023-03-10 17:30:15,384 INFO     ___FILE_ONLY___ 
    "platform_required": false,
2023-03-10 17:30:15,384 INFO     ___FILE_ONLY___ 
    "size": 36755687,
2023-03-10 17:30:15,384 INFO     ___FILE_ONLY___ 
    "state": {
2023-03-10 17:30:15,384 INFO     ___FILE_ONLY___ 
      "name": "Not Installed"
2023-03-10 17:30:15,385 INFO     ___FILE_ONLY___ 
    }
2023-03-10 17:30:15,385 INFO     ___FILE_ONLY___ 
  }
2023-03-10 17:30:15,385 INFO     ___FILE_ONLY___ ,
  {
2023-03-10 17:30:15,385 INFO     ___FILE_ONLY___ 
    "current_version_string": null,
2023-03-10 17:30:15,385 INFO     ___FILE_ONLY___ 
    "id": "cloud-firestore-emulator",
2023-03-10 17:30:15,386 INFO     ___FILE_ONLY___ 
    "is_configuration": false,
2023-03-10 17:30:15,386 INFO     ___FILE_ONLY___ 
    "is_hidden": false,
2023-03-10 17:30:15,386 INFO     ___FILE_ONLY___ 
    "latest_version_string": "1.15.1",
2023-03-10 17:30:15,386 INFO     ___FILE_ONLY___ 
    "name": "Cloud Firestore Emulator",
2023-03-10 17:30:15,386 INFO     ___FILE_ONLY___ 
    "platform": {
2023-03-10 17:30:15,386 INFO     ___FILE_ONLY___ 
      "architecture": {
2023-03-10 17:30:15,386 INFO     ___FILE_ONLY___ 
        "file_name": "x86_64",
2023-03-10 17:30:15,386 INFO     ___FILE_ONLY___ 
        "id": "x86_64",
2023-03-10 17:30:15,386 INFO     ___FILE_ONLY___ 
        "name": "x86_64"
2023-03-10 17:30:15,386 INFO     ___FILE_ONLY___ 
      },
2023-03-10 17:30:15,387 INFO     ___FILE_ONLY___ 
      "operating_system": {
2023-03-10 17:30:15,387 INFO     ___FILE_ONLY___ 
        "file_name": "darwin",
2023-03-10 17:30:15,387 INFO     ___FILE_ONLY___ 
        "id": "MACOSX",
2023-03-10 17:30:15,387 INFO     ___FILE_ONLY___ 
        "name": "Mac OS X"
2023-03-10 17:30:15,387 INFO     ___FILE_ONLY___ 
      }
2023-03-10 17:30:15,387 INFO     ___FILE_ONLY___ 
    },
2023-03-10 17:30:15,387 INFO     ___FILE_ONLY___ 
    "platform_required": false,
2023-03-10 17:30:15,387 INFO     ___FILE_ONLY___ 
    "size": 42101953,
2023-03-10 17:30:15,387 INFO     ___FILE_ONLY___ 
    "state": {
2023-03-10 17:30:15,387 INFO     ___FILE_ONLY___ 
      "name": "Not Installed"
2023-03-10 17:30:15,387 INFO     ___FILE_ONLY___ 
    }
2023-03-10 17:30:15,387 INFO     ___FILE_ONLY___ 
  }
2023-03-10 17:30:15,388 INFO     ___FILE_ONLY___ ,
  {
2023-03-10 17:30:15,388 INFO     ___FILE_ONLY___ 
    "current_version_string": null,
2023-03-10 17:30:15,388 INFO     ___FILE_ONLY___ 
    "id": "pubsub-emulator",
2023-03-10 17:30:15,388 INFO     ___FILE_ONLY___ 
    "is_configuration": false,
2023-03-10 17:30:15,388 INFO     ___FILE_ONLY___ 
    "is_hidden": false,
2023-03-10 17:30:15,388 INFO     ___FILE_ONLY___ 
    "latest_version_string": "0.8.0",
2023-03-10 17:30:15,388 INFO     ___FILE_ONLY___ 
    "name": "Cloud Pub/Sub Emulator",
2023-03-10 17:30:15,389 INFO     ___FILE_ONLY___ 
    "platform": {
2023-03-10 17:30:15,389 INFO     ___FILE_ONLY___ 
      "architecture": {
2023-03-10 17:30:15,389 INFO     ___FILE_ONLY___ 
        "file_name": "x86_64",
2023-03-10 17:30:15,389 INFO     ___FILE_ONLY___ 
        "id": "x86_64",
2023-03-10 17:30:15,389 INFO     ___FILE_ONLY___ 
        "name": "x86_64"
2023-03-10 17:30:15,389 INFO     ___FILE_ONLY___ 
      },
2023-03-10 17:30:15,389 INFO     ___FILE_ONLY___ 
      "operating_system": {
2023-03-10 17:30:15,389 INFO     ___FILE_ONLY___ 
        "file_name": "darwin",
2023-03-10 17:30:15,389 INFO     ___FILE_ONLY___ 
        "id": "MACOSX",
2023-03-10 17:30:15,389 INFO     ___FILE_ONLY___ 
        "name": "Mac OS X"
2023-03-10 17:30:15,389 INFO     ___FILE_ONLY___ 
      }
2023-03-10 17:30:15,389 INFO     ___FILE_ONLY___ 
    },
2023-03-10 17:30:15,390 INFO     ___FILE_ONLY___ 
    "platform_required": false,
2023-03-10 17:30:15,390 INFO     ___FILE_ONLY___ 
    "size": 68738630,
2023-03-10 17:30:15,390 INFO     ___FILE_ONLY___ 
    "state": {
2023-03-10 17:30:15,390 INFO     ___FILE_ONLY___ 
      "name": "Not Installed"
2023-03-10 17:30:15,390 INFO     ___FILE_ONLY___ 
    }
2023-03-10 17:30:15,390 INFO     ___FILE_ONLY___ 
  }
2023-03-10 17:30:15,390 INFO     ___FILE_ONLY___ ,
  {
2023-03-10 17:30:15,391 INFO     ___FILE_ONLY___ 
    "current_version_string": null,
2023-03-10 17:30:15,391 INFO     ___FILE_ONLY___ 
    "id": "cloud-run-proxy",
2023-03-10 17:30:15,391 INFO     ___FILE_ONLY___ 
    "is_configuration": false,
2023-03-10 17:30:15,391 INFO     ___FILE_ONLY___ 
    "is_hidden": false,
2023-03-10 17:30:15,391 INFO     ___FILE_ONLY___ 
    "latest_version_string": "0.3.0",
2023-03-10 17:30:15,391 INFO     ___FILE_ONLY___ 
    "name": "Cloud Run Proxy",
2023-03-10 17:30:15,391 INFO     ___FILE_ONLY___ 
    "platform": {
2023-03-10 17:30:15,391 INFO     ___FILE_ONLY___ 
      "architecture": {
2023-03-10 17:30:15,391 INFO     ___FILE_ONLY___ 
        "file_name": "x86_64",
2023-03-10 17:30:15,391 INFO     ___FILE_ONLY___ 
        "id": "x86_64",
2023-03-10 17:30:15,391 INFO     ___FILE_ONLY___ 
        "name": "x86_64"
2023-03-10 17:30:15,391 INFO     ___FILE_ONLY___ 
      },
2023-03-10 17:30:15,391 INFO     ___FILE_ONLY___ 
      "operating_system": {
2023-03-10 17:30:15,391 INFO     ___FILE_ONLY___ 
        "file_name": "darwin",
2023-03-10 17:30:15,392 INFO     ___FILE_ONLY___ 
        "id": "MACOSX",
2023-03-10 17:30:15,392 INFO     ___FILE_ONLY___ 
        "name": "Mac OS X"
2023-03-10 17:30:15,392 INFO     ___FILE_ONLY___ 
      }
2023-03-10 17:30:15,392 INFO     ___FILE_ONLY___ 
    },
2023-03-10 17:30:15,392 INFO     ___FILE_ONLY___ 
    "platform_required": false,
2023-03-10 17:30:15,392 INFO     ___FILE_ONLY___ 
    "size": 8024792,
2023-03-10 17:30:15,392 INFO     ___FILE_ONLY___ 
    "state": {
2023-03-10 17:30:15,392 INFO     ___FILE_ONLY___ 
      "name": "Not Installed"
2023-03-10 17:30:15,392 INFO     ___FILE_ONLY___ 
    }
2023-03-10 17:30:15,392 INFO     ___FILE_ONLY___ 
  }
2023-03-10 17:30:15,393 INFO     ___FILE_ONLY___ ,
  {
2023-03-10 17:30:15,393 INFO     ___FILE_ONLY___ 
    "current_version_string": null,
2023-03-10 17:30:15,393 INFO     ___FILE_ONLY___ 
    "id": "cloud_sql_proxy",
2023-03-10 17:30:15,393 INFO     ___FILE_ONLY___ 
    "is_configuration": false,
2023-03-10 17:30:15,393 INFO     ___FILE_ONLY___ 
    "is_hidden": false,
2023-03-10 17:30:15,393 INFO     ___FILE_ONLY___ 
    "latest_version_string": "1.27.0",
2023-03-10 17:30:15,393 INFO     ___FILE_ONLY___ 
    "name": "Cloud SQL Proxy",
2023-03-10 17:30:15,393 INFO     ___FILE_ONLY___ 
    "platform": {
2023-03-10 17:30:15,393 INFO     ___FILE_ONLY___ 
      "architecture": {
2023-03-10 17:30:15,394 INFO     ___FILE_ONLY___ 
        "file_name": "x86_64",
2023-03-10 17:30:15,394 INFO     ___FILE_ONLY___ 
        "id": "x86_64",
2023-03-10 17:30:15,394 INFO     ___FILE_ONLY___ 
        "name": "x86_64"
2023-03-10 17:30:15,394 INFO     ___FILE_ONLY___ 
      },
2023-03-10 17:30:15,394 INFO     ___FILE_ONLY___ 
      "operating_system": {
2023-03-10 17:30:15,394 INFO     ___FILE_ONLY___ 
        "file_name": "darwin",
2023-03-10 17:30:15,394 INFO     ___FILE_ONLY___ 
        "id": "MACOSX",
2023-03-10 17:30:15,394 INFO     ___FILE_ONLY___ 
        "name": "Mac OS X"
2023-03-10 17:30:15,394 INFO     ___FILE_ONLY___ 
      }
2023-03-10 17:30:15,394 INFO     ___FILE_ONLY___ 
    },
2023-03-10 17:30:15,395 INFO     ___FILE_ONLY___ 
    "platform_required": false,
2023-03-10 17:30:15,395 INFO     ___FILE_ONLY___ 
    "size": 7986647,
2023-03-10 17:30:15,395 INFO     ___FILE_ONLY___ 
    "state": {
2023-03-10 17:30:15,395 INFO     ___FILE_ONLY___ 
      "name": "Not Installed"
2023-03-10 17:30:15,395 INFO     ___FILE_ONLY___ 
    }
2023-03-10 17:30:15,395 INFO     ___FILE_ONLY___ 
  }
2023-03-10 17:30:15,395 INFO     ___FILE_ONLY___ ,
  {
2023-03-10 17:30:15,395 INFO     ___FILE_ONLY___ 
    "current_version_string": null,
2023-03-10 17:30:15,396 INFO     ___FILE_ONLY___ 
    "id": "docker-credential-gcr",
2023-03-10 17:30:15,396 INFO     ___FILE_ONLY___ 
    "is_configuration": false,
2023-03-10 17:30:15,396 INFO     ___FILE_ONLY___ 
    "is_hidden": false,
2023-03-10 17:30:15,396 INFO     ___FILE_ONLY___ 
    "latest_version_string": "1.5.0",
2023-03-10 17:30:15,396 INFO     ___FILE_ONLY___ 
    "name": "Google Container Registry's Docker credential helper",
2023-03-10 17:30:15,396 INFO     ___FILE_ONLY___ 
    "platform": {
2023-03-10 17:30:15,396 INFO     ___FILE_ONLY___ 
      "architecture": {
2023-03-10 17:30:15,396 INFO     ___FILE_ONLY___ 
        "file_name": "x86_64",
2023-03-10 17:30:15,396 INFO     ___FILE_ONLY___ 
        "id": "x86_64",
2023-03-10 17:30:15,396 INFO     ___FILE_ONLY___ 
        "name": "x86_64"
2023-03-10 17:30:15,396 INFO     ___FILE_ONLY___ 
      },
2023-03-10 17:30:15,396 INFO     ___FILE_ONLY___ 
      "operating_system": {
2023-03-10 17:30:15,396 INFO     ___FILE_ONLY___ 
        "file_name": "darwin",
2023-03-10 17:30:15,397 INFO     ___FILE_ONLY___ 
        "id": "MACOSX",
2023-03-10 17:30:15,397 INFO     ___FILE_ONLY___ 
        "name": "Mac OS X"
2023-03-10 17:30:15,397 INFO     ___FILE_ONLY___ 
      }
2023-03-10 17:30:15,397 INFO     ___FILE_ONLY___ 
    },
2023-03-10 17:30:15,397 INFO     ___FILE_ONLY___ 
    "platform_required": false,
2023-03-10 17:30:15,397 INFO     ___FILE_ONLY___ 
    "size": 2266831,
2023-03-10 17:30:15,397 INFO     ___FILE_ONLY___ 
    "state": {
2023-03-10 17:30:15,397 INFO     ___FILE_ONLY___ 
      "name": "Not Installed"
2023-03-10 17:30:15,397 INFO     ___FILE_ONLY___ 
    }
2023-03-10 17:30:15,397 INFO     ___FILE_ONLY___ 
  }
2023-03-10 17:30:15,398 INFO     ___FILE_ONLY___ ,
  {
2023-03-10 17:30:15,398 INFO     ___FILE_ONLY___ 
    "current_version_string": null,
2023-03-10 17:30:15,398 INFO     ___FILE_ONLY___ 
    "id": "kustomize",
2023-03-10 17:30:15,398 INFO     ___FILE_ONLY___ 
    "is_configuration": false,
2023-03-10 17:30:15,398 INFO     ___FILE_ONLY___ 
    "is_hidden": false,
2023-03-10 17:30:15,398 INFO     ___FILE_ONLY___ 
    "latest_version_string": "4.4.0",
2023-03-10 17:30:15,398 INFO     ___FILE_ONLY___ 
    "name": "Kustomize",
2023-03-10 17:30:15,398 INFO     ___FILE_ONLY___ 
    "platform": {
2023-03-10 17:30:15,398 INFO     ___FILE_ONLY___ 
      "architecture": {
2023-03-10 17:30:15,399 INFO     ___FILE_ONLY___ 
        "file_name": "x86_64",
2023-03-10 17:30:15,399 INFO     ___FILE_ONLY___ 
        "id": "x86_64",
2023-03-10 17:30:15,399 INFO     ___FILE_ONLY___ 
        "name": "x86_64"
2023-03-10 17:30:15,399 INFO     ___FILE_ONLY___ 
      },
2023-03-10 17:30:15,399 INFO     ___FILE_ONLY___ 
      "operating_system": {
2023-03-10 17:30:15,399 INFO     ___FILE_ONLY___ 
        "file_name": "darwin",
2023-03-10 17:30:15,399 INFO     ___FILE_ONLY___ 
        "id": "MACOSX",
2023-03-10 17:30:15,399 INFO     ___FILE_ONLY___ 
        "name": "Mac OS X"
2023-03-10 17:30:15,399 INFO     ___FILE_ONLY___ 
      }
2023-03-10 17:30:15,399 INFO     ___FILE_ONLY___ 
    },
2023-03-10 17:30:15,399 INFO     ___FILE_ONLY___ 
    "platform_required": false,
2023-03-10 17:30:15,399 INFO     ___FILE_ONLY___ 
    "size": 7961940,
2023-03-10 17:30:15,399 INFO     ___FILE_ONLY___ 
    "state": {
2023-03-10 17:30:15,400 INFO     ___FILE_ONLY___ 
      "name": "Not Installed"
2023-03-10 17:30:15,400 INFO     ___FILE_ONLY___ 
    }
2023-03-10 17:30:15,400 INFO     ___FILE_ONLY___ 
  }
2023-03-10 17:30:15,400 INFO     ___FILE_ONLY___ ,
  {
2023-03-10 17:30:15,400 INFO     ___FILE_ONLY___ 
    "current_version_string": null,
2023-03-10 17:30:15,400 INFO     ___FILE_ONLY___ 
    "id": "log-streaming",
2023-03-10 17:30:15,400 INFO     ___FILE_ONLY___ 
    "is_configuration": false,
2023-03-10 17:30:15,400 INFO     ___FILE_ONLY___ 
    "is_hidden": false,
2023-03-10 17:30:15,401 INFO     ___FILE_ONLY___ 
    "latest_version_string": "0.3.0",
2023-03-10 17:30:15,401 INFO     ___FILE_ONLY___ 
    "name": "Log Streaming",
2023-03-10 17:30:15,401 INFO     ___FILE_ONLY___ 
    "platform": {
2023-03-10 17:30:15,401 INFO     ___FILE_ONLY___ 
      "architecture": {
2023-03-10 17:30:15,401 INFO     ___FILE_ONLY___ 
        "file_name": "x86_64",
2023-03-10 17:30:15,401 INFO     ___FILE_ONLY___ 
        "id": "x86_64",
2023-03-10 17:30:15,401 INFO     ___FILE_ONLY___ 
        "name": "x86_64"
2023-03-10 17:30:15,401 INFO     ___FILE_ONLY___ 
      },
2023-03-10 17:30:15,401 INFO     ___FILE_ONLY___ 
      "operating_system": {
2023-03-10 17:30:15,401 INFO     ___FILE_ONLY___ 
        "file_name": "darwin",
2023-03-10 17:30:15,401 INFO     ___FILE_ONLY___ 
        "id": "MACOSX",
2023-03-10 17:30:15,401 INFO     ___FILE_ONLY___ 
        "name": "Mac OS X"
2023-03-10 17:30:15,401 INFO     ___FILE_ONLY___ 
      }
2023-03-10 17:30:15,401 INFO     ___FILE_ONLY___ 
    },
2023-03-10 17:30:15,402 INFO     ___FILE_ONLY___ 
    "platform_required": false,
2023-03-10 17:30:15,402 INFO     ___FILE_ONLY___ 
    "size": 12864820,
2023-03-10 17:30:15,402 INFO     ___FILE_ONLY___ 
    "state": {
2023-03-10 17:30:15,402 INFO     ___FILE_ONLY___ 
      "name": "Not Installed"
2023-03-10 17:30:15,402 INFO     ___FILE_ONLY___ 
    }
2023-03-10 17:30:15,402 INFO     ___FILE_ONLY___ 
  }
2023-03-10 17:30:15,403 INFO     ___FILE_ONLY___ ,
  {
2023-03-10 17:30:15,403 INFO     ___FILE_ONLY___ 
    "current_version_string": null,
2023-03-10 17:30:15,403 INFO     ___FILE_ONLY___ 
    "id": "nomos",
2023-03-10 17:30:15,403 INFO     ___FILE_ONLY___ 
    "is_configuration": false,
2023-03-10 17:30:15,403 INFO     ___FILE_ONLY___ 
    "is_hidden": false,
2023-03-10 17:30:15,403 INFO     ___FILE_ONLY___ 
    "latest_version_string": "1.14.2-rc.6",
2023-03-10 17:30:15,403 INFO     ___FILE_ONLY___ 
    "name": "Nomos CLI",
2023-03-10 17:30:15,403 INFO     ___FILE_ONLY___ 
    "platform": {
2023-03-10 17:30:15,403 INFO     ___FILE_ONLY___ 
      "architecture": {
2023-03-10 17:30:15,403 INFO     ___FILE_ONLY___ 
        "file_name": "x86_64",
2023-03-10 17:30:15,403 INFO     ___FILE_ONLY___ 
        "id": "x86_64",
2023-03-10 17:30:15,403 INFO     ___FILE_ONLY___ 
        "name": "x86_64"
2023-03-10 17:30:15,403 INFO     ___FILE_ONLY___ 
      },
2023-03-10 17:30:15,404 INFO     ___FILE_ONLY___ 
      "operating_system": {
2023-03-10 17:30:15,404 INFO     ___FILE_ONLY___ 
        "file_name": "darwin",
2023-03-10 17:30:15,404 INFO     ___FILE_ONLY___ 
        "id": "MACOSX",
2023-03-10 17:30:15,404 INFO     ___FILE_ONLY___ 
        "name": "Mac OS X"
2023-03-10 17:30:15,404 INFO     ___FILE_ONLY___ 
      }
2023-03-10 17:30:15,404 INFO     ___FILE_ONLY___ 
    },
2023-03-10 17:30:15,404 INFO     ___FILE_ONLY___ 
    "platform_required": false,
2023-03-10 17:30:15,404 INFO     ___FILE_ONLY___ 
    "size": 25793725,
2023-03-10 17:30:15,404 INFO     ___FILE_ONLY___ 
    "state": {
2023-03-10 17:30:15,404 INFO     ___FILE_ONLY___ 
      "name": "Not Installed"
2023-03-10 17:30:15,404 INFO     ___FILE_ONLY___ 
    }
2023-03-10 17:30:15,404 INFO     ___FILE_ONLY___ 
  }
2023-03-10 17:30:15,405 INFO     ___FILE_ONLY___ ,
  {
2023-03-10 17:30:15,405 INFO     ___FILE_ONLY___ 
    "current_version_string": null,
2023-03-10 17:30:15,405 INFO     ___FILE_ONLY___ 
    "id": "local-extract",
2023-03-10 17:30:15,405 INFO     ___FILE_ONLY___ 
    "is_configuration": false,
2023-03-10 17:30:15,405 INFO     ___FILE_ONLY___ 
    "is_hidden": false,
2023-03-10 17:30:15,405 INFO     ___FILE_ONLY___ 
    "latest_version_string": "1.5.7",
2023-03-10 17:30:15,405 INFO     ___FILE_ONLY___ 
    "name": "On-Demand Scanning API extraction helper",
2023-03-10 17:30:15,405 INFO     ___FILE_ONLY___ 
    "platform": {
2023-03-10 17:30:15,405 INFO     ___FILE_ONLY___ 
      "architecture": {
2023-03-10 17:30:15,405 INFO     ___FILE_ONLY___ 
        "file_name": "x86_64",
2023-03-10 17:30:15,406 INFO     ___FILE_ONLY___ 
        "id": "x86_64",
2023-03-10 17:30:15,406 INFO     ___FILE_ONLY___ 
        "name": "x86_64"
2023-03-10 17:30:15,406 INFO     ___FILE_ONLY___ 
      },
2023-03-10 17:30:15,406 INFO     ___FILE_ONLY___ 
      "operating_system": {
2023-03-10 17:30:15,406 INFO     ___FILE_ONLY___ 
        "file_name": "darwin",
2023-03-10 17:30:15,406 INFO     ___FILE_ONLY___ 
        "id": "MACOSX",
2023-03-10 17:30:15,406 INFO     ___FILE_ONLY___ 
        "name": "Mac OS X"
2023-03-10 17:30:15,406 INFO     ___FILE_ONLY___ 
      }
2023-03-10 17:30:15,406 INFO     ___FILE_ONLY___ 
    },
2023-03-10 17:30:15,406 INFO     ___FILE_ONLY___ 
    "platform_required": false,
2023-03-10 17:30:15,406 INFO     ___FILE_ONLY___ 
    "size": 12908644,
2023-03-10 17:30:15,406 INFO     ___FILE_ONLY___ 
    "state": {
2023-03-10 17:30:15,406 INFO     ___FILE_ONLY___ 
      "name": "Not Installed"
2023-03-10 17:30:15,407 INFO     ___FILE_ONLY___ 
    }
2023-03-10 17:30:15,407 INFO     ___FILE_ONLY___ 
  }
2023-03-10 17:30:15,407 INFO     ___FILE_ONLY___ ,
  {
2023-03-10 17:30:15,407 INFO     ___FILE_ONLY___ 
    "current_version_string": null,
2023-03-10 17:30:15,407 INFO     ___FILE_ONLY___ 
    "id": "terraform-tools",
2023-03-10 17:30:15,407 INFO     ___FILE_ONLY___ 
    "is_configuration": false,
2023-03-10 17:30:15,408 INFO     ___FILE_ONLY___ 
    "is_hidden": false,
2023-03-10 17:30:15,408 INFO     ___FILE_ONLY___ 
    "latest_version_string": "0.10.0",
2023-03-10 17:30:15,408 INFO     ___FILE_ONLY___ 
    "name": "Terraform Tools",
2023-03-10 17:30:15,408 INFO     ___FILE_ONLY___ 
    "platform": {
2023-03-10 17:30:15,408 INFO     ___FILE_ONLY___ 
      "architecture": {
2023-03-10 17:30:15,408 INFO     ___FILE_ONLY___ 
        "file_name": "x86_64",
2023-03-10 17:30:15,408 INFO     ___FILE_ONLY___ 
        "id": "x86_64",
2023-03-10 17:30:15,408 INFO     ___FILE_ONLY___ 
        "name": "x86_64"
2023-03-10 17:30:15,408 INFO     ___FILE_ONLY___ 
      },
2023-03-10 17:30:15,408 INFO     ___FILE_ONLY___ 
      "operating_system": {
2023-03-10 17:30:15,408 INFO     ___FILE_ONLY___ 
        "file_name": "darwin",
2023-03-10 17:30:15,408 INFO     ___FILE_ONLY___ 
        "id": "MACOSX",
2023-03-10 17:30:15,408 INFO     ___FILE_ONLY___ 
        "name": "Mac OS X"
2023-03-10 17:30:15,409 INFO     ___FILE_ONLY___ 
      }
2023-03-10 17:30:15,409 INFO     ___FILE_ONLY___ 
    },
2023-03-10 17:30:15,409 INFO     ___FILE_ONLY___ 
    "platform_required": false,
2023-03-10 17:30:15,409 INFO     ___FILE_ONLY___ 
    "size": 65091830,
2023-03-10 17:30:15,409 INFO     ___FILE_ONLY___ 
    "state": {
2023-03-10 17:30:15,409 INFO     ___FILE_ONLY___ 
      "name": "Not Installed"
2023-03-10 17:30:15,409 INFO     ___FILE_ONLY___ 
    }
2023-03-10 17:30:15,409 INFO     ___FILE_ONLY___ 
  }
2023-03-10 17:30:15,410 INFO     ___FILE_ONLY___ ,
  {
2023-03-10 17:30:15,410 INFO     ___FILE_ONLY___ 
    "current_version_string": null,
2023-03-10 17:30:15,410 INFO     ___FILE_ONLY___ 
    "id": "anthos-auth",
2023-03-10 17:30:15,410 INFO     ___FILE_ONLY___ 
    "is_configuration": false,
2023-03-10 17:30:15,410 INFO     ___FILE_ONLY___ 
    "is_hidden": false,
2023-03-10 17:30:15,410 INFO     ___FILE_ONLY___ 
    "latest_version_string": "1.4.4",
2023-03-10 17:30:15,410 INFO     ___FILE_ONLY___ 
    "name": "anthos-auth",
2023-03-10 17:30:15,410 INFO     ___FILE_ONLY___ 
    "platform": {
2023-03-10 17:30:15,410 INFO     ___FILE_ONLY___ 
      "architecture": {
2023-03-10 17:30:15,410 INFO     ___FILE_ONLY___ 
        "file_name": "x86_64",
2023-03-10 17:30:15,411 INFO     ___FILE_ONLY___ 
        "id": "x86_64",
2023-03-10 17:30:15,411 INFO     ___FILE_ONLY___ 
        "name": "x86_64"
2023-03-10 17:30:15,411 INFO     ___FILE_ONLY___ 
      },
2023-03-10 17:30:15,411 INFO     ___FILE_ONLY___ 
      "operating_system": {
2023-03-10 17:30:15,411 INFO     ___FILE_ONLY___ 
        "file_name": "darwin",
2023-03-10 17:30:15,411 INFO     ___FILE_ONLY___ 
        "id": "MACOSX",
2023-03-10 17:30:15,411 INFO     ___FILE_ONLY___ 
        "name": "Mac OS X"
2023-03-10 17:30:15,411 INFO     ___FILE_ONLY___ 
      }
2023-03-10 17:30:15,411 INFO     ___FILE_ONLY___ 
    },
2023-03-10 17:30:15,411 INFO     ___FILE_ONLY___ 
    "platform_required": false,
2023-03-10 17:30:15,411 INFO     ___FILE_ONLY___ 
    "size": 21183974,
2023-03-10 17:30:15,412 INFO     ___FILE_ONLY___ 
    "state": {
2023-03-10 17:30:15,412 INFO     ___FILE_ONLY___ 
      "name": "Not Installed"
2023-03-10 17:30:15,412 INFO     ___FILE_ONLY___ 
    }
2023-03-10 17:30:15,412 INFO     ___FILE_ONLY___ 
  }
2023-03-10 17:30:15,412 INFO     ___FILE_ONLY___ ,
  {
2023-03-10 17:30:15,412 INFO     ___FILE_ONLY___ 
    "current_version_string": null,
2023-03-10 17:30:15,412 INFO     ___FILE_ONLY___ 
    "id": "config-connector",
2023-03-10 17:30:15,412 INFO     ___FILE_ONLY___ 
    "is_configuration": false,
2023-03-10 17:30:15,413 INFO     ___FILE_ONLY___ 
    "is_hidden": false,
2023-03-10 17:30:15,413 INFO     ___FILE_ONLY___ 
    "latest_version_string": "1.93.0",
2023-03-10 17:30:15,413 INFO     ___FILE_ONLY___ 
    "name": "config-connector",
2023-03-10 17:30:15,413 INFO     ___FILE_ONLY___ 
    "platform": {
2023-03-10 17:30:15,413 INFO     ___FILE_ONLY___ 
      "architecture": {
2023-03-10 17:30:15,413 INFO     ___FILE_ONLY___ 
        "file_name": "x86_64",
2023-03-10 17:30:15,413 INFO     ___FILE_ONLY___ 
        "id": "x86_64",
2023-03-10 17:30:15,413 INFO     ___FILE_ONLY___ 
        "name": "x86_64"
2023-03-10 17:30:15,413 INFO     ___FILE_ONLY___ 
      },
2023-03-10 17:30:15,413 INFO     ___FILE_ONLY___ 
      "operating_system": {
2023-03-10 17:30:15,413 INFO     ___FILE_ONLY___ 
        "file_name": "darwin",
2023-03-10 17:30:15,413 INFO     ___FILE_ONLY___ 
        "id": "MACOSX",
2023-03-10 17:30:15,413 INFO     ___FILE_ONLY___ 
        "name": "Mac OS X"
2023-03-10 17:30:15,414 INFO     ___FILE_ONLY___ 
      }
2023-03-10 17:30:15,414 INFO     ___FILE_ONLY___ 
    },
2023-03-10 17:30:15,414 INFO     ___FILE_ONLY___ 
    "platform_required": false,
2023-03-10 17:30:15,414 INFO     ___FILE_ONLY___ 
    "size": 59915703,
2023-03-10 17:30:15,414 INFO     ___FILE_ONLY___ 
    "state": {
2023-03-10 17:30:15,414 INFO     ___FILE_ONLY___ 
      "name": "Not Installed"
2023-03-10 17:30:15,414 INFO     ___FILE_ONLY___ 
    }
2023-03-10 17:30:15,414 INFO     ___FILE_ONLY___ 
  }
2023-03-10 17:30:15,415 INFO     ___FILE_ONLY___ ,
  {
2023-03-10 17:30:15,415 INFO     ___FILE_ONLY___ 
    "current_version_string": null,
2023-03-10 17:30:15,415 INFO     ___FILE_ONLY___ 
    "id": "enterprise-certificate-proxy",
2023-03-10 17:30:15,415 INFO     ___FILE_ONLY___ 
    "is_configuration": false,
2023-03-10 17:30:15,415 INFO     ___FILE_ONLY___ 
    "is_hidden": false,
2023-03-10 17:30:15,415 INFO     ___FILE_ONLY___ 
    "latest_version_string": "0.2.1",
2023-03-10 17:30:15,415 INFO     ___FILE_ONLY___ 
    "name": "enterprise-certificate-proxy",
2023-03-10 17:30:15,415 INFO     ___FILE_ONLY___ 
    "platform": {
2023-03-10 17:30:15,415 INFO     ___FILE_ONLY___ 
      "architecture": {
2023-03-10 17:30:15,415 INFO     ___FILE_ONLY___ 
        "file_name": "x86_64",
2023-03-10 17:30:15,415 INFO     ___FILE_ONLY___ 
        "id": "x86_64",
2023-03-10 17:30:15,415 INFO     ___FILE_ONLY___ 
        "name": "x86_64"
2023-03-10 17:30:15,416 INFO     ___FILE_ONLY___ 
      },
2023-03-10 17:30:15,416 INFO     ___FILE_ONLY___ 
      "operating_system": {
2023-03-10 17:30:15,416 INFO     ___FILE_ONLY___ 
        "file_name": "darwin",
2023-03-10 17:30:15,416 INFO     ___FILE_ONLY___ 
        "id": "MACOSX",
2023-03-10 17:30:15,416 INFO     ___FILE_ONLY___ 
        "name": "Mac OS X"
2023-03-10 17:30:15,416 INFO     ___FILE_ONLY___ 
      }
2023-03-10 17:30:15,416 INFO     ___FILE_ONLY___ 
    },
2023-03-10 17:30:15,416 INFO     ___FILE_ONLY___ 
    "platform_required": false,
2023-03-10 17:30:15,416 INFO     ___FILE_ONLY___ 
    "size": 7001595,
2023-03-10 17:30:15,416 INFO     ___FILE_ONLY___ 
    "state": {
2023-03-10 17:30:15,416 INFO     ___FILE_ONLY___ 
      "name": "Not Installed"
2023-03-10 17:30:15,416 INFO     ___FILE_ONLY___ 
    }
2023-03-10 17:30:15,416 INFO     ___FILE_ONLY___ 
  }
2023-03-10 17:30:15,417 INFO     ___FILE_ONLY___ ,
  {
2023-03-10 17:30:15,417 INFO     ___FILE_ONLY___ 
    "current_version_string": null,
2023-03-10 17:30:15,417 INFO     ___FILE_ONLY___ 
    "id": "app-engine-java",
2023-03-10 17:30:15,417 INFO     ___FILE_ONLY___ 
    "is_configuration": false,
2023-03-10 17:30:15,417 INFO     ___FILE_ONLY___ 
    "is_hidden": false,
2023-03-10 17:30:15,417 INFO     ___FILE_ONLY___ 
    "latest_version_string": "2.0.11",
2023-03-10 17:30:15,417 INFO     ___FILE_ONLY___ 
    "name": "gcloud app Java Extensions",
2023-03-10 17:30:15,417 INFO     ___FILE_ONLY___ 
    "platform": {
2023-03-10 17:30:15,417 INFO     ___FILE_ONLY___ 
      "architecture": {
2023-03-10 17:30:15,417 INFO     ___FILE_ONLY___ 
        "file_name": "x86_64",
2023-03-10 17:30:15,418 INFO     ___FILE_ONLY___ 
        "id": "x86_64",
2023-03-10 17:30:15,418 INFO     ___FILE_ONLY___ 
        "name": "x86_64"
2023-03-10 17:30:15,418 INFO     ___FILE_ONLY___ 
      },
2023-03-10 17:30:15,418 INFO     ___FILE_ONLY___ 
      "operating_system": {
2023-03-10 17:30:15,418 INFO     ___FILE_ONLY___ 
        "file_name": "darwin",
2023-03-10 17:30:15,418 INFO     ___FILE_ONLY___ 
        "id": "MACOSX",
2023-03-10 17:30:15,418 INFO     ___FILE_ONLY___ 
        "name": "Mac OS X"
2023-03-10 17:30:15,418 INFO     ___FILE_ONLY___ 
      }
2023-03-10 17:30:15,418 INFO     ___FILE_ONLY___ 
    },
2023-03-10 17:30:15,418 INFO     ___FILE_ONLY___ 
    "platform_required": false,
2023-03-10 17:30:15,418 INFO     ___FILE_ONLY___ 
    "size": 67677429,
2023-03-10 17:30:15,418 INFO     ___FILE_ONLY___ 
    "state": {
2023-03-10 17:30:15,418 INFO     ___FILE_ONLY___ 
      "name": "Not Installed"
2023-03-10 17:30:15,419 INFO     ___FILE_ONLY___ 
    }
2023-03-10 17:30:15,419 INFO     ___FILE_ONLY___ 
  }
2023-03-10 17:30:15,419 INFO     ___FILE_ONLY___ ,
  {
2023-03-10 17:30:15,420 INFO     ___FILE_ONLY___ 
    "current_version_string": null,
2023-03-10 17:30:15,420 INFO     ___FILE_ONLY___ 
    "id": "app-engine-php",
2023-03-10 17:30:15,420 INFO     ___FILE_ONLY___ 
    "is_configuration": false,
2023-03-10 17:30:15,420 INFO     ___FILE_ONLY___ 
    "is_hidden": false,
2023-03-10 17:30:15,420 INFO     ___FILE_ONLY___ 
    "latest_version_string": "",
2023-03-10 17:30:15,420 INFO     ___FILE_ONLY___ 
    "name": "gcloud app PHP Extensions",
2023-03-10 17:30:15,420 INFO     ___FILE_ONLY___ 
    "platform": {
2023-03-10 17:30:15,421 INFO     ___FILE_ONLY___ 
      "architecture": {
2023-03-10 17:30:15,421 INFO     ___FILE_ONLY___ 
        "file_name": "x86_64",
2023-03-10 17:30:15,421 INFO     ___FILE_ONLY___ 
        "id": "x86_64",
2023-03-10 17:30:15,421 INFO     ___FILE_ONLY___ 
        "name": "x86_64"
2023-03-10 17:30:15,421 INFO     ___FILE_ONLY___ 
      },
2023-03-10 17:30:15,421 INFO     ___FILE_ONLY___ 
      "operating_system": {
2023-03-10 17:30:15,421 INFO     ___FILE_ONLY___ 
        "file_name": "darwin",
2023-03-10 17:30:15,421 INFO     ___FILE_ONLY___ 
        "id": "MACOSX",
2023-03-10 17:30:15,421 INFO     ___FILE_ONLY___ 
        "name": "Mac OS X"
2023-03-10 17:30:15,422 INFO     ___FILE_ONLY___ 
      }
2023-03-10 17:30:15,422 INFO     ___FILE_ONLY___ 
    },
2023-03-10 17:30:15,422 INFO     ___FILE_ONLY___ 
    "platform_required": false,
2023-03-10 17:30:15,422 INFO     ___FILE_ONLY___ 
    "size": 22985548,
2023-03-10 17:30:15,422 INFO     ___FILE_ONLY___ 
    "state": {
2023-03-10 17:30:15,422 INFO     ___FILE_ONLY___ 
      "name": "Not Installed"
2023-03-10 17:30:15,422 INFO     ___FILE_ONLY___ 
    }
2023-03-10 17:30:15,422 INFO     ___FILE_ONLY___ 
  }
2023-03-10 17:30:15,423 INFO     ___FILE_ONLY___ ,
  {
2023-03-10 17:30:15,423 INFO     ___FILE_ONLY___ 
    "current_version_string": null,
2023-03-10 17:30:15,424 INFO     ___FILE_ONLY___ 
    "id": "app-engine-python",
2023-03-10 17:30:15,424 INFO     ___FILE_ONLY___ 
    "is_configuration": false,
2023-03-10 17:30:15,424 INFO     ___FILE_ONLY___ 
    "is_hidden": false,
2023-03-10 17:30:15,424 INFO     ___FILE_ONLY___ 
    "latest_version_string": "1.9.102",
2023-03-10 17:30:15,424 INFO     ___FILE_ONLY___ 
    "name": "gcloud app Python Extensions",
2023-03-10 17:30:15,424 INFO     ___FILE_ONLY___ 
    "platform": {
2023-03-10 17:30:15,424 INFO     ___FILE_ONLY___ 
      "architecture": {
2023-03-10 17:30:15,424 INFO     ___FILE_ONLY___ 
        "file_name": "x86_64",
2023-03-10 17:30:15,424 INFO     ___FILE_ONLY___ 
        "id": "x86_64",
2023-03-10 17:30:15,425 INFO     ___FILE_ONLY___ 
        "name": "x86_64"
2023-03-10 17:30:15,425 INFO     ___FILE_ONLY___ 
      },
2023-03-10 17:30:15,425 INFO     ___FILE_ONLY___ 
      "operating_system": {
2023-03-10 17:30:15,425 INFO     ___FILE_ONLY___ 
        "file_name": "darwin",
2023-03-10 17:30:15,425 INFO     ___FILE_ONLY___ 
        "id": "MACOSX",
2023-03-10 17:30:15,425 INFO     ___FILE_ONLY___ 
        "name": "Mac OS X"
2023-03-10 17:30:15,425 INFO     ___FILE_ONLY___ 
      }
2023-03-10 17:30:15,426 INFO     ___FILE_ONLY___ 
    },
2023-03-10 17:30:15,426 INFO     ___FILE_ONLY___ 
    "platform_required": false,
2023-03-10 17:30:15,426 INFO     ___FILE_ONLY___ 
    "size": 8899028,
2023-03-10 17:30:15,426 INFO     ___FILE_ONLY___ 
    "state": {
2023-03-10 17:30:15,426 INFO     ___FILE_ONLY___ 
      "name": "Not Installed"
2023-03-10 17:30:15,426 INFO     ___FILE_ONLY___ 
    }
2023-03-10 17:30:15,426 INFO     ___FILE_ONLY___ 
  }
2023-03-10 17:30:15,427 INFO     ___FILE_ONLY___ ,
  {
2023-03-10 17:30:15,428 INFO     ___FILE_ONLY___ 
    "current_version_string": null,
2023-03-10 17:30:15,428 INFO     ___FILE_ONLY___ 
    "id": "app-engine-python-extras",
2023-03-10 17:30:15,428 INFO     ___FILE_ONLY___ 
    "is_configuration": false,
2023-03-10 17:30:15,428 INFO     ___FILE_ONLY___ 
    "is_hidden": false,
2023-03-10 17:30:15,428 INFO     ___FILE_ONLY___ 
    "latest_version_string": "1.9.96",
2023-03-10 17:30:15,428 INFO     ___FILE_ONLY___ 
    "name": "gcloud app Python Extensions (Extra Libraries)",
2023-03-10 17:30:15,428 INFO     ___FILE_ONLY___ 
    "platform": {
2023-03-10 17:30:15,429 INFO     ___FILE_ONLY___ 
      "architecture": {
2023-03-10 17:30:15,429 INFO     ___FILE_ONLY___ 
        "file_name": "x86_64",
2023-03-10 17:30:15,429 INFO     ___FILE_ONLY___ 
        "id": "x86_64",
2023-03-10 17:30:15,429 INFO     ___FILE_ONLY___ 
        "name": "x86_64"
2023-03-10 17:30:15,429 INFO     ___FILE_ONLY___ 
      },
2023-03-10 17:30:15,429 INFO     ___FILE_ONLY___ 
      "operating_system": {
2023-03-10 17:30:15,429 INFO     ___FILE_ONLY___ 
        "file_name": "darwin",
2023-03-10 17:30:15,429 INFO     ___FILE_ONLY___ 
        "id": "MACOSX",
2023-03-10 17:30:15,430 INFO     ___FILE_ONLY___ 
        "name": "Mac OS X"
2023-03-10 17:30:15,430 INFO     ___FILE_ONLY___ 
      }
2023-03-10 17:30:15,430 INFO     ___FILE_ONLY___ 
    },
2023-03-10 17:30:15,430 INFO     ___FILE_ONLY___ 
    "platform_required": false,
2023-03-10 17:30:15,430 INFO     ___FILE_ONLY___ 
    "size": 27709995,
2023-03-10 17:30:15,430 INFO     ___FILE_ONLY___ 
    "state": {
2023-03-10 17:30:15,430 INFO     ___FILE_ONLY___ 
      "name": "Not Installed"
2023-03-10 17:30:15,430 INFO     ___FILE_ONLY___ 
    }
2023-03-10 17:30:15,431 INFO     ___FILE_ONLY___ 
  }
2023-03-10 17:30:15,431 INFO     ___FILE_ONLY___ ,
  {
2023-03-10 17:30:15,431 INFO     ___FILE_ONLY___ 
    "current_version_string": null,
2023-03-10 17:30:15,432 INFO     ___FILE_ONLY___ 
    "id": "kpt",
2023-03-10 17:30:15,432 INFO     ___FILE_ONLY___ 
    "is_configuration": false,
2023-03-10 17:30:15,432 INFO     ___FILE_ONLY___ 
    "is_hidden": false,
2023-03-10 17:30:15,432 INFO     ___FILE_ONLY___ 
    "latest_version_string": "1.0.0-beta.27",
2023-03-10 17:30:15,432 INFO     ___FILE_ONLY___ 
    "name": "kpt",
2023-03-10 17:30:15,432 INFO     ___FILE_ONLY___ 
    "platform": {
2023-03-10 17:30:15,432 INFO     ___FILE_ONLY___ 
      "architecture": {
2023-03-10 17:30:15,432 INFO     ___FILE_ONLY___ 
        "file_name": "x86_64",
2023-03-10 17:30:15,432 INFO     ___FILE_ONLY___ 
        "id": "x86_64",
2023-03-10 17:30:15,432 INFO     ___FILE_ONLY___ 
        "name": "x86_64"
2023-03-10 17:30:15,432 INFO     ___FILE_ONLY___ 
      },
2023-03-10 17:30:15,432 INFO     ___FILE_ONLY___ 
      "operating_system": {
2023-03-10 17:30:15,432 INFO     ___FILE_ONLY___ 
        "file_name": "darwin",
2023-03-10 17:30:15,432 INFO     ___FILE_ONLY___ 
        "id": "MACOSX",
2023-03-10 17:30:15,433 INFO     ___FILE_ONLY___ 
        "name": "Mac OS X"
2023-03-10 17:30:15,433 INFO     ___FILE_ONLY___ 
      }
2023-03-10 17:30:15,433 INFO     ___FILE_ONLY___ 
    },
2023-03-10 17:30:15,433 INFO     ___FILE_ONLY___ 
    "platform_required": false,
2023-03-10 17:30:15,433 INFO     ___FILE_ONLY___ 
    "size": 23343492,
2023-03-10 17:30:15,433 INFO     ___FILE_ONLY___ 
    "state": {
2023-03-10 17:30:15,433 INFO     ___FILE_ONLY___ 
      "name": "Not Installed"
2023-03-10 17:30:15,433 INFO     ___FILE_ONLY___ 
    }
2023-03-10 17:30:15,433 INFO     ___FILE_ONLY___ 
  }
2023-03-10 17:30:15,434 INFO     ___FILE_ONLY___ ,
  {
2023-03-10 17:30:15,434 INFO     ___FILE_ONLY___ 
    "current_version_string": null,
2023-03-10 17:30:15,434 INFO     ___FILE_ONLY___ 
    "id": "kubectl-oidc",
2023-03-10 17:30:15,434 INFO     ___FILE_ONLY___ 
    "is_configuration": false,
2023-03-10 17:30:15,434 INFO     ___FILE_ONLY___ 
    "is_hidden": false,
2023-03-10 17:30:15,434 INFO     ___FILE_ONLY___ 
    "latest_version_string": "1.4.4",
2023-03-10 17:30:15,434 INFO     ___FILE_ONLY___ 
    "name": "kubectl-oidc",
2023-03-10 17:30:15,434 INFO     ___FILE_ONLY___ 
    "platform": {
2023-03-10 17:30:15,434 INFO     ___FILE_ONLY___ 
      "architecture": {
2023-03-10 17:30:15,434 INFO     ___FILE_ONLY___ 
        "file_name": "x86_64",
2023-03-10 17:30:15,434 INFO     ___FILE_ONLY___ 
        "id": "x86_64",
2023-03-10 17:30:15,434 INFO     ___FILE_ONLY___ 
        "name": "x86_64"
2023-03-10 17:30:15,434 INFO     ___FILE_ONLY___ 
      },
2023-03-10 17:30:15,435 INFO     ___FILE_ONLY___ 
      "operating_system": {
2023-03-10 17:30:15,435 INFO     ___FILE_ONLY___ 
        "file_name": "darwin",
2023-03-10 17:30:15,435 INFO     ___FILE_ONLY___ 
        "id": "MACOSX",
2023-03-10 17:30:15,435 INFO     ___FILE_ONLY___ 
        "name": "Mac OS X"
2023-03-10 17:30:15,435 INFO     ___FILE_ONLY___ 
      }
2023-03-10 17:30:15,435 INFO     ___FILE_ONLY___ 
    },
2023-03-10 17:30:15,435 INFO     ___FILE_ONLY___ 
    "platform_required": false,
2023-03-10 17:30:15,435 INFO     ___FILE_ONLY___ 
    "size": 21183987,
2023-03-10 17:30:15,435 INFO     ___FILE_ONLY___ 
    "state": {
2023-03-10 17:30:15,435 INFO     ___FILE_ONLY___ 
      "name": "Not Installed"
2023-03-10 17:30:15,435 INFO     ___FILE_ONLY___ 
    }
2023-03-10 17:30:15,435 INFO     ___FILE_ONLY___ 
  }
2023-03-10 17:30:15,436 INFO     ___FILE_ONLY___ ,
  {
2023-03-10 17:30:15,436 INFO     ___FILE_ONLY___ 
    "current_version_string": null,
2023-03-10 17:30:15,436 INFO     ___FILE_ONLY___ 
    "id": "pkg",
2023-03-10 17:30:15,436 INFO     ___FILE_ONLY___ 
    "is_configuration": false,
2023-03-10 17:30:15,436 INFO     ___FILE_ONLY___ 
    "is_hidden": false,
2023-03-10 17:30:15,436 INFO     ___FILE_ONLY___ 
    "latest_version_string": "",
2023-03-10 17:30:15,436 INFO     ___FILE_ONLY___ 
    "name": "pkg",
2023-03-10 17:30:15,436 INFO     ___FILE_ONLY___ 
    "platform": {
2023-03-10 17:30:15,436 INFO     ___FILE_ONLY___ 
      "architecture": {
2023-03-10 17:30:15,436 INFO     ___FILE_ONLY___ 
        "file_name": "x86_64",
2023-03-10 17:30:15,437 INFO     ___FILE_ONLY___ 
        "id": "x86_64",
2023-03-10 17:30:15,437 INFO     ___FILE_ONLY___ 
        "name": "x86_64"
2023-03-10 17:30:15,437 INFO     ___FILE_ONLY___ 
      },
2023-03-10 17:30:15,437 INFO     ___FILE_ONLY___ 
      "operating_system": {
2023-03-10 17:30:15,437 INFO     ___FILE_ONLY___ 
        "file_name": "darwin",
2023-03-10 17:30:15,437 INFO     ___FILE_ONLY___ 
        "id": "MACOSX",
2023-03-10 17:30:15,437 INFO     ___FILE_ONLY___ 
        "name": "Mac OS X"
2023-03-10 17:30:15,437 INFO     ___FILE_ONLY___ 
      }
2023-03-10 17:30:15,437 INFO     ___FILE_ONLY___ 
    },
2023-03-10 17:30:15,437 INFO     ___FILE_ONLY___ 
    "platform_required": false,
2023-03-10 17:30:15,437 INFO     ___FILE_ONLY___ 
    "size": 0,
2023-03-10 17:30:15,437 INFO     ___FILE_ONLY___ 
    "state": {
2023-03-10 17:30:15,438 INFO     ___FILE_ONLY___ 
      "name": "Not Installed"
2023-03-10 17:30:15,438 INFO     ___FILE_ONLY___ 
    }
2023-03-10 17:30:15,438 INFO     ___FILE_ONLY___ 
  }
2023-03-10 17:30:15,438 INFO     ___FILE_ONLY___ ,
  {
2023-03-10 17:30:15,438 INFO     ___FILE_ONLY___ 
    "current_version_string": "2.0.87",
2023-03-10 17:30:15,438 INFO     ___FILE_ONLY___ 
    "id": "bq",
2023-03-10 17:30:15,438 INFO     ___FILE_ONLY___ 
    "is_configuration": false,
2023-03-10 17:30:15,438 INFO     ___FILE_ONLY___ 
    "is_hidden": false,
2023-03-10 17:30:15,439 INFO     ___FILE_ONLY___ 
    "latest_version_string": "2.0.87",
2023-03-10 17:30:15,439 INFO     ___FILE_ONLY___ 
    "name": "BigQuery Command Line Tool",
2023-03-10 17:30:15,439 INFO     ___FILE_ONLY___ 
    "platform": {
2023-03-10 17:30:15,439 INFO     ___FILE_ONLY___ 
      "architecture": {
2023-03-10 17:30:15,439 INFO     ___FILE_ONLY___ 
        "file_name": "x86_64",
2023-03-10 17:30:15,439 INFO     ___FILE_ONLY___ 
        "id": "x86_64",
2023-03-10 17:30:15,439 INFO     ___FILE_ONLY___ 
        "name": "x86_64"
2023-03-10 17:30:15,439 INFO     ___FILE_ONLY___ 
      },
2023-03-10 17:30:15,439 INFO     ___FILE_ONLY___ 
      "operating_system": {
2023-03-10 17:30:15,439 INFO     ___FILE_ONLY___ 
        "file_name": "darwin",
2023-03-10 17:30:15,439 INFO     ___FILE_ONLY___ 
        "id": "MACOSX",
2023-03-10 17:30:15,439 INFO     ___FILE_ONLY___ 
        "name": "Mac OS X"
2023-03-10 17:30:15,439 INFO     ___FILE_ONLY___ 
      }
2023-03-10 17:30:15,440 INFO     ___FILE_ONLY___ 
    },
2023-03-10 17:30:15,440 INFO     ___FILE_ONLY___ 
    "platform_required": false,
2023-03-10 17:30:15,440 INFO     ___FILE_ONLY___ 
    "size": 1700317,
2023-03-10 17:30:15,440 INFO     ___FILE_ONLY___ 
    "state": {
2023-03-10 17:30:15,440 INFO     ___FILE_ONLY___ 
      "name": "Installed"
2023-03-10 17:30:15,440 INFO     ___FILE_ONLY___ 
    }
2023-03-10 17:30:15,440 INFO     ___FILE_ONLY___ 
  }
2023-03-10 17:30:15,440 INFO     ___FILE_ONLY___ ,
  {
2023-03-10 17:30:15,440 INFO     ___FILE_ONLY___ 
    "current_version_string": "5.21",
2023-03-10 17:30:15,441 INFO     ___FILE_ONLY___ 
    "id": "gsutil",
2023-03-10 17:30:15,441 INFO     ___FILE_ONLY___ 
    "is_configuration": false,
2023-03-10 17:30:15,441 INFO     ___FILE_ONLY___ 
    "is_hidden": false,
2023-03-10 17:30:15,441 INFO     ___FILE_ONLY___ 
    "latest_version_string": "5.21",
2023-03-10 17:30:15,441 INFO     ___FILE_ONLY___ 
    "name": "Cloud Storage Command Line Tool",
2023-03-10 17:30:15,441 INFO     ___FILE_ONLY___ 
    "platform": {
2023-03-10 17:30:15,441 INFO     ___FILE_ONLY___ 
      "architecture": {
2023-03-10 17:30:15,441 INFO     ___FILE_ONLY___ 
        "file_name": "x86_64",
2023-03-10 17:30:15,441 INFO     ___FILE_ONLY___ 
        "id": "x86_64",
2023-03-10 17:30:15,441 INFO     ___FILE_ONLY___ 
        "name": "x86_64"
2023-03-10 17:30:15,442 INFO     ___FILE_ONLY___ 
      },
2023-03-10 17:30:15,442 INFO     ___FILE_ONLY___ 
      "operating_system": {
2023-03-10 17:30:15,442 INFO     ___FILE_ONLY___ 
        "file_name": "darwin",
2023-03-10 17:30:15,442 INFO     ___FILE_ONLY___ 
        "id": "MACOSX",
2023-03-10 17:30:15,442 INFO     ___FILE_ONLY___ 
        "name": "Mac OS X"
2023-03-10 17:30:15,442 INFO     ___FILE_ONLY___ 
      }
2023-03-10 17:30:15,442 INFO     ___FILE_ONLY___ 
    },
2023-03-10 17:30:15,442 INFO     ___FILE_ONLY___ 
    "platform_required": false,
2023-03-10 17:30:15,442 INFO     ___FILE_ONLY___ 
    "size": 16305091,
2023-03-10 17:30:15,442 INFO     ___FILE_ONLY___ 
    "state": {
2023-03-10 17:30:15,442 INFO     ___FILE_ONLY___ 
      "name": "Installed"
2023-03-10 17:30:15,442 INFO     ___FILE_ONLY___ 
    }
2023-03-10 17:30:15,442 INFO     ___FILE_ONLY___ 
  }
2023-03-10 17:30:15,443 INFO     ___FILE_ONLY___ ,
  {
2023-03-10 17:30:15,443 INFO     ___FILE_ONLY___ 
    "current_version_string": "2023.03.03",
2023-03-10 17:30:15,443 INFO     ___FILE_ONLY___ 
    "id": "core",
2023-03-10 17:30:15,443 INFO     ___FILE_ONLY___ 
    "is_configuration": false,
2023-03-10 17:30:15,443 INFO     ___FILE_ONLY___ 
    "is_hidden": false,
2023-03-10 17:30:15,443 INFO     ___FILE_ONLY___ 
    "latest_version_string": "2023.03.03",
2023-03-10 17:30:15,443 INFO     ___FILE_ONLY___ 
    "name": "Google Cloud CLI Core Libraries",
2023-03-10 17:30:15,443 INFO     ___FILE_ONLY___ 
    "platform": {
2023-03-10 17:30:15,443 INFO     ___FILE_ONLY___ 
      "architecture": {
2023-03-10 17:30:15,444 INFO     ___FILE_ONLY___ 
        "file_name": "x86_64",
2023-03-10 17:30:15,444 INFO     ___FILE_ONLY___ 
        "id": "x86_64",
2023-03-10 17:30:15,444 INFO     ___FILE_ONLY___ 
        "name": "x86_64"
2023-03-10 17:30:15,444 INFO     ___FILE_ONLY___ 
      },
2023-03-10 17:30:15,444 INFO     ___FILE_ONLY___ 
      "operating_system": {
2023-03-10 17:30:15,444 INFO     ___FILE_ONLY___ 
        "file_name": "darwin",
2023-03-10 17:30:15,444 INFO     ___FILE_ONLY___ 
        "id": "MACOSX",
2023-03-10 17:30:15,444 INFO     ___FILE_ONLY___ 
        "name": "Mac OS X"
2023-03-10 17:30:15,444 INFO     ___FILE_ONLY___ 
      }
2023-03-10 17:30:15,444 INFO     ___FILE_ONLY___ 
    },
2023-03-10 17:30:15,444 INFO     ___FILE_ONLY___ 
    "platform_required": false,
2023-03-10 17:30:15,444 INFO     ___FILE_ONLY___ 
    "size": 28098613,
2023-03-10 17:30:15,444 INFO     ___FILE_ONLY___ 
    "state": {
2023-03-10 17:30:15,445 INFO     ___FILE_ONLY___ 
      "name": "Installed"
2023-03-10 17:30:15,445 INFO     ___FILE_ONLY___ 
    }
2023-03-10 17:30:15,445 INFO     ___FILE_ONLY___ 
  }
2023-03-10 17:30:15,445 INFO     ___FILE_ONLY___ ,
  {
2023-03-10 17:30:15,445 INFO     ___FILE_ONLY___ 
    "current_version_string": "1.0.0",
2023-03-10 17:30:15,445 INFO     ___FILE_ONLY___ 
    "id": "gcloud-crc32c",
2023-03-10 17:30:15,445 INFO     ___FILE_ONLY___ 
    "is_configuration": false,
2023-03-10 17:30:15,445 INFO     ___FILE_ONLY___ 
    "is_hidden": false,
2023-03-10 17:30:15,446 INFO     ___FILE_ONLY___ 
    "latest_version_string": "1.0.0",
2023-03-10 17:30:15,446 INFO     ___FILE_ONLY___ 
    "name": "Google Cloud CRC32C Hash Tool",
2023-03-10 17:30:15,446 INFO     ___FILE_ONLY___ 
    "platform": {
2023-03-10 17:30:15,446 INFO     ___FILE_ONLY___ 
      "architecture": {
2023-03-10 17:30:15,446 INFO     ___FILE_ONLY___ 
        "file_name": "x86_64",
2023-03-10 17:30:15,446 INFO     ___FILE_ONLY___ 
        "id": "x86_64",
2023-03-10 17:30:15,446 INFO     ___FILE_ONLY___ 
        "name": "x86_64"
2023-03-10 17:30:15,446 INFO     ___FILE_ONLY___ 
      },
2023-03-10 17:30:15,446 INFO     ___FILE_ONLY___ 
      "operating_system": {
2023-03-10 17:30:15,446 INFO     ___FILE_ONLY___ 
        "file_name": "darwin",
2023-03-10 17:30:15,446 INFO     ___FILE_ONLY___ 
        "id": "MACOSX",
2023-03-10 17:30:15,446 INFO     ___FILE_ONLY___ 
        "name": "Mac OS X"
2023-03-10 17:30:15,446 INFO     ___FILE_ONLY___ 
      }
2023-03-10 17:30:15,447 INFO     ___FILE_ONLY___ 
    },
2023-03-10 17:30:15,447 INFO     ___FILE_ONLY___ 
    "platform_required": false,
2023-03-10 17:30:15,447 INFO     ___FILE_ONLY___ 
    "size": 1241659,
2023-03-10 17:30:15,447 INFO     ___FILE_ONLY___ 
    "state": {
2023-03-10 17:30:15,447 INFO     ___FILE_ONLY___ 
      "name": "Installed"
2023-03-10 17:30:15,447 INFO     ___FILE_ONLY___ 
    }
2023-03-10 17:30:15,447 INFO     ___FILE_ONLY___ 
  }
2023-03-10 17:30:15,447 INFO     ___FILE_ONLY___ ,
  {
2023-03-10 17:30:15,448 INFO     ___FILE_ONLY___ 
    "current_version_string": "1.28.0",
2023-03-10 17:30:15,448 INFO     ___FILE_ONLY___ 
    "id": "minikube",
2023-03-10 17:30:15,448 INFO     ___FILE_ONLY___ 
    "is_configuration": false,
2023-03-10 17:30:15,448 INFO     ___FILE_ONLY___ 
    "is_hidden": false,
2023-03-10 17:30:15,448 INFO     ___FILE_ONLY___ 
    "latest_version_string": "1.29.0",
2023-03-10 17:30:15,448 INFO     ___FILE_ONLY___ 
    "name": "Minikube",
2023-03-10 17:30:15,448 INFO     ___FILE_ONLY___ 
    "platform": {
2023-03-10 17:30:15,448 INFO     ___FILE_ONLY___ 
      "architecture": {
2023-03-10 17:30:15,448 INFO     ___FILE_ONLY___ 
        "file_name": "x86_64",
2023-03-10 17:30:15,448 INFO     ___FILE_ONLY___ 
        "id": "x86_64",
2023-03-10 17:30:15,448 INFO     ___FILE_ONLY___ 
        "name": "x86_64"
2023-03-10 17:30:15,448 INFO     ___FILE_ONLY___ 
      },
2023-03-10 17:30:15,448 INFO     ___FILE_ONLY___ 
      "operating_system": {
2023-03-10 17:30:15,449 INFO     ___FILE_ONLY___ 
        "file_name": "darwin",
2023-03-10 17:30:15,449 INFO     ___FILE_ONLY___ 
        "id": "MACOSX",
2023-03-10 17:30:15,449 INFO     ___FILE_ONLY___ 
        "name": "Mac OS X"
2023-03-10 17:30:15,449 INFO     ___FILE_ONLY___ 
      }
2023-03-10 17:30:15,449 INFO     ___FILE_ONLY___ 
    },
2023-03-10 17:30:15,449 INFO     ___FILE_ONLY___ 
    "platform_required": false,
2023-03-10 17:30:15,449 INFO     ___FILE_ONLY___ 
    "size": 34129820,
2023-03-10 17:30:15,449 INFO     ___FILE_ONLY___ 
    "state": {
2023-03-10 17:30:15,449 INFO     ___FILE_ONLY___ 
      "name": "Installed"
2023-03-10 17:30:15,449 INFO     ___FILE_ONLY___ 
    }
2023-03-10 17:30:15,449 INFO     ___FILE_ONLY___ 
  }
2023-03-10 17:30:15,450 INFO     ___FILE_ONLY___ ,
  {
2023-03-10 17:30:15,450 INFO     ___FILE_ONLY___ 
    "current_version_string": "1.39.3",
2023-03-10 17:30:15,450 INFO     ___FILE_ONLY___ 
    "id": "skaffold",
2023-03-10 17:30:15,450 INFO     ___FILE_ONLY___ 
    "is_configuration": false,
2023-03-10 17:30:15,450 INFO     ___FILE_ONLY___ 
    "is_hidden": false,
2023-03-10 17:30:15,450 INFO     ___FILE_ONLY___ 
    "latest_version_string": "2.1.0",
2023-03-10 17:30:15,450 INFO     ___FILE_ONLY___ 
    "name": "Skaffold",
2023-03-10 17:30:15,450 INFO     ___FILE_ONLY___ 
    "platform": {
2023-03-10 17:30:15,450 INFO     ___FILE_ONLY___ 
      "architecture": {
2023-03-10 17:30:15,450 INFO     ___FILE_ONLY___ 
        "file_name": "x86_64",
2023-03-10 17:30:15,450 INFO     ___FILE_ONLY___ 
        "id": "x86_64",
2023-03-10 17:30:15,451 INFO     ___FILE_ONLY___ 
        "name": "x86_64"
2023-03-10 17:30:15,451 INFO     ___FILE_ONLY___ 
      },
2023-03-10 17:30:15,451 INFO     ___FILE_ONLY___ 
      "operating_system": {
2023-03-10 17:30:15,451 INFO     ___FILE_ONLY___ 
        "file_name": "darwin",
2023-03-10 17:30:15,451 INFO     ___FILE_ONLY___ 
        "id": "MACOSX",
2023-03-10 17:30:15,451 INFO     ___FILE_ONLY___ 
        "name": "Mac OS X"
2023-03-10 17:30:15,451 INFO     ___FILE_ONLY___ 
      }
2023-03-10 17:30:15,451 INFO     ___FILE_ONLY___ 
    },
2023-03-10 17:30:15,451 INFO     ___FILE_ONLY___ 
    "platform_required": false,
2023-03-10 17:30:15,451 INFO     ___FILE_ONLY___ 
    "size": 22875453,
2023-03-10 17:30:15,451 INFO     ___FILE_ONLY___ 
    "state": {
2023-03-10 17:30:15,451 INFO     ___FILE_ONLY___ 
      "name": "Installed"
2023-03-10 17:30:15,451 INFO     ___FILE_ONLY___ 
    }
2023-03-10 17:30:15,451 INFO     ___FILE_ONLY___ 
  }
2023-03-10 17:30:15,452 INFO     ___FILE_ONLY___ ,
  {
2023-03-10 17:30:15,452 INFO     ___FILE_ONLY___ 
    "current_version_string": "2023.03.03",
2023-03-10 17:30:15,452 INFO     ___FILE_ONLY___ 
    "id": "alpha",
2023-03-10 17:30:15,452 INFO     ___FILE_ONLY___ 
    "is_configuration": false,
2023-03-10 17:30:15,452 INFO     ___FILE_ONLY___ 
    "is_hidden": false,
2023-03-10 17:30:15,452 INFO     ___FILE_ONLY___ 
    "latest_version_string": "2023.03.03",
2023-03-10 17:30:15,452 INFO     ___FILE_ONLY___ 
    "name": "gcloud Alpha Commands",
2023-03-10 17:30:15,452 INFO     ___FILE_ONLY___ 
    "platform": {
2023-03-10 17:30:15,453 INFO     ___FILE_ONLY___ 
      "architecture": {
2023-03-10 17:30:15,453 INFO     ___FILE_ONLY___ 
        "file_name": "x86_64",
2023-03-10 17:30:15,453 INFO     ___FILE_ONLY___ 
        "id": "x86_64",
2023-03-10 17:30:15,453 INFO     ___FILE_ONLY___ 
        "name": "x86_64"
2023-03-10 17:30:15,453 INFO     ___FILE_ONLY___ 
      },
2023-03-10 17:30:15,453 INFO     ___FILE_ONLY___ 
      "operating_system": {
2023-03-10 17:30:15,453 INFO     ___FILE_ONLY___ 
        "file_name": "darwin",
2023-03-10 17:30:15,453 INFO     ___FILE_ONLY___ 
        "id": "MACOSX",
2023-03-10 17:30:15,453 INFO     ___FILE_ONLY___ 
        "name": "Mac OS X"
2023-03-10 17:30:15,453 INFO     ___FILE_ONLY___ 
      }
2023-03-10 17:30:15,453 INFO     ___FILE_ONLY___ 
    },
2023-03-10 17:30:15,453 INFO     ___FILE_ONLY___ 
    "platform_required": false,
2023-03-10 17:30:15,453 INFO     ___FILE_ONLY___ 
    "size": 800,
2023-03-10 17:30:15,453 INFO     ___FILE_ONLY___ 
    "state": {
2023-03-10 17:30:15,454 INFO     ___FILE_ONLY___ 
      "name": "Installed"
2023-03-10 17:30:15,454 INFO     ___FILE_ONLY___ 
    }
2023-03-10 17:30:15,454 INFO     ___FILE_ONLY___ 
  }
2023-03-10 17:30:15,454 INFO     ___FILE_ONLY___ ,
  {
2023-03-10 17:30:15,454 INFO     ___FILE_ONLY___ 
    "current_version_string": "2023.03.03",
2023-03-10 17:30:15,454 INFO     ___FILE_ONLY___ 
    "id": "beta",
2023-03-10 17:30:15,454 INFO     ___FILE_ONLY___ 
    "is_configuration": false,
2023-03-10 17:30:15,454 INFO     ___FILE_ONLY___ 
    "is_hidden": false,
2023-03-10 17:30:15,455 INFO     ___FILE_ONLY___ 
    "latest_version_string": "2023.03.03",
2023-03-10 17:30:15,455 INFO     ___FILE_ONLY___ 
    "name": "gcloud Beta Commands",
2023-03-10 17:30:15,455 INFO     ___FILE_ONLY___ 
    "platform": {
2023-03-10 17:30:15,455 INFO     ___FILE_ONLY___ 
      "architecture": {
2023-03-10 17:30:15,455 INFO     ___FILE_ONLY___ 
        "file_name": "x86_64",
2023-03-10 17:30:15,455 INFO     ___FILE_ONLY___ 
        "id": "x86_64",
2023-03-10 17:30:15,455 INFO     ___FILE_ONLY___ 
        "name": "x86_64"
2023-03-10 17:30:15,455 INFO     ___FILE_ONLY___ 
      },
2023-03-10 17:30:15,455 INFO     ___FILE_ONLY___ 
      "operating_system": {
2023-03-10 17:30:15,455 INFO     ___FILE_ONLY___ 
        "file_name": "darwin",
2023-03-10 17:30:15,455 INFO     ___FILE_ONLY___ 
        "id": "MACOSX",
2023-03-10 17:30:15,455 INFO     ___FILE_ONLY___ 
        "name": "Mac OS X"
2023-03-10 17:30:15,455 INFO     ___FILE_ONLY___ 
      }
2023-03-10 17:30:15,455 INFO     ___FILE_ONLY___ 
    },
2023-03-10 17:30:15,456 INFO     ___FILE_ONLY___ 
    "platform_required": false,
2023-03-10 17:30:15,456 INFO     ___FILE_ONLY___ 
    "size": 797,
2023-03-10 17:30:15,456 INFO     ___FILE_ONLY___ 
    "state": {
2023-03-10 17:30:15,456 INFO     ___FILE_ONLY___ 
      "name": "Installed"
2023-03-10 17:30:15,456 INFO     ___FILE_ONLY___ 
    }
2023-03-10 17:30:15,456 INFO     ___FILE_ONLY___ 
  }
2023-03-10 17:30:15,456 INFO     ___FILE_ONLY___ ,
  {
2023-03-10 17:30:15,456 INFO     ___FILE_ONLY___ 
    "current_version_string": "0.4.0",
2023-03-10 17:30:15,456 INFO     ___FILE_ONLY___ 
    "id": "gke-gcloud-auth-plugin",
2023-03-10 17:30:15,457 INFO     ___FILE_ONLY___ 
    "is_configuration": false,
2023-03-10 17:30:15,457 INFO     ___FILE_ONLY___ 
    "is_hidden": false,
2023-03-10 17:30:15,457 INFO     ___FILE_ONLY___ 
    "latest_version_string": "0.5.0",
2023-03-10 17:30:15,457 INFO     ___FILE_ONLY___ 
    "name": "gke-gcloud-auth-plugin",
2023-03-10 17:30:15,457 INFO     ___FILE_ONLY___ 
    "platform": {
2023-03-10 17:30:15,457 INFO     ___FILE_ONLY___ 
      "architecture": {
2023-03-10 17:30:15,457 INFO     ___FILE_ONLY___ 
        "file_name": "x86_64",
2023-03-10 17:30:15,457 INFO     ___FILE_ONLY___ 
        "id": "x86_64",
2023-03-10 17:30:15,457 INFO     ___FILE_ONLY___ 
        "name": "x86_64"
2023-03-10 17:30:15,457 INFO     ___FILE_ONLY___ 
      },
2023-03-10 17:30:15,457 INFO     ___FILE_ONLY___ 
      "operating_system": {
2023-03-10 17:30:15,457 INFO     ___FILE_ONLY___ 
        "file_name": "darwin",
2023-03-10 17:30:15,457 INFO     ___FILE_ONLY___ 
        "id": "MACOSX",
2023-03-10 17:30:15,458 INFO     ___FILE_ONLY___ 
        "name": "Mac OS X"
2023-03-10 17:30:15,458 INFO     ___FILE_ONLY___ 
      }
2023-03-10 17:30:15,458 INFO     ___FILE_ONLY___ 
    },
2023-03-10 17:30:15,458 INFO     ___FILE_ONLY___ 
    "platform_required": false,
2023-03-10 17:30:15,458 INFO     ___FILE_ONLY___ 
    "size": 7839640,
2023-03-10 17:30:15,458 INFO     ___FILE_ONLY___ 
    "state": {
2023-03-10 17:30:15,458 INFO     ___FILE_ONLY___ 
      "name": "Installed"
2023-03-10 17:30:15,458 INFO     ___FILE_ONLY___ 
    }
2023-03-10 17:30:15,458 INFO     ___FILE_ONLY___ 
  }
2023-03-10 17:30:15,459 INFO     ___FILE_ONLY___ ,
  {
2023-03-10 17:30:15,459 INFO     ___FILE_ONLY___ 
    "current_version_string": "1.24.11",
2023-03-10 17:30:15,459 INFO     ___FILE_ONLY___ 
    "id": "kubectl",
2023-03-10 17:30:15,459 INFO     ___FILE_ONLY___ 
    "is_configuration": false,
2023-03-10 17:30:15,459 INFO     ___FILE_ONLY___ 
    "is_hidden": false,
2023-03-10 17:30:15,459 INFO     ___FILE_ONLY___ 
    "latest_version_string": "1.24.11",
2023-03-10 17:30:15,459 INFO     ___FILE_ONLY___ 
    "name": "kubectl",
2023-03-10 17:30:15,459 INFO     ___FILE_ONLY___ 
    "platform": {
2023-03-10 17:30:15,459 INFO     ___FILE_ONLY___ 
      "architecture": {
2023-03-10 17:30:15,459 INFO     ___FILE_ONLY___ 
        "file_name": "x86_64",
2023-03-10 17:30:15,459 INFO     ___FILE_ONLY___ 
        "id": "x86_64",
2023-03-10 17:30:15,460 INFO     ___FILE_ONLY___ 
        "name": "x86_64"
2023-03-10 17:30:15,460 INFO     ___FILE_ONLY___ 
      },
2023-03-10 17:30:15,460 INFO     ___FILE_ONLY___ 
      "operating_system": {
2023-03-10 17:30:15,460 INFO     ___FILE_ONLY___ 
        "file_name": "darwin",
2023-03-10 17:30:15,460 INFO     ___FILE_ONLY___ 
        "id": "MACOSX",
2023-03-10 17:30:15,460 INFO     ___FILE_ONLY___ 
        "name": "Mac OS X"
2023-03-10 17:30:15,460 INFO     ___FILE_ONLY___ 
      }
2023-03-10 17:30:15,460 INFO     ___FILE_ONLY___ 
    },
2023-03-10 17:30:15,460 INFO     ___FILE_ONLY___ 
    "platform_required": true,
2023-03-10 17:30:15,460 INFO     ___FILE_ONLY___ 
    "size": 35450,
2023-03-10 17:30:15,460 INFO     ___FILE_ONLY___ 
    "state": {
2023-03-10 17:30:15,460 INFO     ___FILE_ONLY___ 
      "name": "Installed"
2023-03-10 17:30:15,460 INFO     ___FILE_ONLY___ 
    }
2023-03-10 17:30:15,460 INFO     ___FILE_ONLY___ 
  }
2023-03-10 17:30:15,461 INFO     ___FILE_ONLY___ 
]

