2023-03-10 17:40:06,883 DEBUG    root            Loaded Command Group: ['gcloud', 'components']
2023-03-10 17:40:06,891 DEBUG    root            Loaded Command Group: ['gcloud', 'components', 'list']
2023-03-10 17:40:06,896 DEBUG    root            Running [gcloud.components.list] with arguments: [--format: "json", --quiet: "True", --verbosity: "warning"]
2023-03-10 17:40:06,930 DEBUG    urllib3.connectionpool Starting new HTTPS connection (1): dl.google.com:443
2023-03-10 17:40:07,077 DEBUG    urllib3.connectionpool https://dl.google.com:443 "GET /dl/cloudsdk/channels/rapid/components-2.json HTTP/1.1" 200 206156
2023-03-10 17:40:07,138 INFO     ___FILE_ONLY___ 
Your current Google Cloud CLI version is: 421.0.0

2023-03-10 17:40:07,139 INFO     ___FILE_ONLY___ The latest available version is: 421.0.0

2023-03-10 17:40:07,139 INFO     ___FILE_ONLY___ 

2023-03-10 17:40:07,140 DEBUG    root            Chosen display Format:table[box,title="Components"](state.name:label=Status,name:label=Name,id:label=ID,size.size(zero="",min=1048576):label=Size:align=right) json
2023-03-10 17:40:07,141 INFO     root            Display format: "table[box,title="Components"](state.name:label=Status,name:label=Name,id:label=ID,size.size(zero="",min=1048576):label=Size:align=right) json"
2023-03-10 17:40:07,142 INFO     ___FILE_ONLY___ [
  {
2023-03-10 17:40:07,143 INFO     ___FILE_ONLY___ 
    "current_version_string": null,
2023-03-10 17:40:07,143 INFO     ___FILE_ONLY___ 
    "id": "app-engine-go",
2023-03-10 17:40:07,143 INFO     ___FILE_ONLY___ 
    "is_configuration": false,
2023-03-10 17:40:07,143 INFO     ___FILE_ONLY___ 
    "is_hidden": false,
2023-03-10 17:40:07,143 INFO     ___FILE_ONLY___ 
    "latest_version_string": "1.9.72",
2023-03-10 17:40:07,143 INFO     ___FILE_ONLY___ 
    "name": "App Engine Go Extensions",
2023-03-10 17:40:07,143 INFO     ___FILE_ONLY___ 
    "platform": {
2023-03-10 17:40:07,143 INFO     ___FILE_ONLY___ 
      "architecture": {
2023-03-10 17:40:07,144 INFO     ___FILE_ONLY___ 
        "file_name": "x86_64",
2023-03-10 17:40:07,144 INFO     ___FILE_ONLY___ 
        "id": "x86_64",
2023-03-10 17:40:07,144 INFO     ___FILE_ONLY___ 
        "name": "x86_64"
2023-03-10 17:40:07,144 INFO     ___FILE_ONLY___ 
      },
2023-03-10 17:40:07,144 INFO     ___FILE_ONLY___ 
      "operating_system": {
2023-03-10 17:40:07,144 INFO     ___FILE_ONLY___ 
        "file_name": "darwin",
2023-03-10 17:40:07,144 INFO     ___FILE_ONLY___ 
        "id": "MACOSX",
2023-03-10 17:40:07,145 INFO     ___FILE_ONLY___ 
        "name": "Mac OS X"
2023-03-10 17:40:07,145 INFO     ___FILE_ONLY___ 
      }
2023-03-10 17:40:07,145 INFO     ___FILE_ONLY___ 
    },
2023-03-10 17:40:07,145 INFO     ___FILE_ONLY___ 
    "platform_required": false,
2023-03-10 17:40:07,145 INFO     ___FILE_ONLY___ 
    "size": 4320254,
2023-03-10 17:40:07,145 INFO     ___FILE_ONLY___ 
    "state": {
2023-03-10 17:40:07,145 INFO     ___FILE_ONLY___ 
      "name": "Not Installed"
2023-03-10 17:40:07,145 INFO     ___FILE_ONLY___ 
    }
2023-03-10 17:40:07,146 INFO     ___FILE_ONLY___ 
  }
2023-03-10 17:40:07,147 INFO     ___FILE_ONLY___ ,
  {
2023-03-10 17:40:07,147 INFO     ___FILE_ONLY___ 
    "current_version_string": null,
2023-03-10 17:40:07,147 INFO     ___FILE_ONLY___ 
    "id": "appctl",
2023-03-10 17:40:07,147 INFO     ___FILE_ONLY___ 
    "is_configuration": false,
2023-03-10 17:40:07,147 INFO     ___FILE_ONLY___ 
    "is_hidden": false,
2023-03-10 17:40:07,147 INFO     ___FILE_ONLY___ 
    "latest_version_string": "0.1.12",
2023-03-10 17:40:07,147 INFO     ___FILE_ONLY___ 
    "name": "Appctl",
2023-03-10 17:40:07,148 INFO     ___FILE_ONLY___ 
    "platform": {
2023-03-10 17:40:07,148 INFO     ___FILE_ONLY___ 
      "architecture": {
2023-03-10 17:40:07,148 INFO     ___FILE_ONLY___ 
        "file_name": "x86_64",
2023-03-10 17:40:07,148 INFO     ___FILE_ONLY___ 
        "id": "x86_64",
2023-03-10 17:40:07,148 INFO     ___FILE_ONLY___ 
        "name": "x86_64"
2023-03-10 17:40:07,148 INFO     ___FILE_ONLY___ 
      },
2023-03-10 17:40:07,148 INFO     ___FILE_ONLY___ 
      "operating_system": {
2023-03-10 17:40:07,148 INFO     ___FILE_ONLY___ 
        "file_name": "darwin",
2023-03-10 17:40:07,148 INFO     ___FILE_ONLY___ 
        "id": "MACOSX",
2023-03-10 17:40:07,148 INFO     ___FILE_ONLY___ 
        "name": "Mac OS X"
2023-03-10 17:40:07,148 INFO     ___FILE_ONLY___ 
      }
2023-03-10 17:40:07,148 INFO     ___FILE_ONLY___ 
    },
2023-03-10 17:40:07,149 INFO     ___FILE_ONLY___ 
    "platform_required": false,
2023-03-10 17:40:07,149 INFO     ___FILE_ONLY___ 
    "size": 19381598,
2023-03-10 17:40:07,149 INFO     ___FILE_ONLY___ 
    "state": {
2023-03-10 17:40:07,149 INFO     ___FILE_ONLY___ 
      "name": "Not Installed"
2023-03-10 17:40:07,149 INFO     ___FILE_ONLY___ 
    }
2023-03-10 17:40:07,149 INFO     ___FILE_ONLY___ 
  }
2023-03-10 17:40:07,150 INFO     ___FILE_ONLY___ ,
  {
2023-03-10 17:40:07,150 INFO     ___FILE_ONLY___ 
    "current_version_string": null,
2023-03-10 17:40:07,150 INFO     ___FILE_ONLY___ 
    "id": "package-go-module",
2023-03-10 17:40:07,150 INFO     ___FILE_ONLY___ 
    "is_configuration": false,
2023-03-10 17:40:07,150 INFO     ___FILE_ONLY___ 
    "is_hidden": false,
2023-03-10 17:40:07,150 INFO     ___FILE_ONLY___ 
    "latest_version_string": "0.3.0",
2023-03-10 17:40:07,151 INFO     ___FILE_ONLY___ 
    "name": "Artifact Registry Go Module Package Helper",
2023-03-10 17:40:07,151 INFO     ___FILE_ONLY___ 
    "platform": {
2023-03-10 17:40:07,151 INFO     ___FILE_ONLY___ 
      "architecture": {
2023-03-10 17:40:07,151 INFO     ___FILE_ONLY___ 
        "file_name": "x86_64",
2023-03-10 17:40:07,151 INFO     ___FILE_ONLY___ 
        "id": "x86_64",
2023-03-10 17:40:07,151 INFO     ___FILE_ONLY___ 
        "name": "x86_64"
2023-03-10 17:40:07,151 INFO     ___FILE_ONLY___ 
      },
2023-03-10 17:40:07,151 INFO     ___FILE_ONLY___ 
      "operating_system": {
2023-03-10 17:40:07,151 INFO     ___FILE_ONLY___ 
        "file_name": "darwin",
2023-03-10 17:40:07,151 INFO     ___FILE_ONLY___ 
        "id": "MACOSX",
2023-03-10 17:40:07,151 INFO     ___FILE_ONLY___ 
        "name": "Mac OS X"
2023-03-10 17:40:07,151 INFO     ___FILE_ONLY___ 
      }
2023-03-10 17:40:07,152 INFO     ___FILE_ONLY___ 
    },
2023-03-10 17:40:07,152 INFO     ___FILE_ONLY___ 
    "platform_required": false,
2023-03-10 17:40:07,152 INFO     ___FILE_ONLY___ 
    "size": 840902,
2023-03-10 17:40:07,152 INFO     ___FILE_ONLY___ 
    "state": {
2023-03-10 17:40:07,152 INFO     ___FILE_ONLY___ 
      "name": "Not Installed"
2023-03-10 17:40:07,152 INFO     ___FILE_ONLY___ 
    }
2023-03-10 17:40:07,152 INFO     ___FILE_ONLY___ 
  }
2023-03-10 17:40:07,153 INFO     ___FILE_ONLY___ ,
  {
2023-03-10 17:40:07,153 INFO     ___FILE_ONLY___ 
    "current_version_string": null,
2023-03-10 17:40:07,153 INFO     ___FILE_ONLY___ 
    "id": "cbt",
2023-03-10 17:40:07,153 INFO     ___FILE_ONLY___ 
    "is_configuration": false,
2023-03-10 17:40:07,154 INFO     ___FILE_ONLY___ 
    "is_hidden": false,
2023-03-10 17:40:07,154 INFO     ___FILE_ONLY___ 
    "latest_version_string": "0.13.0",
2023-03-10 17:40:07,154 INFO     ___FILE_ONLY___ 
    "name": "Cloud Bigtable Command Line Tool",
2023-03-10 17:40:07,154 INFO     ___FILE_ONLY___ 
    "platform": {
2023-03-10 17:40:07,154 INFO     ___FILE_ONLY___ 
      "architecture": {
2023-03-10 17:40:07,154 INFO     ___FILE_ONLY___ 
        "file_name": "x86_64",
2023-03-10 17:40:07,154 INFO     ___FILE_ONLY___ 
        "id": "x86_64",
2023-03-10 17:40:07,154 INFO     ___FILE_ONLY___ 
        "name": "x86_64"
2023-03-10 17:40:07,154 INFO     ___FILE_ONLY___ 
      },
2023-03-10 17:40:07,155 INFO     ___FILE_ONLY___ 
      "operating_system": {
2023-03-10 17:40:07,155 INFO     ___FILE_ONLY___ 
        "file_name": "darwin",
2023-03-10 17:40:07,155 INFO     ___FILE_ONLY___ 
        "id": "MACOSX",
2023-03-10 17:40:07,155 INFO     ___FILE_ONLY___ 
        "name": "Mac OS X"
2023-03-10 17:40:07,155 INFO     ___FILE_ONLY___ 
      }
2023-03-10 17:40:07,155 INFO     ___FILE_ONLY___ 
    },
2023-03-10 17:40:07,155 INFO     ___FILE_ONLY___ 
    "platform_required": false,
2023-03-10 17:40:07,155 INFO     ___FILE_ONLY___ 
    "size": 10655029,
2023-03-10 17:40:07,155 INFO     ___FILE_ONLY___ 
    "state": {
2023-03-10 17:40:07,155 INFO     ___FILE_ONLY___ 
      "name": "Not Installed"
2023-03-10 17:40:07,155 INFO     ___FILE_ONLY___ 
    }
2023-03-10 17:40:07,155 INFO     ___FILE_ONLY___ 
  }
2023-03-10 17:40:07,156 INFO     ___FILE_ONLY___ ,
  {
2023-03-10 17:40:07,156 INFO     ___FILE_ONLY___ 
    "current_version_string": null,
2023-03-10 17:40:07,156 INFO     ___FILE_ONLY___ 
    "id": "bigtable",
2023-03-10 17:40:07,156 INFO     ___FILE_ONLY___ 
    "is_configuration": false,
2023-03-10 17:40:07,156 INFO     ___FILE_ONLY___ 
    "is_hidden": false,
2023-03-10 17:40:07,156 INFO     ___FILE_ONLY___ 
    "latest_version_string": "",
2023-03-10 17:40:07,156 INFO     ___FILE_ONLY___ 
    "name": "Cloud Bigtable Emulator",
2023-03-10 17:40:07,157 INFO     ___FILE_ONLY___ 
    "platform": {
2023-03-10 17:40:07,157 INFO     ___FILE_ONLY___ 
      "architecture": {
2023-03-10 17:40:07,157 INFO     ___FILE_ONLY___ 
        "file_name": "x86_64",
2023-03-10 17:40:07,157 INFO     ___FILE_ONLY___ 
        "id": "x86_64",
2023-03-10 17:40:07,157 INFO     ___FILE_ONLY___ 
        "name": "x86_64"
2023-03-10 17:40:07,157 INFO     ___FILE_ONLY___ 
      },
2023-03-10 17:40:07,157 INFO     ___FILE_ONLY___ 
      "operating_system": {
2023-03-10 17:40:07,157 INFO     ___FILE_ONLY___ 
        "file_name": "darwin",
2023-03-10 17:40:07,157 INFO     ___FILE_ONLY___ 
        "id": "MACOSX",
2023-03-10 17:40:07,157 INFO     ___FILE_ONLY___ 
        "name": "Mac OS X"
2023-03-10 17:40:07,157 INFO     ___FILE_ONLY___ 
      }
2023-03-10 17:40:07,157 INFO     ___FILE_ONLY___ 
    },
2023-03-10 17:40:07,157 INFO     ___FILE_ONLY___ 
    "platform_required": false,
2023-03-10 17:40:07,158 INFO     ___FILE_ONLY___ 
    "size": 6842480,
2023-03-10 17:40:07,158 INFO     ___FILE_ONLY___ 
    "state": {
2023-03-10 17:40:07,158 INFO     ___FILE_ONLY___ 
      "name": "Not Installed"
2023-03-10 17:40:07,158 INFO     ___FILE_ONLY___ 
    }
2023-03-10 17:40:07,158 INFO     ___FILE_ONLY___ 
  }
2023-03-10 17:40:07,159 INFO     ___FILE_ONLY___ ,
  {
2023-03-10 17:40:07,159 INFO     ___FILE_ONLY___ 
    "current_version_string": null,
2023-03-10 17:40:07,159 INFO     ___FILE_ONLY___ 
    "id": "cloud-datastore-emulator",
2023-03-10 17:40:07,159 INFO     ___FILE_ONLY___ 
    "is_configuration": false,
2023-03-10 17:40:07,159 INFO     ___FILE_ONLY___ 
    "is_hidden": false,
2023-03-10 17:40:07,159 INFO     ___FILE_ONLY___ 
    "latest_version_string": "2.3.0",
2023-03-10 17:40:07,159 INFO     ___FILE_ONLY___ 
    "name": "Cloud Datastore Emulator",
2023-03-10 17:40:07,159 INFO     ___FILE_ONLY___ 
    "platform": {
2023-03-10 17:40:07,159 INFO     ___FILE_ONLY___ 
      "architecture": {
2023-03-10 17:40:07,159 INFO     ___FILE_ONLY___ 
        "file_name": "x86_64",
2023-03-10 17:40:07,160 INFO     ___FILE_ONLY___ 
        "id": "x86_64",
2023-03-10 17:40:07,160 INFO     ___FILE_ONLY___ 
        "name": "x86_64"
2023-03-10 17:40:07,160 INFO     ___FILE_ONLY___ 
      },
2023-03-10 17:40:07,160 INFO     ___FILE_ONLY___ 
      "operating_system": {
2023-03-10 17:40:07,160 INFO     ___FILE_ONLY___ 
        "file_name": "darwin",
2023-03-10 17:40:07,160 INFO     ___FILE_ONLY___ 
        "id": "MACOSX",
2023-03-10 17:40:07,160 INFO     ___FILE_ONLY___ 
        "name": "Mac OS X"
2023-03-10 17:40:07,160 INFO     ___FILE_ONLY___ 
      }
2023-03-10 17:40:07,160 INFO     ___FILE_ONLY___ 
    },
2023-03-10 17:40:07,160 INFO     ___FILE_ONLY___ 
    "platform_required": false,
2023-03-10 17:40:07,161 INFO     ___FILE_ONLY___ 
    "size": 36755687,
2023-03-10 17:40:07,161 INFO     ___FILE_ONLY___ 
    "state": {
2023-03-10 17:40:07,161 INFO     ___FILE_ONLY___ 
      "name": "Not Installed"
2023-03-10 17:40:07,161 INFO     ___FILE_ONLY___ 
    }
2023-03-10 17:40:07,161 INFO     ___FILE_ONLY___ 
  }
2023-03-10 17:40:07,162 INFO     ___FILE_ONLY___ ,
  {
2023-03-10 17:40:07,162 INFO     ___FILE_ONLY___ 
    "current_version_string": null,
2023-03-10 17:40:07,162 INFO     ___FILE_ONLY___ 
    "id": "cloud-firestore-emulator",
2023-03-10 17:40:07,162 INFO     ___FILE_ONLY___ 
    "is_configuration": false,
2023-03-10 17:40:07,162 INFO     ___FILE_ONLY___ 
    "is_hidden": false,
2023-03-10 17:40:07,162 INFO     ___FILE_ONLY___ 
    "latest_version_string": "1.15.1",
2023-03-10 17:40:07,162 INFO     ___FILE_ONLY___ 
    "name": "Cloud Firestore Emulator",
2023-03-10 17:40:07,162 INFO     ___FILE_ONLY___ 
    "platform": {
2023-03-10 17:40:07,162 INFO     ___FILE_ONLY___ 
      "architecture": {
2023-03-10 17:40:07,163 INFO     ___FILE_ONLY___ 
        "file_name": "x86_64",
2023-03-10 17:40:07,163 INFO     ___FILE_ONLY___ 
        "id": "x86_64",
2023-03-10 17:40:07,163 INFO     ___FILE_ONLY___ 
        "name": "x86_64"
2023-03-10 17:40:07,163 INFO     ___FILE_ONLY___ 
      },
2023-03-10 17:40:07,163 INFO     ___FILE_ONLY___ 
      "operating_system": {
2023-03-10 17:40:07,163 INFO     ___FILE_ONLY___ 
        "file_name": "darwin",
2023-03-10 17:40:07,164 INFO     ___FILE_ONLY___ 
        "id": "MACOSX",
2023-03-10 17:40:07,164 INFO     ___FILE_ONLY___ 
        "name": "Mac OS X"
2023-03-10 17:40:07,164 INFO     ___FILE_ONLY___ 
      }
2023-03-10 17:40:07,164 INFO     ___FILE_ONLY___ 
    },
2023-03-10 17:40:07,164 INFO     ___FILE_ONLY___ 
    "platform_required": false,
2023-03-10 17:40:07,164 INFO     ___FILE_ONLY___ 
    "size": 42101953,
2023-03-10 17:40:07,164 INFO     ___FILE_ONLY___ 
    "state": {
2023-03-10 17:40:07,164 INFO     ___FILE_ONLY___ 
      "name": "Not Installed"
2023-03-10 17:40:07,164 INFO     ___FILE_ONLY___ 
    }
2023-03-10 17:40:07,165 INFO     ___FILE_ONLY___ 
  }
2023-03-10 17:40:07,165 INFO     ___FILE_ONLY___ ,
  {
2023-03-10 17:40:07,165 INFO     ___FILE_ONLY___ 
    "current_version_string": null,
2023-03-10 17:40:07,165 INFO     ___FILE_ONLY___ 
    "id": "pubsub-emulator",
2023-03-10 17:40:07,165 INFO     ___FILE_ONLY___ 
    "is_configuration": false,
2023-03-10 17:40:07,166 INFO     ___FILE_ONLY___ 
    "is_hidden": false,
2023-03-10 17:40:07,166 INFO     ___FILE_ONLY___ 
    "latest_version_string": "0.8.0",
2023-03-10 17:40:07,166 INFO     ___FILE_ONLY___ 
    "name": "Cloud Pub/Sub Emulator",
2023-03-10 17:40:07,166 INFO     ___FILE_ONLY___ 
    "platform": {
2023-03-10 17:40:07,166 INFO     ___FILE_ONLY___ 
      "architecture": {
2023-03-10 17:40:07,166 INFO     ___FILE_ONLY___ 
        "file_name": "x86_64",
2023-03-10 17:40:07,166 INFO     ___FILE_ONLY___ 
        "id": "x86_64",
2023-03-10 17:40:07,166 INFO     ___FILE_ONLY___ 
        "name": "x86_64"
2023-03-10 17:40:07,166 INFO     ___FILE_ONLY___ 
      },
2023-03-10 17:40:07,166 INFO     ___FILE_ONLY___ 
      "operating_system": {
2023-03-10 17:40:07,166 INFO     ___FILE_ONLY___ 
        "file_name": "darwin",
2023-03-10 17:40:07,166 INFO     ___FILE_ONLY___ 
        "id": "MACOSX",
2023-03-10 17:40:07,166 INFO     ___FILE_ONLY___ 
        "name": "Mac OS X"
2023-03-10 17:40:07,167 INFO     ___FILE_ONLY___ 
      }
2023-03-10 17:40:07,167 INFO     ___FILE_ONLY___ 
    },
2023-03-10 17:40:07,167 INFO     ___FILE_ONLY___ 
    "platform_required": false,
2023-03-10 17:40:07,167 INFO     ___FILE_ONLY___ 
    "size": 68738630,
2023-03-10 17:40:07,167 INFO     ___FILE_ONLY___ 
    "state": {
2023-03-10 17:40:07,167 INFO     ___FILE_ONLY___ 
      "name": "Not Installed"
2023-03-10 17:40:07,167 INFO     ___FILE_ONLY___ 
    }
2023-03-10 17:40:07,167 INFO     ___FILE_ONLY___ 
  }
2023-03-10 17:40:07,168 INFO     ___FILE_ONLY___ ,
  {
2023-03-10 17:40:07,168 INFO     ___FILE_ONLY___ 
    "current_version_string": null,
2023-03-10 17:40:07,168 INFO     ___FILE_ONLY___ 
    "id": "cloud-run-proxy",
2023-03-10 17:40:07,168 INFO     ___FILE_ONLY___ 
    "is_configuration": false,
2023-03-10 17:40:07,168 INFO     ___FILE_ONLY___ 
    "is_hidden": false,
2023-03-10 17:40:07,168 INFO     ___FILE_ONLY___ 
    "latest_version_string": "0.3.0",
2023-03-10 17:40:07,168 INFO     ___FILE_ONLY___ 
    "name": "Cloud Run Proxy",
2023-03-10 17:40:07,168 INFO     ___FILE_ONLY___ 
    "platform": {
2023-03-10 17:40:07,168 INFO     ___FILE_ONLY___ 
      "architecture": {
2023-03-10 17:40:07,168 INFO     ___FILE_ONLY___ 
        "file_name": "x86_64",
2023-03-10 17:40:07,168 INFO     ___FILE_ONLY___ 
        "id": "x86_64",
2023-03-10 17:40:07,169 INFO     ___FILE_ONLY___ 
        "name": "x86_64"
2023-03-10 17:40:07,169 INFO     ___FILE_ONLY___ 
      },
2023-03-10 17:40:07,169 INFO     ___FILE_ONLY___ 
      "operating_system": {
2023-03-10 17:40:07,169 INFO     ___FILE_ONLY___ 
        "file_name": "darwin",
2023-03-10 17:40:07,169 INFO     ___FILE_ONLY___ 
        "id": "MACOSX",
2023-03-10 17:40:07,169 INFO     ___FILE_ONLY___ 
        "name": "Mac OS X"
2023-03-10 17:40:07,169 INFO     ___FILE_ONLY___ 
      }
2023-03-10 17:40:07,169 INFO     ___FILE_ONLY___ 
    },
2023-03-10 17:40:07,169 INFO     ___FILE_ONLY___ 
    "platform_required": false,
2023-03-10 17:40:07,169 INFO     ___FILE_ONLY___ 
    "size": 8024792,
2023-03-10 17:40:07,169 INFO     ___FILE_ONLY___ 
    "state": {
2023-03-10 17:40:07,169 INFO     ___FILE_ONLY___ 
      "name": "Not Installed"
2023-03-10 17:40:07,169 INFO     ___FILE_ONLY___ 
    }
2023-03-10 17:40:07,170 INFO     ___FILE_ONLY___ 
  }
2023-03-10 17:40:07,170 INFO     ___FILE_ONLY___ ,
  {
2023-03-10 17:40:07,170 INFO     ___FILE_ONLY___ 
    "current_version_string": null,
2023-03-10 17:40:07,170 INFO     ___FILE_ONLY___ 
    "id": "cloud_sql_proxy",
2023-03-10 17:40:07,170 INFO     ___FILE_ONLY___ 
    "is_configuration": false,
2023-03-10 17:40:07,170 INFO     ___FILE_ONLY___ 
    "is_hidden": false,
2023-03-10 17:40:07,171 INFO     ___FILE_ONLY___ 
    "latest_version_string": "1.27.0",
2023-03-10 17:40:07,171 INFO     ___FILE_ONLY___ 
    "name": "Cloud SQL Proxy",
2023-03-10 17:40:07,171 INFO     ___FILE_ONLY___ 
    "platform": {
2023-03-10 17:40:07,171 INFO     ___FILE_ONLY___ 
      "architecture": {
2023-03-10 17:40:07,171 INFO     ___FILE_ONLY___ 
        "file_name": "x86_64",
2023-03-10 17:40:07,171 INFO     ___FILE_ONLY___ 
        "id": "x86_64",
2023-03-10 17:40:07,171 INFO     ___FILE_ONLY___ 
        "name": "x86_64"
2023-03-10 17:40:07,171 INFO     ___FILE_ONLY___ 
      },
2023-03-10 17:40:07,171 INFO     ___FILE_ONLY___ 
      "operating_system": {
2023-03-10 17:40:07,171 INFO     ___FILE_ONLY___ 
        "file_name": "darwin",
2023-03-10 17:40:07,171 INFO     ___FILE_ONLY___ 
        "id": "MACOSX",
2023-03-10 17:40:07,171 INFO     ___FILE_ONLY___ 
        "name": "Mac OS X"
2023-03-10 17:40:07,171 INFO     ___FILE_ONLY___ 
      }
2023-03-10 17:40:07,172 INFO     ___FILE_ONLY___ 
    },
2023-03-10 17:40:07,172 INFO     ___FILE_ONLY___ 
    "platform_required": false,
2023-03-10 17:40:07,172 INFO     ___FILE_ONLY___ 
    "size": 7986647,
2023-03-10 17:40:07,172 INFO     ___FILE_ONLY___ 
    "state": {
2023-03-10 17:40:07,172 INFO     ___FILE_ONLY___ 
      "name": "Not Installed"
2023-03-10 17:40:07,172 INFO     ___FILE_ONLY___ 
    }
2023-03-10 17:40:07,172 INFO     ___FILE_ONLY___ 
  }
2023-03-10 17:40:07,173 INFO     ___FILE_ONLY___ ,
  {
2023-03-10 17:40:07,173 INFO     ___FILE_ONLY___ 
    "current_version_string": null,
2023-03-10 17:40:07,173 INFO     ___FILE_ONLY___ 
    "id": "docker-credential-gcr",
2023-03-10 17:40:07,173 INFO     ___FILE_ONLY___ 
    "is_configuration": false,
2023-03-10 17:40:07,173 INFO     ___FILE_ONLY___ 
    "is_hidden": false,
2023-03-10 17:40:07,173 INFO     ___FILE_ONLY___ 
    "latest_version_string": "1.5.0",
2023-03-10 17:40:07,173 INFO     ___FILE_ONLY___ 
    "name": "Google Container Registry's Docker credential helper",
2023-03-10 17:40:07,173 INFO     ___FILE_ONLY___ 
    "platform": {
2023-03-10 17:40:07,174 INFO     ___FILE_ONLY___ 
      "architecture": {
2023-03-10 17:40:07,174 INFO     ___FILE_ONLY___ 
        "file_name": "x86_64",
2023-03-10 17:40:07,174 INFO     ___FILE_ONLY___ 
        "id": "x86_64",
2023-03-10 17:40:07,174 INFO     ___FILE_ONLY___ 
        "name": "x86_64"
2023-03-10 17:40:07,174 INFO     ___FILE_ONLY___ 
      },
2023-03-10 17:40:07,174 INFO     ___FILE_ONLY___ 
      "operating_system": {
2023-03-10 17:40:07,174 INFO     ___FILE_ONLY___ 
        "file_name": "darwin",
2023-03-10 17:40:07,174 INFO     ___FILE_ONLY___ 
        "id": "MACOSX",
2023-03-10 17:40:07,174 INFO     ___FILE_ONLY___ 
        "name": "Mac OS X"
2023-03-10 17:40:07,174 INFO     ___FILE_ONLY___ 
      }
2023-03-10 17:40:07,174 INFO     ___FILE_ONLY___ 
    },
2023-03-10 17:40:07,174 INFO     ___FILE_ONLY___ 
    "platform_required": false,
2023-03-10 17:40:07,175 INFO     ___FILE_ONLY___ 
    "size": 2266831,
2023-03-10 17:40:07,175 INFO     ___FILE_ONLY___ 
    "state": {
2023-03-10 17:40:07,175 INFO     ___FILE_ONLY___ 
      "name": "Not Installed"
2023-03-10 17:40:07,175 INFO     ___FILE_ONLY___ 
    }
2023-03-10 17:40:07,175 INFO     ___FILE_ONLY___ 
  }
2023-03-10 17:40:07,175 INFO     ___FILE_ONLY___ ,
  {
2023-03-10 17:40:07,175 INFO     ___FILE_ONLY___ 
    "current_version_string": null,
2023-03-10 17:40:07,176 INFO     ___FILE_ONLY___ 
    "id": "kustomize",
2023-03-10 17:40:07,176 INFO     ___FILE_ONLY___ 
    "is_configuration": false,
2023-03-10 17:40:07,176 INFO     ___FILE_ONLY___ 
    "is_hidden": false,
2023-03-10 17:40:07,176 INFO     ___FILE_ONLY___ 
    "latest_version_string": "4.4.0",
2023-03-10 17:40:07,176 INFO     ___FILE_ONLY___ 
    "name": "Kustomize",
2023-03-10 17:40:07,176 INFO     ___FILE_ONLY___ 
    "platform": {
2023-03-10 17:40:07,176 INFO     ___FILE_ONLY___ 
      "architecture": {
2023-03-10 17:40:07,176 INFO     ___FILE_ONLY___ 
        "file_name": "x86_64",
2023-03-10 17:40:07,176 INFO     ___FILE_ONLY___ 
        "id": "x86_64",
2023-03-10 17:40:07,176 INFO     ___FILE_ONLY___ 
        "name": "x86_64"
2023-03-10 17:40:07,176 INFO     ___FILE_ONLY___ 
      },
2023-03-10 17:40:07,176 INFO     ___FILE_ONLY___ 
      "operating_system": {
2023-03-10 17:40:07,176 INFO     ___FILE_ONLY___ 
        "file_name": "darwin",
2023-03-10 17:40:07,177 INFO     ___FILE_ONLY___ 
        "id": "MACOSX",
2023-03-10 17:40:07,177 INFO     ___FILE_ONLY___ 
        "name": "Mac OS X"
2023-03-10 17:40:07,177 INFO     ___FILE_ONLY___ 
      }
2023-03-10 17:40:07,177 INFO     ___FILE_ONLY___ 
    },
2023-03-10 17:40:07,177 INFO     ___FILE_ONLY___ 
    "platform_required": false,
2023-03-10 17:40:07,177 INFO     ___FILE_ONLY___ 
    "size": 7961940,
2023-03-10 17:40:07,177 INFO     ___FILE_ONLY___ 
    "state": {
2023-03-10 17:40:07,177 INFO     ___FILE_ONLY___ 
      "name": "Not Installed"
2023-03-10 17:40:07,177 INFO     ___FILE_ONLY___ 
    }
2023-03-10 17:40:07,177 INFO     ___FILE_ONLY___ 
  }
2023-03-10 17:40:07,178 INFO     ___FILE_ONLY___ ,
  {
2023-03-10 17:40:07,178 INFO     ___FILE_ONLY___ 
    "current_version_string": null,
2023-03-10 17:40:07,179 INFO     ___FILE_ONLY___ 
    "id": "log-streaming",
2023-03-10 17:40:07,179 INFO     ___FILE_ONLY___ 
    "is_configuration": false,
2023-03-10 17:40:07,179 INFO     ___FILE_ONLY___ 
    "is_hidden": false,
2023-03-10 17:40:07,179 INFO     ___FILE_ONLY___ 
    "latest_version_string": "0.3.0",
2023-03-10 17:40:07,179 INFO     ___FILE_ONLY___ 
    "name": "Log Streaming",
2023-03-10 17:40:07,179 INFO     ___FILE_ONLY___ 
    "platform": {
2023-03-10 17:40:07,180 INFO     ___FILE_ONLY___ 
      "architecture": {
2023-03-10 17:40:07,180 INFO     ___FILE_ONLY___ 
        "file_name": "x86_64",
2023-03-10 17:40:07,180 INFO     ___FILE_ONLY___ 
        "id": "x86_64",
2023-03-10 17:40:07,180 INFO     ___FILE_ONLY___ 
        "name": "x86_64"
2023-03-10 17:40:07,180 INFO     ___FILE_ONLY___ 
      },
2023-03-10 17:40:07,180 INFO     ___FILE_ONLY___ 
      "operating_system": {
2023-03-10 17:40:07,180 INFO     ___FILE_ONLY___ 
        "file_name": "darwin",
2023-03-10 17:40:07,180 INFO     ___FILE_ONLY___ 
        "id": "MACOSX",
2023-03-10 17:40:07,180 INFO     ___FILE_ONLY___ 
        "name": "Mac OS X"
2023-03-10 17:40:07,181 INFO     ___FILE_ONLY___ 
      }
2023-03-10 17:40:07,181 INFO     ___FILE_ONLY___ 
    },
2023-03-10 17:40:07,181 INFO     ___FILE_ONLY___ 
    "platform_required": false,
2023-03-10 17:40:07,181 INFO     ___FILE_ONLY___ 
    "size": 12864820,
2023-03-10 17:40:07,181 INFO     ___FILE_ONLY___ 
    "state": {
2023-03-10 17:40:07,181 INFO     ___FILE_ONLY___ 
      "name": "Not Installed"
2023-03-10 17:40:07,181 INFO     ___FILE_ONLY___ 
    }
2023-03-10 17:40:07,181 INFO     ___FILE_ONLY___ 
  }
2023-03-10 17:40:07,182 INFO     ___FILE_ONLY___ ,
  {
2023-03-10 17:40:07,182 INFO     ___FILE_ONLY___ 
    "current_version_string": null,
2023-03-10 17:40:07,182 INFO     ___FILE_ONLY___ 
    "id": "nomos",
2023-03-10 17:40:07,182 INFO     ___FILE_ONLY___ 
    "is_configuration": false,
2023-03-10 17:40:07,182 INFO     ___FILE_ONLY___ 
    "is_hidden": false,
2023-03-10 17:40:07,182 INFO     ___FILE_ONLY___ 
    "latest_version_string": "1.14.2-rc.6",
2023-03-10 17:40:07,182 INFO     ___FILE_ONLY___ 
    "name": "Nomos CLI",
2023-03-10 17:40:07,182 INFO     ___FILE_ONLY___ 
    "platform": {
2023-03-10 17:40:07,183 INFO     ___FILE_ONLY___ 
      "architecture": {
2023-03-10 17:40:07,183 INFO     ___FILE_ONLY___ 
        "file_name": "x86_64",
2023-03-10 17:40:07,183 INFO     ___FILE_ONLY___ 
        "id": "x86_64",
2023-03-10 17:40:07,183 INFO     ___FILE_ONLY___ 
        "name": "x86_64"
2023-03-10 17:40:07,183 INFO     ___FILE_ONLY___ 
      },
2023-03-10 17:40:07,183 INFO     ___FILE_ONLY___ 
      "operating_system": {
2023-03-10 17:40:07,183 INFO     ___FILE_ONLY___ 
        "file_name": "darwin",
2023-03-10 17:40:07,183 INFO     ___FILE_ONLY___ 
        "id": "MACOSX",
2023-03-10 17:40:07,183 INFO     ___FILE_ONLY___ 
        "name": "Mac OS X"
2023-03-10 17:40:07,183 INFO     ___FILE_ONLY___ 
      }
2023-03-10 17:40:07,183 INFO     ___FILE_ONLY___ 
    },
2023-03-10 17:40:07,184 INFO     ___FILE_ONLY___ 
    "platform_required": false,
2023-03-10 17:40:07,184 INFO     ___FILE_ONLY___ 
    "size": 25793725,
2023-03-10 17:40:07,184 INFO     ___FILE_ONLY___ 
    "state": {
2023-03-10 17:40:07,184 INFO     ___FILE_ONLY___ 
      "name": "Not Installed"
2023-03-10 17:40:07,184 INFO     ___FILE_ONLY___ 
    }
2023-03-10 17:40:07,184 INFO     ___FILE_ONLY___ 
  }
2023-03-10 17:40:07,185 INFO     ___FILE_ONLY___ ,
  {
2023-03-10 17:40:07,185 INFO     ___FILE_ONLY___ 
    "current_version_string": null,
2023-03-10 17:40:07,185 INFO     ___FILE_ONLY___ 
    "id": "local-extract",
2023-03-10 17:40:07,186 INFO     ___FILE_ONLY___ 
    "is_configuration": false,
2023-03-10 17:40:07,186 INFO     ___FILE_ONLY___ 
    "is_hidden": false,
2023-03-10 17:40:07,186 INFO     ___FILE_ONLY___ 
    "latest_version_string": "1.5.7",
2023-03-10 17:40:07,186 INFO     ___FILE_ONLY___ 
    "name": "On-Demand Scanning API extraction helper",
2023-03-10 17:40:07,186 INFO     ___FILE_ONLY___ 
    "platform": {
2023-03-10 17:40:07,186 INFO     ___FILE_ONLY___ 
      "architecture": {
2023-03-10 17:40:07,186 INFO     ___FILE_ONLY___ 
        "file_name": "x86_64",
2023-03-10 17:40:07,186 INFO     ___FILE_ONLY___ 
        "id": "x86_64",
2023-03-10 17:40:07,187 INFO     ___FILE_ONLY___ 
        "name": "x86_64"
2023-03-10 17:40:07,187 INFO     ___FILE_ONLY___ 
      },
2023-03-10 17:40:07,187 INFO     ___FILE_ONLY___ 
      "operating_system": {
2023-03-10 17:40:07,190 INFO     ___FILE_ONLY___ 
        "file_name": "darwin",
2023-03-10 17:40:07,190 INFO     ___FILE_ONLY___ 
        "id": "MACOSX",
2023-03-10 17:40:07,190 INFO     ___FILE_ONLY___ 
        "name": "Mac OS X"
2023-03-10 17:40:07,190 INFO     ___FILE_ONLY___ 
      }
2023-03-10 17:40:07,190 INFO     ___FILE_ONLY___ 
    },
2023-03-10 17:40:07,190 INFO     ___FILE_ONLY___ 
    "platform_required": false,
2023-03-10 17:40:07,191 INFO     ___FILE_ONLY___ 
    "size": 12908644,
2023-03-10 17:40:07,191 INFO     ___FILE_ONLY___ 
    "state": {
2023-03-10 17:40:07,191 INFO     ___FILE_ONLY___ 
      "name": "Not Installed"
2023-03-10 17:40:07,191 INFO     ___FILE_ONLY___ 
    }
2023-03-10 17:40:07,191 INFO     ___FILE_ONLY___ 
  }
2023-03-10 17:40:07,191 INFO     ___FILE_ONLY___ ,
  {
2023-03-10 17:40:07,192 INFO     ___FILE_ONLY___ 
    "current_version_string": null,
2023-03-10 17:40:07,192 INFO     ___FILE_ONLY___ 
    "id": "terraform-tools",
2023-03-10 17:40:07,192 INFO     ___FILE_ONLY___ 
    "is_configuration": false,
2023-03-10 17:40:07,192 INFO     ___FILE_ONLY___ 
    "is_hidden": false,
2023-03-10 17:40:07,192 INFO     ___FILE_ONLY___ 
    "latest_version_string": "0.10.0",
2023-03-10 17:40:07,192 INFO     ___FILE_ONLY___ 
    "name": "Terraform Tools",
2023-03-10 17:40:07,192 INFO     ___FILE_ONLY___ 
    "platform": {
2023-03-10 17:40:07,192 INFO     ___FILE_ONLY___ 
      "architecture": {
2023-03-10 17:40:07,192 INFO     ___FILE_ONLY___ 
        "file_name": "x86_64",
2023-03-10 17:40:07,192 INFO     ___FILE_ONLY___ 
        "id": "x86_64",
2023-03-10 17:40:07,192 INFO     ___FILE_ONLY___ 
        "name": "x86_64"
2023-03-10 17:40:07,193 INFO     ___FILE_ONLY___ 
      },
2023-03-10 17:40:07,193 INFO     ___FILE_ONLY___ 
      "operating_system": {
2023-03-10 17:40:07,193 INFO     ___FILE_ONLY___ 
        "file_name": "darwin",
2023-03-10 17:40:07,193 INFO     ___FILE_ONLY___ 
        "id": "MACOSX",
2023-03-10 17:40:07,193 INFO     ___FILE_ONLY___ 
        "name": "Mac OS X"
2023-03-10 17:40:07,193 INFO     ___FILE_ONLY___ 
      }
2023-03-10 17:40:07,193 INFO     ___FILE_ONLY___ 
    },
2023-03-10 17:40:07,193 INFO     ___FILE_ONLY___ 
    "platform_required": false,
2023-03-10 17:40:07,193 INFO     ___FILE_ONLY___ 
    "size": 65091830,
2023-03-10 17:40:07,193 INFO     ___FILE_ONLY___ 
    "state": {
2023-03-10 17:40:07,193 INFO     ___FILE_ONLY___ 
      "name": "Not Installed"
2023-03-10 17:40:07,193 INFO     ___FILE_ONLY___ 
    }
2023-03-10 17:40:07,193 INFO     ___FILE_ONLY___ 
  }
2023-03-10 17:40:07,195 INFO     ___FILE_ONLY___ ,
  {
2023-03-10 17:40:07,195 INFO     ___FILE_ONLY___ 
    "current_version_string": null,
2023-03-10 17:40:07,196 INFO     ___FILE_ONLY___ 
    "id": "anthos-auth",
2023-03-10 17:40:07,196 INFO     ___FILE_ONLY___ 
    "is_configuration": false,
2023-03-10 17:40:07,196 INFO     ___FILE_ONLY___ 
    "is_hidden": false,
2023-03-10 17:40:07,196 INFO     ___FILE_ONLY___ 
    "latest_version_string": "1.4.4",
2023-03-10 17:40:07,197 INFO     ___FILE_ONLY___ 
    "name": "anthos-auth",
2023-03-10 17:40:07,197 INFO     ___FILE_ONLY___ 
    "platform": {
2023-03-10 17:40:07,197 INFO     ___FILE_ONLY___ 
      "architecture": {
2023-03-10 17:40:07,197 INFO     ___FILE_ONLY___ 
        "file_name": "x86_64",
2023-03-10 17:40:07,197 INFO     ___FILE_ONLY___ 
        "id": "x86_64",
2023-03-10 17:40:07,197 INFO     ___FILE_ONLY___ 
        "name": "x86_64"
2023-03-10 17:40:07,197 INFO     ___FILE_ONLY___ 
      },
2023-03-10 17:40:07,197 INFO     ___FILE_ONLY___ 
      "operating_system": {
2023-03-10 17:40:07,198 INFO     ___FILE_ONLY___ 
        "file_name": "darwin",
2023-03-10 17:40:07,198 INFO     ___FILE_ONLY___ 
        "id": "MACOSX",
2023-03-10 17:40:07,198 INFO     ___FILE_ONLY___ 
        "name": "Mac OS X"
2023-03-10 17:40:07,198 INFO     ___FILE_ONLY___ 
      }
2023-03-10 17:40:07,198 INFO     ___FILE_ONLY___ 
    },
2023-03-10 17:40:07,198 INFO     ___FILE_ONLY___ 
    "platform_required": false,
2023-03-10 17:40:07,198 INFO     ___FILE_ONLY___ 
    "size": 21183974,
2023-03-10 17:40:07,198 INFO     ___FILE_ONLY___ 
    "state": {
2023-03-10 17:40:07,198 INFO     ___FILE_ONLY___ 
      "name": "Not Installed"
2023-03-10 17:40:07,199 INFO     ___FILE_ONLY___ 
    }
2023-03-10 17:40:07,199 INFO     ___FILE_ONLY___ 
  }
2023-03-10 17:40:07,200 INFO     ___FILE_ONLY___ ,
  {
2023-03-10 17:40:07,200 INFO     ___FILE_ONLY___ 
    "current_version_string": null,
2023-03-10 17:40:07,200 INFO     ___FILE_ONLY___ 
    "id": "config-connector",
2023-03-10 17:40:07,200 INFO     ___FILE_ONLY___ 
    "is_configuration": false,
2023-03-10 17:40:07,200 INFO     ___FILE_ONLY___ 
    "is_hidden": false,
2023-03-10 17:40:07,200 INFO     ___FILE_ONLY___ 
    "latest_version_string": "1.93.0",
2023-03-10 17:40:07,201 INFO     ___FILE_ONLY___ 
    "name": "config-connector",
2023-03-10 17:40:07,201 INFO     ___FILE_ONLY___ 
    "platform": {
2023-03-10 17:40:07,201 INFO     ___FILE_ONLY___ 
      "architecture": {
2023-03-10 17:40:07,201 INFO     ___FILE_ONLY___ 
        "file_name": "x86_64",
2023-03-10 17:40:07,201 INFO     ___FILE_ONLY___ 
        "id": "x86_64",
2023-03-10 17:40:07,201 INFO     ___FILE_ONLY___ 
        "name": "x86_64"
2023-03-10 17:40:07,202 INFO     ___FILE_ONLY___ 
      },
2023-03-10 17:40:07,202 INFO     ___FILE_ONLY___ 
      "operating_system": {
2023-03-10 17:40:07,202 INFO     ___FILE_ONLY___ 
        "file_name": "darwin",
2023-03-10 17:40:07,202 INFO     ___FILE_ONLY___ 
        "id": "MACOSX",
2023-03-10 17:40:07,202 INFO     ___FILE_ONLY___ 
        "name": "Mac OS X"
2023-03-10 17:40:07,202 INFO     ___FILE_ONLY___ 
      }
2023-03-10 17:40:07,202 INFO     ___FILE_ONLY___ 
    },
2023-03-10 17:40:07,203 INFO     ___FILE_ONLY___ 
    "platform_required": false,
2023-03-10 17:40:07,203 INFO     ___FILE_ONLY___ 
    "size": 59915703,
2023-03-10 17:40:07,203 INFO     ___FILE_ONLY___ 
    "state": {
2023-03-10 17:40:07,203 INFO     ___FILE_ONLY___ 
      "name": "Not Installed"
2023-03-10 17:40:07,203 INFO     ___FILE_ONLY___ 
    }
2023-03-10 17:40:07,203 INFO     ___FILE_ONLY___ 
  }
2023-03-10 17:40:07,204 INFO     ___FILE_ONLY___ ,
  {
2023-03-10 17:40:07,205 INFO     ___FILE_ONLY___ 
    "current_version_string": null,
2023-03-10 17:40:07,205 INFO     ___FILE_ONLY___ 
    "id": "enterprise-certificate-proxy",
2023-03-10 17:40:07,205 INFO     ___FILE_ONLY___ 
    "is_configuration": false,
2023-03-10 17:40:07,205 INFO     ___FILE_ONLY___ 
    "is_hidden": false,
2023-03-10 17:40:07,206 INFO     ___FILE_ONLY___ 
    "latest_version_string": "0.2.1",
2023-03-10 17:40:07,206 INFO     ___FILE_ONLY___ 
    "name": "enterprise-certificate-proxy",
2023-03-10 17:40:07,206 INFO     ___FILE_ONLY___ 
    "platform": {
2023-03-10 17:40:07,206 INFO     ___FILE_ONLY___ 
      "architecture": {
2023-03-10 17:40:07,206 INFO     ___FILE_ONLY___ 
        "file_name": "x86_64",
2023-03-10 17:40:07,206 INFO     ___FILE_ONLY___ 
        "id": "x86_64",
2023-03-10 17:40:07,206 INFO     ___FILE_ONLY___ 
        "name": "x86_64"
2023-03-10 17:40:07,206 INFO     ___FILE_ONLY___ 
      },
2023-03-10 17:40:07,207 INFO     ___FILE_ONLY___ 
      "operating_system": {
2023-03-10 17:40:07,207 INFO     ___FILE_ONLY___ 
        "file_name": "darwin",
2023-03-10 17:40:07,207 INFO     ___FILE_ONLY___ 
        "id": "MACOSX",
2023-03-10 17:40:07,207 INFO     ___FILE_ONLY___ 
        "name": "Mac OS X"
2023-03-10 17:40:07,207 INFO     ___FILE_ONLY___ 
      }
2023-03-10 17:40:07,207 INFO     ___FILE_ONLY___ 
    },
2023-03-10 17:40:07,207 INFO     ___FILE_ONLY___ 
    "platform_required": false,
2023-03-10 17:40:07,207 INFO     ___FILE_ONLY___ 
    "size": 7001595,
2023-03-10 17:40:07,207 INFO     ___FILE_ONLY___ 
    "state": {
2023-03-10 17:40:07,208 INFO     ___FILE_ONLY___ 
      "name": "Not Installed"
2023-03-10 17:40:07,208 INFO     ___FILE_ONLY___ 
    }
2023-03-10 17:40:07,208 INFO     ___FILE_ONLY___ 
  }
2023-03-10 17:40:07,208 INFO     ___FILE_ONLY___ ,
  {
2023-03-10 17:40:07,209 INFO     ___FILE_ONLY___ 
    "current_version_string": null,
2023-03-10 17:40:07,209 INFO     ___FILE_ONLY___ 
    "id": "app-engine-java",
2023-03-10 17:40:07,209 INFO     ___FILE_ONLY___ 
    "is_configuration": false,
2023-03-10 17:40:07,209 INFO     ___FILE_ONLY___ 
    "is_hidden": false,
2023-03-10 17:40:07,209 INFO     ___FILE_ONLY___ 
    "latest_version_string": "2.0.11",
2023-03-10 17:40:07,209 INFO     ___FILE_ONLY___ 
    "name": "gcloud app Java Extensions",
2023-03-10 17:40:07,209 INFO     ___FILE_ONLY___ 
    "platform": {
2023-03-10 17:40:07,209 INFO     ___FILE_ONLY___ 
      "architecture": {
2023-03-10 17:40:07,210 INFO     ___FILE_ONLY___ 
        "file_name": "x86_64",
2023-03-10 17:40:07,210 INFO     ___FILE_ONLY___ 
        "id": "x86_64",
2023-03-10 17:40:07,210 INFO     ___FILE_ONLY___ 
        "name": "x86_64"
2023-03-10 17:40:07,210 INFO     ___FILE_ONLY___ 
      },
2023-03-10 17:40:07,210 INFO     ___FILE_ONLY___ 
      "operating_system": {
2023-03-10 17:40:07,210 INFO     ___FILE_ONLY___ 
        "file_name": "darwin",
2023-03-10 17:40:07,210 INFO     ___FILE_ONLY___ 
        "id": "MACOSX",
2023-03-10 17:40:07,211 INFO     ___FILE_ONLY___ 
        "name": "Mac OS X"
2023-03-10 17:40:07,211 INFO     ___FILE_ONLY___ 
      }
2023-03-10 17:40:07,211 INFO     ___FILE_ONLY___ 
    },
2023-03-10 17:40:07,211 INFO     ___FILE_ONLY___ 
    "platform_required": false,
2023-03-10 17:40:07,211 INFO     ___FILE_ONLY___ 
    "size": 67677429,
2023-03-10 17:40:07,211 INFO     ___FILE_ONLY___ 
    "state": {
2023-03-10 17:40:07,211 INFO     ___FILE_ONLY___ 
      "name": "Not Installed"
2023-03-10 17:40:07,212 INFO     ___FILE_ONLY___ 
    }
2023-03-10 17:40:07,212 INFO     ___FILE_ONLY___ 
  }
2023-03-10 17:40:07,213 INFO     ___FILE_ONLY___ ,
  {
2023-03-10 17:40:07,213 INFO     ___FILE_ONLY___ 
    "current_version_string": null,
2023-03-10 17:40:07,213 INFO     ___FILE_ONLY___ 
    "id": "app-engine-php",
2023-03-10 17:40:07,213 INFO     ___FILE_ONLY___ 
    "is_configuration": false,
2023-03-10 17:40:07,213 INFO     ___FILE_ONLY___ 
    "is_hidden": false,
2023-03-10 17:40:07,214 INFO     ___FILE_ONLY___ 
    "latest_version_string": "",
2023-03-10 17:40:07,214 INFO     ___FILE_ONLY___ 
    "name": "gcloud app PHP Extensions",
2023-03-10 17:40:07,214 INFO     ___FILE_ONLY___ 
    "platform": {
2023-03-10 17:40:07,214 INFO     ___FILE_ONLY___ 
      "architecture": {
2023-03-10 17:40:07,214 INFO     ___FILE_ONLY___ 
        "file_name": "x86_64",
2023-03-10 17:40:07,215 INFO     ___FILE_ONLY___ 
        "id": "x86_64",
2023-03-10 17:40:07,215 INFO     ___FILE_ONLY___ 
        "name": "x86_64"
2023-03-10 17:40:07,215 INFO     ___FILE_ONLY___ 
      },
2023-03-10 17:40:07,215 INFO     ___FILE_ONLY___ 
      "operating_system": {
2023-03-10 17:40:07,215 INFO     ___FILE_ONLY___ 
        "file_name": "darwin",
2023-03-10 17:40:07,215 INFO     ___FILE_ONLY___ 
        "id": "MACOSX",
2023-03-10 17:40:07,215 INFO     ___FILE_ONLY___ 
        "name": "Mac OS X"
2023-03-10 17:40:07,216 INFO     ___FILE_ONLY___ 
      }
2023-03-10 17:40:07,216 INFO     ___FILE_ONLY___ 
    },
2023-03-10 17:40:07,216 INFO     ___FILE_ONLY___ 
    "platform_required": false,
2023-03-10 17:40:07,216 INFO     ___FILE_ONLY___ 
    "size": 22985548,
2023-03-10 17:40:07,216 INFO     ___FILE_ONLY___ 
    "state": {
2023-03-10 17:40:07,216 INFO     ___FILE_ONLY___ 
      "name": "Not Installed"
2023-03-10 17:40:07,216 INFO     ___FILE_ONLY___ 
    }
2023-03-10 17:40:07,217 INFO     ___FILE_ONLY___ 
  }
2023-03-10 17:40:07,217 INFO     ___FILE_ONLY___ ,
  {
2023-03-10 17:40:07,217 INFO     ___FILE_ONLY___ 
    "current_version_string": null,
2023-03-10 17:40:07,217 INFO     ___FILE_ONLY___ 
    "id": "app-engine-python",
2023-03-10 17:40:07,218 INFO     ___FILE_ONLY___ 
    "is_configuration": false,
2023-03-10 17:40:07,218 INFO     ___FILE_ONLY___ 
    "is_hidden": false,
2023-03-10 17:40:07,218 INFO     ___FILE_ONLY___ 
    "latest_version_string": "1.9.102",
2023-03-10 17:40:07,218 INFO     ___FILE_ONLY___ 
    "name": "gcloud app Python Extensions",
2023-03-10 17:40:07,218 INFO     ___FILE_ONLY___ 
    "platform": {
2023-03-10 17:40:07,218 INFO     ___FILE_ONLY___ 
      "architecture": {
2023-03-10 17:40:07,218 INFO     ___FILE_ONLY___ 
        "file_name": "x86_64",
2023-03-10 17:40:07,218 INFO     ___FILE_ONLY___ 
        "id": "x86_64",
2023-03-10 17:40:07,218 INFO     ___FILE_ONLY___ 
        "name": "x86_64"
2023-03-10 17:40:07,218 INFO     ___FILE_ONLY___ 
      },
2023-03-10 17:40:07,218 INFO     ___FILE_ONLY___ 
      "operating_system": {
2023-03-10 17:40:07,219 INFO     ___FILE_ONLY___ 
        "file_name": "darwin",
2023-03-10 17:40:07,219 INFO     ___FILE_ONLY___ 
        "id": "MACOSX",
2023-03-10 17:40:07,219 INFO     ___FILE_ONLY___ 
        "name": "Mac OS X"
2023-03-10 17:40:07,219 INFO     ___FILE_ONLY___ 
      }
2023-03-10 17:40:07,219 INFO     ___FILE_ONLY___ 
    },
2023-03-10 17:40:07,219 INFO     ___FILE_ONLY___ 
    "platform_required": false,
2023-03-10 17:40:07,219 INFO     ___FILE_ONLY___ 
    "size": 8899028,
2023-03-10 17:40:07,220 INFO     ___FILE_ONLY___ 
    "state": {
2023-03-10 17:40:07,220 INFO     ___FILE_ONLY___ 
      "name": "Not Installed"
2023-03-10 17:40:07,220 INFO     ___FILE_ONLY___ 
    }
2023-03-10 17:40:07,220 INFO     ___FILE_ONLY___ 
  }
2023-03-10 17:40:07,221 INFO     ___FILE_ONLY___ ,
  {
2023-03-10 17:40:07,221 INFO     ___FILE_ONLY___ 
    "current_version_string": null,
2023-03-10 17:40:07,221 INFO     ___FILE_ONLY___ 
    "id": "app-engine-python-extras",
2023-03-10 17:40:07,221 INFO     ___FILE_ONLY___ 
    "is_configuration": false,
2023-03-10 17:40:07,221 INFO     ___FILE_ONLY___ 
    "is_hidden": false,
2023-03-10 17:40:07,221 INFO     ___FILE_ONLY___ 
    "latest_version_string": "1.9.96",
2023-03-10 17:40:07,221 INFO     ___FILE_ONLY___ 
    "name": "gcloud app Python Extensions (Extra Libraries)",
2023-03-10 17:40:07,221 INFO     ___FILE_ONLY___ 
    "platform": {
2023-03-10 17:40:07,221 INFO     ___FILE_ONLY___ 
      "architecture": {
2023-03-10 17:40:07,222 INFO     ___FILE_ONLY___ 
        "file_name": "x86_64",
2023-03-10 17:40:07,222 INFO     ___FILE_ONLY___ 
        "id": "x86_64",
2023-03-10 17:40:07,222 INFO     ___FILE_ONLY___ 
        "name": "x86_64"
2023-03-10 17:40:07,222 INFO     ___FILE_ONLY___ 
      },
2023-03-10 17:40:07,222 INFO     ___FILE_ONLY___ 
      "operating_system": {
2023-03-10 17:40:07,222 INFO     ___FILE_ONLY___ 
        "file_name": "darwin",
2023-03-10 17:40:07,222 INFO     ___FILE_ONLY___ 
        "id": "MACOSX",
2023-03-10 17:40:07,222 INFO     ___FILE_ONLY___ 
        "name": "Mac OS X"
2023-03-10 17:40:07,223 INFO     ___FILE_ONLY___ 
      }
2023-03-10 17:40:07,223 INFO     ___FILE_ONLY___ 
    },
2023-03-10 17:40:07,223 INFO     ___FILE_ONLY___ 
    "platform_required": false,
2023-03-10 17:40:07,223 INFO     ___FILE_ONLY___ 
    "size": 27709995,
2023-03-10 17:40:07,223 INFO     ___FILE_ONLY___ 
    "state": {
2023-03-10 17:40:07,223 INFO     ___FILE_ONLY___ 
      "name": "Not Installed"
2023-03-10 17:40:07,223 INFO     ___FILE_ONLY___ 
    }
2023-03-10 17:40:07,223 INFO     ___FILE_ONLY___ 
  }
2023-03-10 17:40:07,224 INFO     ___FILE_ONLY___ ,
  {
2023-03-10 17:40:07,225 INFO     ___FILE_ONLY___ 
    "current_version_string": null,
2023-03-10 17:40:07,225 INFO     ___FILE_ONLY___ 
    "id": "kpt",
2023-03-10 17:40:07,225 INFO     ___FILE_ONLY___ 
    "is_configuration": false,
2023-03-10 17:40:07,225 INFO     ___FILE_ONLY___ 
    "is_hidden": false,
2023-03-10 17:40:07,225 INFO     ___FILE_ONLY___ 
    "latest_version_string": "1.0.0-beta.27",
2023-03-10 17:40:07,225 INFO     ___FILE_ONLY___ 
    "name": "kpt",
2023-03-10 17:40:07,225 INFO     ___FILE_ONLY___ 
    "platform": {
2023-03-10 17:40:07,225 INFO     ___FILE_ONLY___ 
      "architecture": {
2023-03-10 17:40:07,225 INFO     ___FILE_ONLY___ 
        "file_name": "x86_64",
2023-03-10 17:40:07,225 INFO     ___FILE_ONLY___ 
        "id": "x86_64",
2023-03-10 17:40:07,225 INFO     ___FILE_ONLY___ 
        "name": "x86_64"
2023-03-10 17:40:07,226 INFO     ___FILE_ONLY___ 
      },
2023-03-10 17:40:07,226 INFO     ___FILE_ONLY___ 
      "operating_system": {
2023-03-10 17:40:07,226 INFO     ___FILE_ONLY___ 
        "file_name": "darwin",
2023-03-10 17:40:07,226 INFO     ___FILE_ONLY___ 
        "id": "MACOSX",
2023-03-10 17:40:07,226 INFO     ___FILE_ONLY___ 
        "name": "Mac OS X"
2023-03-10 17:40:07,226 INFO     ___FILE_ONLY___ 
      }
2023-03-10 17:40:07,226 INFO     ___FILE_ONLY___ 
    },
2023-03-10 17:40:07,226 INFO     ___FILE_ONLY___ 
    "platform_required": false,
2023-03-10 17:40:07,227 INFO     ___FILE_ONLY___ 
    "size": 23343492,
2023-03-10 17:40:07,227 INFO     ___FILE_ONLY___ 
    "state": {
2023-03-10 17:40:07,227 INFO     ___FILE_ONLY___ 
      "name": "Not Installed"
2023-03-10 17:40:07,227 INFO     ___FILE_ONLY___ 
    }
2023-03-10 17:40:07,227 INFO     ___FILE_ONLY___ 
  }
2023-03-10 17:40:07,228 INFO     ___FILE_ONLY___ ,
  {
2023-03-10 17:40:07,228 INFO     ___FILE_ONLY___ 
    "current_version_string": null,
2023-03-10 17:40:07,228 INFO     ___FILE_ONLY___ 
    "id": "kubectl-oidc",
2023-03-10 17:40:07,228 INFO     ___FILE_ONLY___ 
    "is_configuration": false,
2023-03-10 17:40:07,228 INFO     ___FILE_ONLY___ 
    "is_hidden": false,
2023-03-10 17:40:07,228 INFO     ___FILE_ONLY___ 
    "latest_version_string": "1.4.4",
2023-03-10 17:40:07,229 INFO     ___FILE_ONLY___ 
    "name": "kubectl-oidc",
2023-03-10 17:40:07,229 INFO     ___FILE_ONLY___ 
    "platform": {
2023-03-10 17:40:07,229 INFO     ___FILE_ONLY___ 
      "architecture": {
2023-03-10 17:40:07,229 INFO     ___FILE_ONLY___ 
        "file_name": "x86_64",
2023-03-10 17:40:07,229 INFO     ___FILE_ONLY___ 
        "id": "x86_64",
2023-03-10 17:40:07,229 INFO     ___FILE_ONLY___ 
        "name": "x86_64"
2023-03-10 17:40:07,230 INFO     ___FILE_ONLY___ 
      },
2023-03-10 17:40:07,230 INFO     ___FILE_ONLY___ 
      "operating_system": {
2023-03-10 17:40:07,230 INFO     ___FILE_ONLY___ 
        "file_name": "darwin",
2023-03-10 17:40:07,230 INFO     ___FILE_ONLY___ 
        "id": "MACOSX",
2023-03-10 17:40:07,230 INFO     ___FILE_ONLY___ 
        "name": "Mac OS X"
2023-03-10 17:40:07,231 INFO     ___FILE_ONLY___ 
      }
2023-03-10 17:40:07,231 INFO     ___FILE_ONLY___ 
    },
2023-03-10 17:40:07,231 INFO     ___FILE_ONLY___ 
    "platform_required": false,
2023-03-10 17:40:07,231 INFO     ___FILE_ONLY___ 
    "size": 21183987,
2023-03-10 17:40:07,231 INFO     ___FILE_ONLY___ 
    "state": {
2023-03-10 17:40:07,231 INFO     ___FILE_ONLY___ 
      "name": "Not Installed"
2023-03-10 17:40:07,232 INFO     ___FILE_ONLY___ 
    }
2023-03-10 17:40:07,232 INFO     ___FILE_ONLY___ 
  }
2023-03-10 17:40:07,233 INFO     ___FILE_ONLY___ ,
  {
2023-03-10 17:40:07,233 INFO     ___FILE_ONLY___ 
    "current_version_string": null,
2023-03-10 17:40:07,233 INFO     ___FILE_ONLY___ 
    "id": "pkg",
2023-03-10 17:40:07,233 INFO     ___FILE_ONLY___ 
    "is_configuration": false,
2023-03-10 17:40:07,233 INFO     ___FILE_ONLY___ 
    "is_hidden": false,
2023-03-10 17:40:07,234 INFO     ___FILE_ONLY___ 
    "latest_version_string": "",
2023-03-10 17:40:07,234 INFO     ___FILE_ONLY___ 
    "name": "pkg",
2023-03-10 17:40:07,234 INFO     ___FILE_ONLY___ 
    "platform": {
2023-03-10 17:40:07,234 INFO     ___FILE_ONLY___ 
      "architecture": {
2023-03-10 17:40:07,234 INFO     ___FILE_ONLY___ 
        "file_name": "x86_64",
2023-03-10 17:40:07,234 INFO     ___FILE_ONLY___ 
        "id": "x86_64",
2023-03-10 17:40:07,234 INFO     ___FILE_ONLY___ 
        "name": "x86_64"
2023-03-10 17:40:07,234 INFO     ___FILE_ONLY___ 
      },
2023-03-10 17:40:07,234 INFO     ___FILE_ONLY___ 
      "operating_system": {
2023-03-10 17:40:07,235 INFO     ___FILE_ONLY___ 
        "file_name": "darwin",
2023-03-10 17:40:07,235 INFO     ___FILE_ONLY___ 
        "id": "MACOSX",
2023-03-10 17:40:07,235 INFO     ___FILE_ONLY___ 
        "name": "Mac OS X"
2023-03-10 17:40:07,235 INFO     ___FILE_ONLY___ 
      }
2023-03-10 17:40:07,235 INFO     ___FILE_ONLY___ 
    },
2023-03-10 17:40:07,235 INFO     ___FILE_ONLY___ 
    "platform_required": false,
2023-03-10 17:40:07,235 INFO     ___FILE_ONLY___ 
    "size": 0,
2023-03-10 17:40:07,236 INFO     ___FILE_ONLY___ 
    "state": {
2023-03-10 17:40:07,236 INFO     ___FILE_ONLY___ 
      "name": "Not Installed"
2023-03-10 17:40:07,236 INFO     ___FILE_ONLY___ 
    }
2023-03-10 17:40:07,236 INFO     ___FILE_ONLY___ 
  }
2023-03-10 17:40:07,237 INFO     ___FILE_ONLY___ ,
  {
2023-03-10 17:40:07,237 INFO     ___FILE_ONLY___ 
    "current_version_string": "2.0.87",
2023-03-10 17:40:07,237 INFO     ___FILE_ONLY___ 
    "id": "bq",
2023-03-10 17:40:07,238 INFO     ___FILE_ONLY___ 
    "is_configuration": false,
2023-03-10 17:40:07,238 INFO     ___FILE_ONLY___ 
    "is_hidden": false,
2023-03-10 17:40:07,238 INFO     ___FILE_ONLY___ 
    "latest_version_string": "2.0.87",
2023-03-10 17:40:07,238 INFO     ___FILE_ONLY___ 
    "name": "BigQuery Command Line Tool",
2023-03-10 17:40:07,238 INFO     ___FILE_ONLY___ 
    "platform": {
2023-03-10 17:40:07,238 INFO     ___FILE_ONLY___ 
      "architecture": {
2023-03-10 17:40:07,238 INFO     ___FILE_ONLY___ 
        "file_name": "x86_64",
2023-03-10 17:40:07,239 INFO     ___FILE_ONLY___ 
        "id": "x86_64",
2023-03-10 17:40:07,239 INFO     ___FILE_ONLY___ 
        "name": "x86_64"
2023-03-10 17:40:07,239 INFO     ___FILE_ONLY___ 
      },
2023-03-10 17:40:07,239 INFO     ___FILE_ONLY___ 
      "operating_system": {
2023-03-10 17:40:07,239 INFO     ___FILE_ONLY___ 
        "file_name": "darwin",
2023-03-10 17:40:07,239 INFO     ___FILE_ONLY___ 
        "id": "MACOSX",
2023-03-10 17:40:07,240 INFO     ___FILE_ONLY___ 
        "name": "Mac OS X"
2023-03-10 17:40:07,240 INFO     ___FILE_ONLY___ 
      }
2023-03-10 17:40:07,240 INFO     ___FILE_ONLY___ 
    },
2023-03-10 17:40:07,240 INFO     ___FILE_ONLY___ 
    "platform_required": false,
2023-03-10 17:40:07,240 INFO     ___FILE_ONLY___ 
    "size": 1700317,
2023-03-10 17:40:07,240 INFO     ___FILE_ONLY___ 
    "state": {
2023-03-10 17:40:07,240 INFO     ___FILE_ONLY___ 
      "name": "Installed"
2023-03-10 17:40:07,241 INFO     ___FILE_ONLY___ 
    }
2023-03-10 17:40:07,241 INFO     ___FILE_ONLY___ 
  }
2023-03-10 17:40:07,242 INFO     ___FILE_ONLY___ ,
  {
2023-03-10 17:40:07,242 INFO     ___FILE_ONLY___ 
    "current_version_string": "5.21",
2023-03-10 17:40:07,242 INFO     ___FILE_ONLY___ 
    "id": "gsutil",
2023-03-10 17:40:07,242 INFO     ___FILE_ONLY___ 
    "is_configuration": false,
2023-03-10 17:40:07,242 INFO     ___FILE_ONLY___ 
    "is_hidden": false,
2023-03-10 17:40:07,243 INFO     ___FILE_ONLY___ 
    "latest_version_string": "5.21",
2023-03-10 17:40:07,243 INFO     ___FILE_ONLY___ 
    "name": "Cloud Storage Command Line Tool",
2023-03-10 17:40:07,243 INFO     ___FILE_ONLY___ 
    "platform": {
2023-03-10 17:40:07,243 INFO     ___FILE_ONLY___ 
      "architecture": {
2023-03-10 17:40:07,243 INFO     ___FILE_ONLY___ 
        "file_name": "x86_64",
2023-03-10 17:40:07,243 INFO     ___FILE_ONLY___ 
        "id": "x86_64",
2023-03-10 17:40:07,243 INFO     ___FILE_ONLY___ 
        "name": "x86_64"
2023-03-10 17:40:07,244 INFO     ___FILE_ONLY___ 
      },
2023-03-10 17:40:07,244 INFO     ___FILE_ONLY___ 
      "operating_system": {
2023-03-10 17:40:07,244 INFO     ___FILE_ONLY___ 
        "file_name": "darwin",
2023-03-10 17:40:07,244 INFO     ___FILE_ONLY___ 
        "id": "MACOSX",
2023-03-10 17:40:07,244 INFO     ___FILE_ONLY___ 
        "name": "Mac OS X"
2023-03-10 17:40:07,244 INFO     ___FILE_ONLY___ 
      }
2023-03-10 17:40:07,244 INFO     ___FILE_ONLY___ 
    },
2023-03-10 17:40:07,245 INFO     ___FILE_ONLY___ 
    "platform_required": false,
2023-03-10 17:40:07,245 INFO     ___FILE_ONLY___ 
    "size": 16305091,
2023-03-10 17:40:07,245 INFO     ___FILE_ONLY___ 
    "state": {
2023-03-10 17:40:07,245 INFO     ___FILE_ONLY___ 
      "name": "Installed"
2023-03-10 17:40:07,245 INFO     ___FILE_ONLY___ 
    }
2023-03-10 17:40:07,245 INFO     ___FILE_ONLY___ 
  }
2023-03-10 17:40:07,246 INFO     ___FILE_ONLY___ ,
  {
2023-03-10 17:40:07,246 INFO     ___FILE_ONLY___ 
    "current_version_string": "2023.03.03",
2023-03-10 17:40:07,247 INFO     ___FILE_ONLY___ 
    "id": "core",
2023-03-10 17:40:07,247 INFO     ___FILE_ONLY___ 
    "is_configuration": false,
2023-03-10 17:40:07,247 INFO     ___FILE_ONLY___ 
    "is_hidden": false,
2023-03-10 17:40:07,247 INFO     ___FILE_ONLY___ 
    "latest_version_string": "2023.03.03",
2023-03-10 17:40:07,247 INFO     ___FILE_ONLY___ 
    "name": "Google Cloud CLI Core Libraries",
2023-03-10 17:40:07,248 INFO     ___FILE_ONLY___ 
    "platform": {
2023-03-10 17:40:07,248 INFO     ___FILE_ONLY___ 
      "architecture": {
2023-03-10 17:40:07,248 INFO     ___FILE_ONLY___ 
        "file_name": "x86_64",
2023-03-10 17:40:07,248 INFO     ___FILE_ONLY___ 
        "id": "x86_64",
2023-03-10 17:40:07,249 INFO     ___FILE_ONLY___ 
        "name": "x86_64"
2023-03-10 17:40:07,249 INFO     ___FILE_ONLY___ 
      },
2023-03-10 17:40:07,249 INFO     ___FILE_ONLY___ 
      "operating_system": {
2023-03-10 17:40:07,249 INFO     ___FILE_ONLY___ 
        "file_name": "darwin",
2023-03-10 17:40:07,249 INFO     ___FILE_ONLY___ 
        "id": "MACOSX",
2023-03-10 17:40:07,249 INFO     ___FILE_ONLY___ 
        "name": "Mac OS X"
2023-03-10 17:40:07,249 INFO     ___FILE_ONLY___ 
      }
2023-03-10 17:40:07,250 INFO     ___FILE_ONLY___ 
    },
2023-03-10 17:40:07,250 INFO     ___FILE_ONLY___ 
    "platform_required": false,
2023-03-10 17:40:07,250 INFO     ___FILE_ONLY___ 
    "size": 28098613,
2023-03-10 17:40:07,250 INFO     ___FILE_ONLY___ 
    "state": {
2023-03-10 17:40:07,250 INFO     ___FILE_ONLY___ 
      "name": "Installed"
2023-03-10 17:40:07,250 INFO     ___FILE_ONLY___ 
    }
2023-03-10 17:40:07,250 INFO     ___FILE_ONLY___ 
  }
2023-03-10 17:40:07,251 INFO     ___FILE_ONLY___ ,
  {
2023-03-10 17:40:07,251 INFO     ___FILE_ONLY___ 
    "current_version_string": "1.0.0",
2023-03-10 17:40:07,251 INFO     ___FILE_ONLY___ 
    "id": "gcloud-crc32c",
2023-03-10 17:40:07,252 INFO     ___FILE_ONLY___ 
    "is_configuration": false,
2023-03-10 17:40:07,252 INFO     ___FILE_ONLY___ 
    "is_hidden": false,
2023-03-10 17:40:07,252 INFO     ___FILE_ONLY___ 
    "latest_version_string": "1.0.0",
2023-03-10 17:40:07,252 INFO     ___FILE_ONLY___ 
    "name": "Google Cloud CRC32C Hash Tool",
2023-03-10 17:40:07,252 INFO     ___FILE_ONLY___ 
    "platform": {
2023-03-10 17:40:07,252 INFO     ___FILE_ONLY___ 
      "architecture": {
2023-03-10 17:40:07,253 INFO     ___FILE_ONLY___ 
        "file_name": "x86_64",
2023-03-10 17:40:07,253 INFO     ___FILE_ONLY___ 
        "id": "x86_64",
2023-03-10 17:40:07,253 INFO     ___FILE_ONLY___ 
        "name": "x86_64"
2023-03-10 17:40:07,253 INFO     ___FILE_ONLY___ 
      },
2023-03-10 17:40:07,253 INFO     ___FILE_ONLY___ 
      "operating_system": {
2023-03-10 17:40:07,253 INFO     ___FILE_ONLY___ 
        "file_name": "darwin",
2023-03-10 17:40:07,253 INFO     ___FILE_ONLY___ 
        "id": "MACOSX",
2023-03-10 17:40:07,253 INFO     ___FILE_ONLY___ 
        "name": "Mac OS X"
2023-03-10 17:40:07,253 INFO     ___FILE_ONLY___ 
      }
2023-03-10 17:40:07,254 INFO     ___FILE_ONLY___ 
    },
2023-03-10 17:40:07,254 INFO     ___FILE_ONLY___ 
    "platform_required": false,
2023-03-10 17:40:07,254 INFO     ___FILE_ONLY___ 
    "size": 1241659,
2023-03-10 17:40:07,254 INFO     ___FILE_ONLY___ 
    "state": {
2023-03-10 17:40:07,254 INFO     ___FILE_ONLY___ 
      "name": "Installed"
2023-03-10 17:40:07,254 INFO     ___FILE_ONLY___ 
    }
2023-03-10 17:40:07,254 INFO     ___FILE_ONLY___ 
  }
2023-03-10 17:40:07,255 INFO     ___FILE_ONLY___ ,
  {
2023-03-10 17:40:07,255 INFO     ___FILE_ONLY___ 
    "current_version_string": "1.28.0",
2023-03-10 17:40:07,255 INFO     ___FILE_ONLY___ 
    "id": "minikube",
2023-03-10 17:40:07,255 INFO     ___FILE_ONLY___ 
    "is_configuration": false,
2023-03-10 17:40:07,255 INFO     ___FILE_ONLY___ 
    "is_hidden": false,
2023-03-10 17:40:07,255 INFO     ___FILE_ONLY___ 
    "latest_version_string": "1.29.0",
2023-03-10 17:40:07,255 INFO     ___FILE_ONLY___ 
    "name": "Minikube",
2023-03-10 17:40:07,255 INFO     ___FILE_ONLY___ 
    "platform": {
2023-03-10 17:40:07,255 INFO     ___FILE_ONLY___ 
      "architecture": {
2023-03-10 17:40:07,255 INFO     ___FILE_ONLY___ 
        "file_name": "x86_64",
2023-03-10 17:40:07,255 INFO     ___FILE_ONLY___ 
        "id": "x86_64",
2023-03-10 17:40:07,256 INFO     ___FILE_ONLY___ 
        "name": "x86_64"
2023-03-10 17:40:07,256 INFO     ___FILE_ONLY___ 
      },
2023-03-10 17:40:07,256 INFO     ___FILE_ONLY___ 
      "operating_system": {
2023-03-10 17:40:07,256 INFO     ___FILE_ONLY___ 
        "file_name": "darwin",
2023-03-10 17:40:07,256 INFO     ___FILE_ONLY___ 
        "id": "MACOSX",
2023-03-10 17:40:07,256 INFO     ___FILE_ONLY___ 
        "name": "Mac OS X"
2023-03-10 17:40:07,256 INFO     ___FILE_ONLY___ 
      }
2023-03-10 17:40:07,256 INFO     ___FILE_ONLY___ 
    },
2023-03-10 17:40:07,256 INFO     ___FILE_ONLY___ 
    "platform_required": false,
2023-03-10 17:40:07,256 INFO     ___FILE_ONLY___ 
    "size": 34129820,
2023-03-10 17:40:07,256 INFO     ___FILE_ONLY___ 
    "state": {
2023-03-10 17:40:07,256 INFO     ___FILE_ONLY___ 
      "name": "Installed"
2023-03-10 17:40:07,256 INFO     ___FILE_ONLY___ 
    }
2023-03-10 17:40:07,257 INFO     ___FILE_ONLY___ 
  }
2023-03-10 17:40:07,257 INFO     ___FILE_ONLY___ ,
  {
2023-03-10 17:40:07,257 INFO     ___FILE_ONLY___ 
    "current_version_string": "1.39.3",
2023-03-10 17:40:07,257 INFO     ___FILE_ONLY___ 
    "id": "skaffold",
2023-03-10 17:40:07,257 INFO     ___FILE_ONLY___ 
    "is_configuration": false,
2023-03-10 17:40:07,258 INFO     ___FILE_ONLY___ 
    "is_hidden": false,
2023-03-10 17:40:07,258 INFO     ___FILE_ONLY___ 
    "latest_version_string": "2.1.0",
2023-03-10 17:40:07,258 INFO     ___FILE_ONLY___ 
    "name": "Skaffold",
2023-03-10 17:40:07,258 INFO     ___FILE_ONLY___ 
    "platform": {
2023-03-10 17:40:07,258 INFO     ___FILE_ONLY___ 
      "architecture": {
2023-03-10 17:40:07,258 INFO     ___FILE_ONLY___ 
        "file_name": "x86_64",
2023-03-10 17:40:07,258 INFO     ___FILE_ONLY___ 
        "id": "x86_64",
2023-03-10 17:40:07,258 INFO     ___FILE_ONLY___ 
        "name": "x86_64"
2023-03-10 17:40:07,258 INFO     ___FILE_ONLY___ 
      },
2023-03-10 17:40:07,258 INFO     ___FILE_ONLY___ 
      "operating_system": {
2023-03-10 17:40:07,258 INFO     ___FILE_ONLY___ 
        "file_name": "darwin",
2023-03-10 17:40:07,258 INFO     ___FILE_ONLY___ 
        "id": "MACOSX",
2023-03-10 17:40:07,258 INFO     ___FILE_ONLY___ 
        "name": "Mac OS X"
2023-03-10 17:40:07,259 INFO     ___FILE_ONLY___ 
      }
2023-03-10 17:40:07,259 INFO     ___FILE_ONLY___ 
    },
2023-03-10 17:40:07,259 INFO     ___FILE_ONLY___ 
    "platform_required": false,
2023-03-10 17:40:07,259 INFO     ___FILE_ONLY___ 
    "size": 22875453,
2023-03-10 17:40:07,259 INFO     ___FILE_ONLY___ 
    "state": {
2023-03-10 17:40:07,259 INFO     ___FILE_ONLY___ 
      "name": "Installed"
2023-03-10 17:40:07,259 INFO     ___FILE_ONLY___ 
    }
2023-03-10 17:40:07,259 INFO     ___FILE_ONLY___ 
  }
2023-03-10 17:40:07,260 INFO     ___FILE_ONLY___ ,
  {
2023-03-10 17:40:07,260 INFO     ___FILE_ONLY___ 
    "current_version_string": "2023.03.03",
2023-03-10 17:40:07,260 INFO     ___FILE_ONLY___ 
    "id": "alpha",
2023-03-10 17:40:07,260 INFO     ___FILE_ONLY___ 
    "is_configuration": false,
2023-03-10 17:40:07,260 INFO     ___FILE_ONLY___ 
    "is_hidden": false,
2023-03-10 17:40:07,260 INFO     ___FILE_ONLY___ 
    "latest_version_string": "2023.03.03",
2023-03-10 17:40:07,260 INFO     ___FILE_ONLY___ 
    "name": "gcloud Alpha Commands",
2023-03-10 17:40:07,260 INFO     ___FILE_ONLY___ 
    "platform": {
2023-03-10 17:40:07,260 INFO     ___FILE_ONLY___ 
      "architecture": {
2023-03-10 17:40:07,260 INFO     ___FILE_ONLY___ 
        "file_name": "x86_64",
2023-03-10 17:40:07,260 INFO     ___FILE_ONLY___ 
        "id": "x86_64",
2023-03-10 17:40:07,261 INFO     ___FILE_ONLY___ 
        "name": "x86_64"
2023-03-10 17:40:07,261 INFO     ___FILE_ONLY___ 
      },
2023-03-10 17:40:07,261 INFO     ___FILE_ONLY___ 
      "operating_system": {
2023-03-10 17:40:07,261 INFO     ___FILE_ONLY___ 
        "file_name": "darwin",
2023-03-10 17:40:07,261 INFO     ___FILE_ONLY___ 
        "id": "MACOSX",
2023-03-10 17:40:07,261 INFO     ___FILE_ONLY___ 
        "name": "Mac OS X"
2023-03-10 17:40:07,261 INFO     ___FILE_ONLY___ 
      }
2023-03-10 17:40:07,261 INFO     ___FILE_ONLY___ 
    },
2023-03-10 17:40:07,261 INFO     ___FILE_ONLY___ 
    "platform_required": false,
2023-03-10 17:40:07,261 INFO     ___FILE_ONLY___ 
    "size": 800,
2023-03-10 17:40:07,261 INFO     ___FILE_ONLY___ 
    "state": {
2023-03-10 17:40:07,261 INFO     ___FILE_ONLY___ 
      "name": "Installed"
2023-03-10 17:40:07,261 INFO     ___FILE_ONLY___ 
    }
2023-03-10 17:40:07,262 INFO     ___FILE_ONLY___ 
  }
2023-03-10 17:40:07,262 INFO     ___FILE_ONLY___ ,
  {
2023-03-10 17:40:07,263 INFO     ___FILE_ONLY___ 
    "current_version_string": "2023.03.03",
2023-03-10 17:40:07,263 INFO     ___FILE_ONLY___ 
    "id": "beta",
2023-03-10 17:40:07,263 INFO     ___FILE_ONLY___ 
    "is_configuration": false,
2023-03-10 17:40:07,263 INFO     ___FILE_ONLY___ 
    "is_hidden": false,
2023-03-10 17:40:07,263 INFO     ___FILE_ONLY___ 
    "latest_version_string": "2023.03.03",
2023-03-10 17:40:07,263 INFO     ___FILE_ONLY___ 
    "name": "gcloud Beta Commands",
2023-03-10 17:40:07,263 INFO     ___FILE_ONLY___ 
    "platform": {
2023-03-10 17:40:07,263 INFO     ___FILE_ONLY___ 
      "architecture": {
2023-03-10 17:40:07,263 INFO     ___FILE_ONLY___ 
        "file_name": "x86_64",
2023-03-10 17:40:07,263 INFO     ___FILE_ONLY___ 
        "id": "x86_64",
2023-03-10 17:40:07,263 INFO     ___FILE_ONLY___ 
        "name": "x86_64"
2023-03-10 17:40:07,263 INFO     ___FILE_ONLY___ 
      },
2023-03-10 17:40:07,264 INFO     ___FILE_ONLY___ 
      "operating_system": {
2023-03-10 17:40:07,264 INFO     ___FILE_ONLY___ 
        "file_name": "darwin",
2023-03-10 17:40:07,264 INFO     ___FILE_ONLY___ 
        "id": "MACOSX",
2023-03-10 17:40:07,264 INFO     ___FILE_ONLY___ 
        "name": "Mac OS X"
2023-03-10 17:40:07,264 INFO     ___FILE_ONLY___ 
      }
2023-03-10 17:40:07,264 INFO     ___FILE_ONLY___ 
    },
2023-03-10 17:40:07,264 INFO     ___FILE_ONLY___ 
    "platform_required": false,
2023-03-10 17:40:07,264 INFO     ___FILE_ONLY___ 
    "size": 797,
2023-03-10 17:40:07,264 INFO     ___FILE_ONLY___ 
    "state": {
2023-03-10 17:40:07,265 INFO     ___FILE_ONLY___ 
      "name": "Installed"
2023-03-10 17:40:07,265 INFO     ___FILE_ONLY___ 
    }
2023-03-10 17:40:07,265 INFO     ___FILE_ONLY___ 
  }
2023-03-10 17:40:07,265 INFO     ___FILE_ONLY___ ,
  {
2023-03-10 17:40:07,266 INFO     ___FILE_ONLY___ 
    "current_version_string": "0.4.0",
2023-03-10 17:40:07,266 INFO     ___FILE_ONLY___ 
    "id": "gke-gcloud-auth-plugin",
2023-03-10 17:40:07,266 INFO     ___FILE_ONLY___ 
    "is_configuration": false,
2023-03-10 17:40:07,266 INFO     ___FILE_ONLY___ 
    "is_hidden": false,
2023-03-10 17:40:07,266 INFO     ___FILE_ONLY___ 
    "latest_version_string": "0.5.0",
2023-03-10 17:40:07,266 INFO     ___FILE_ONLY___ 
    "name": "gke-gcloud-auth-plugin",
2023-03-10 17:40:07,266 INFO     ___FILE_ONLY___ 
    "platform": {
2023-03-10 17:40:07,266 INFO     ___FILE_ONLY___ 
      "architecture": {
2023-03-10 17:40:07,266 INFO     ___FILE_ONLY___ 
        "file_name": "x86_64",
2023-03-10 17:40:07,266 INFO     ___FILE_ONLY___ 
        "id": "x86_64",
2023-03-10 17:40:07,266 INFO     ___FILE_ONLY___ 
        "name": "x86_64"
2023-03-10 17:40:07,266 INFO     ___FILE_ONLY___ 
      },
2023-03-10 17:40:07,267 INFO     ___FILE_ONLY___ 
      "operating_system": {
2023-03-10 17:40:07,267 INFO     ___FILE_ONLY___ 
        "file_name": "darwin",
2023-03-10 17:40:07,267 INFO     ___FILE_ONLY___ 
        "id": "MACOSX",
2023-03-10 17:40:07,267 INFO     ___FILE_ONLY___ 
        "name": "Mac OS X"
2023-03-10 17:40:07,267 INFO     ___FILE_ONLY___ 
      }
2023-03-10 17:40:07,267 INFO     ___FILE_ONLY___ 
    },
2023-03-10 17:40:07,267 INFO     ___FILE_ONLY___ 
    "platform_required": false,
2023-03-10 17:40:07,267 INFO     ___FILE_ONLY___ 
    "size": 7839640,
2023-03-10 17:40:07,267 INFO     ___FILE_ONLY___ 
    "state": {
2023-03-10 17:40:07,267 INFO     ___FILE_ONLY___ 
      "name": "Installed"
2023-03-10 17:40:07,267 INFO     ___FILE_ONLY___ 
    }
2023-03-10 17:40:07,267 INFO     ___FILE_ONLY___ 
  }
2023-03-10 17:40:07,268 INFO     ___FILE_ONLY___ ,
  {
2023-03-10 17:40:07,269 INFO     ___FILE_ONLY___ 
    "current_version_string": "1.24.11",
2023-03-10 17:40:07,269 INFO     ___FILE_ONLY___ 
    "id": "kubectl",
2023-03-10 17:40:07,269 INFO     ___FILE_ONLY___ 
    "is_configuration": false,
2023-03-10 17:40:07,269 INFO     ___FILE_ONLY___ 
    "is_hidden": false,
2023-03-10 17:40:07,269 INFO     ___FILE_ONLY___ 
    "latest_version_string": "1.24.11",
2023-03-10 17:40:07,269 INFO     ___FILE_ONLY___ 
    "name": "kubectl",
2023-03-10 17:40:07,269 INFO     ___FILE_ONLY___ 
    "platform": {
2023-03-10 17:40:07,269 INFO     ___FILE_ONLY___ 
      "architecture": {
2023-03-10 17:40:07,269 INFO     ___FILE_ONLY___ 
        "file_name": "x86_64",
2023-03-10 17:40:07,269 INFO     ___FILE_ONLY___ 
        "id": "x86_64",
2023-03-10 17:40:07,270 INFO     ___FILE_ONLY___ 
        "name": "x86_64"
2023-03-10 17:40:07,270 INFO     ___FILE_ONLY___ 
      },
2023-03-10 17:40:07,270 INFO     ___FILE_ONLY___ 
      "operating_system": {
2023-03-10 17:40:07,270 INFO     ___FILE_ONLY___ 
        "file_name": "darwin",
2023-03-10 17:40:07,270 INFO     ___FILE_ONLY___ 
        "id": "MACOSX",
2023-03-10 17:40:07,270 INFO     ___FILE_ONLY___ 
        "name": "Mac OS X"
2023-03-10 17:40:07,270 INFO     ___FILE_ONLY___ 
      }
2023-03-10 17:40:07,270 INFO     ___FILE_ONLY___ 
    },
2023-03-10 17:40:07,270 INFO     ___FILE_ONLY___ 
    "platform_required": true,
2023-03-10 17:40:07,270 INFO     ___FILE_ONLY___ 
    "size": 35450,
2023-03-10 17:40:07,270 INFO     ___FILE_ONLY___ 
    "state": {
2023-03-10 17:40:07,270 INFO     ___FILE_ONLY___ 
      "name": "Installed"
2023-03-10 17:40:07,270 INFO     ___FILE_ONLY___ 
    }
2023-03-10 17:40:07,271 INFO     ___FILE_ONLY___ 
  }
2023-03-10 17:40:07,271 INFO     ___FILE_ONLY___ 
]

